<?xml version="1.0" encoding="UTF-8"?>
<coverage generated="1779976611803" clover="3.2.0">
  <project timestamp="1779976611803" name="All files">
    <metrics statements="2338" coveredstatements="525" conditionals="2531" coveredconditionals="280" methods="286" coveredmethods="86" elements="5155" coveredelements="891" complexity="0" loc="2338" ncloc="2338" packages="8" files="12" classes="12"/>
    <package name="services.crm">
      <metrics statements="202" coveredstatements="0" conditionals="160" coveredconditionals="0" methods="23" coveredmethods="0"/>
      <file name="CRMQueueService.ts" path="/Users/kimtrungduong/Downloads/deplao-builder-main/src/services/crm/CRMQueueService.ts">
        <metrics statements="202" coveredstatements="0" conditionals="160" coveredconditionals="0" methods="23" coveredmethods="0"/>
        <line num="1" count="0" type="stmt"/>
        <line num="2" count="0" type="stmt"/>
        <line num="3" count="0" type="stmt"/>
        <line num="4" count="0" type="stmt"/>
        <line num="5" count="0" type="stmt"/>
        <line num="14" count="0" type="stmt"/>
        <line num="15" count="0" type="stmt"/>
        <line num="16" count="0" type="stmt"/>
        <line num="18" count="0" type="stmt"/>
        <line num="19" count="0" type="stmt"/>
        <line num="21" count="0" type="stmt"/>
        <line num="22" count="0" type="stmt"/>
        <line num="23" count="0" type="stmt"/>
        <line num="24" count="0" type="stmt"/>
        <line num="27" count="0" type="cond" truecount="0" falsecount="1"/>
        <line num="28" count="0" type="stmt"/>
        <line num="33" count="0" type="cond" truecount="0" falsecount="1"/>
        <line num="34" count="0" type="stmt"/>
        <line num="35" count="0" type="cond" truecount="0" falsecount="2"/>
        <line num="36" count="0" type="stmt"/>
        <line num="37" count="0" type="stmt"/>
        <line num="40" count="0" type="stmt"/>
        <line num="42" count="0" type="stmt"/>
        <line num="43" count="0" type="stmt"/>
        <line num="48" count="0" type="stmt"/>
        <line num="49" count="0" type="cond" truecount="0" falsecount="1"/>
        <line num="51" count="0" type="stmt"/>
        <line num="52" count="0" type="stmt"/>
        <line num="53" count="0" type="stmt"/>
        <line num="54" count="0" type="stmt"/>
        <line num="55" count="0" type="stmt"/>
        <line num="57" count="0" type="stmt"/>
        <line num="69" count="0" type="stmt"/>
        <line num="70" count="0" type="cond" truecount="0" falsecount="1"/>
        <line num="74" count="0" type="stmt"/>
        <line num="84" count="0" type="stmt"/>
        <line num="85" count="0" type="stmt"/>
        <line num="86" count="0" type="stmt"/>
        <line num="87" count="0" type="stmt"/>
        <line num="88" count="0" type="stmt"/>
        <line num="91" count="0" type="stmt"/>
        <line num="96" count="0" type="stmt"/>
        <line num="97" count="0" type="cond" truecount="0" falsecount="2"/>
        <line num="98" count="0" type="stmt"/>
        <line num="99" count="0" type="stmt"/>
        <line num="100" count="0" type="cond" truecount="0" falsecount="1"/>
        <line num="101" count="0" type="cond" truecount="0" falsecount="2"/>
        <line num="102" count="0" type="stmt"/>
        <line num="103" count="0" type="stmt"/>
        <line num="108" count="0" type="cond" truecount="0" falsecount="1"/>
        <line num="112" count="0" type="stmt"/>
        <line num="114" count="0" type="cond" truecount="0" falsecount="2"/>
        <line num="115" count="0" type="cond" truecount="0" falsecount="1"/>
        <line num="116" count="0" type="stmt"/>
        <line num="117" count="0" type="stmt"/>
        <line num="118" count="0" type="stmt"/>
        <line num="121" count="0" type="stmt"/>
        <line num="122" count="0" type="stmt"/>
        <line num="123" count="0" type="cond" truecount="0" falsecount="1"/>
        <line num="124" count="0" type="stmt"/>
        <line num="125" count="0" type="stmt"/>
        <line num="129" count="0" type="cond" truecount="0" falsecount="2"/>
        <line num="130" count="0" type="stmt"/>
        <line num="131" count="0" type="cond" truecount="0" falsecount="2"/>
        <line num="132" count="0" type="cond" truecount="0" falsecount="1"/>
        <line num="135" count="0" type="stmt"/>
        <line num="136" count="0" type="cond" truecount="0" falsecount="1"/>
        <line num="137" count="0" type="stmt"/>
        <line num="138" count="0" type="stmt"/>
        <line num="141" count="0" type="stmt"/>
        <line num="145" count="0" type="stmt"/>
        <line num="146" count="0" type="stmt"/>
        <line num="149" count="0" type="stmt"/>
        <line num="150" count="0" type="cond" truecount="0" falsecount="2"/>
        <line num="154" count="0" type="cond" truecount="0" falsecount="2"/>
        <line num="155" count="0" type="stmt"/>
        <line num="156" count="0" type="cond" truecount="0" falsecount="7"/>
        <line num="159" count="0" type="stmt"/>
        <line num="160" count="0" type="cond" truecount="0" falsecount="2"/>
        <line num="161" count="0" type="cond" truecount="0" falsecount="2"/>
        <line num="162" count="0" type="cond" truecount="0" falsecount="2"/>
        <line num="168" count="0" type="stmt"/>
        <line num="169" count="0" type="stmt"/>
        <line num="170" count="0" type="stmt"/>
        <line num="171" count="0" type="cond" truecount="0" falsecount="5"/>
        <line num="173" count="0" type="stmt"/>
        <line num="176" count="0" type="cond" truecount="0" falsecount="2"/>
        <line num="180" count="0" type="cond" truecount="0" falsecount="2"/>
        <line num="181" count="0" type="cond" truecount="0" falsecount="2"/>
        <line num="182" count="0" type="cond" truecount="0" falsecount="2"/>
        <line num="184" count="0" type="stmt"/>
        <line num="188" count="0" type="stmt"/>
        <line num="189" count="0" type="cond" truecount="0" falsecount="2"/>
        <line num="190" count="0" type="cond" truecount="0" falsecount="1"/>
        <line num="191" count="0" type="stmt"/>
        <line num="193" count="0" type="cond" truecount="0" falsecount="2"/>
        <line num="194" count="0" type="cond" truecount="0" falsecount="2"/>
        <line num="195" count="0" type="stmt"/>
        <line num="196" count="0" type="stmt"/>
        <line num="197" count="0" type="cond" truecount="0" falsecount="1"/>
        <line num="199" count="0" type="stmt"/>
        <line num="200" count="0" type="stmt"/>
        <line num="205" count="0" type="cond" truecount="0" falsecount="4"/>
        <line num="208" count="0" type="stmt"/>
        <line num="218" count="0" type="stmt"/>
        <line num="219" count="0" type="cond" truecount="0" falsecount="2"/>
        <line num="221" count="0" type="stmt"/>
        <line num="222" count="0" type="stmt"/>
        <line num="223" count="0" type="cond" truecount="0" falsecount="1"/>
        <line num="224" count="0" type="stmt"/>
        <line num="226" count="0" type="cond" truecount="0" falsecount="2"/>
        <line num="227" count="0" type="stmt"/>
        <line num="228" count="0" type="stmt"/>
        <line num="232" count="0" type="cond" truecount="0" falsecount="4"/>
        <line num="234" count="0" type="stmt"/>
        <line num="235" count="0" type="stmt"/>
        <line num="236" count="0" type="stmt"/>
        <line num="237" count="0" type="cond" truecount="0" falsecount="2"/>
        <line num="238" count="0" type="stmt"/>
        <line num="239" count="0" type="stmt"/>
        <line num="240" count="0" type="cond" truecount="0" falsecount="1"/>
        <line num="241" count="0" type="stmt"/>
        <line num="243" count="0" type="cond" truecount="0" falsecount="2"/>
        <line num="246" count="0" type="stmt"/>
        <line num="249" count="0" type="stmt"/>
        <line num="251" count="0" type="cond" truecount="0" falsecount="2"/>
        <line num="252" count="0" type="stmt"/>
        <line num="253" count="0" type="stmt"/>
        <line num="254" count="0" type="stmt"/>
        <line num="256" count="0" type="stmt"/>
        <line num="258" count="0" type="cond" truecount="0" falsecount="3"/>
        <line num="259" count="0" type="stmt"/>
        <line num="260" count="0" type="stmt"/>
        <line num="261" count="0" type="stmt"/>
        <line num="265" count="0" type="stmt"/>
        <line num="268" count="0" type="cond" truecount="0" falsecount="3"/>
        <line num="269" count="0" type="stmt"/>
        <line num="270" count="0" type="stmt"/>
        <line num="274" count="0" type="stmt"/>
        <line num="275" count="0" type="stmt"/>
        <line num="278" count="0" type="cond" truecount="0" falsecount="4"/>
        <line num="280" count="0" type="cond" truecount="0" falsecount="2"/>
        <line num="282" count="0" type="stmt"/>
        <line num="283" count="0" type="stmt"/>
        <line num="284" count="0" type="cond" truecount="0" falsecount="2"/>
        <line num="286" count="0" type="cond" truecount="0" falsecount="2"/>
        <line num="287" count="0" type="stmt"/>
        <line num="288" count="0" type="stmt"/>
        <line num="289" count="0" type="stmt"/>
        <line num="290" count="0" type="stmt"/>
        <line num="292" count="0" type="stmt"/>
        <line num="293" count="0" type="stmt"/>
        <line num="300" count="0" type="cond" truecount="0" falsecount="2"/>
        <line num="302" count="0" type="stmt"/>
        <line num="303" count="0" type="stmt"/>
        <line num="304" count="0" type="stmt"/>
        <line num="305" count="0" type="stmt"/>
        <line num="308" count="0" type="cond" truecount="0" falsecount="2"/>
        <line num="310" count="0" type="stmt"/>
        <line num="311" count="0" type="cond" truecount="0" falsecount="1"/>
        <line num="312" count="0" type="stmt"/>
        <line num="313" count="0" type="stmt"/>
        <line num="314" count="0" type="stmt"/>
        <line num="315" count="0" type="stmt"/>
        <line num="319" count="0" type="stmt"/>
        <line num="323" count="0" type="stmt"/>
        <line num="324" count="0" type="stmt"/>
        <line num="325" count="0" type="cond" truecount="0" falsecount="1"/>
        <line num="326" count="0" type="stmt"/>
        <line num="328" count="0" type="cond" truecount="0" falsecount="2"/>
        <line num="331" count="0" type="stmt"/>
        <line num="332" count="0" type="stmt"/>
        <line num="338" count="0" type="cond" truecount="0" falsecount="2"/>
        <line num="339" count="0" type="stmt"/>
        <line num="340" count="0" type="stmt"/>
        <line num="342" count="0" type="stmt"/>
        <line num="343" count="0" type="stmt"/>
        <line num="344" count="0" type="stmt"/>
        <line num="347" count="0" type="stmt"/>
        <line num="348" count="0" type="stmt"/>
        <line num="349" count="0" type="stmt"/>
        <line num="355" count="0" type="stmt"/>
        <line num="356" count="0" type="stmt"/>
        <line num="358" count="0" type="stmt"/>
        <line num="363" count="0" type="stmt"/>
        <line num="364" count="0" type="stmt"/>
        <line num="365" count="0" type="stmt"/>
        <line num="366" count="0" type="cond" truecount="0" falsecount="2"/>
        <line num="367" count="0" type="cond" truecount="0" falsecount="1"/>
        <line num="368" count="0" type="stmt"/>
        <line num="369" count="0" type="stmt"/>
        <line num="370" count="0" type="stmt"/>
        <line num="371" count="0" type="stmt"/>
        <line num="372" count="0" type="stmt"/>
        <line num="375" count="0" type="stmt"/>
        <line num="380" count="0" type="stmt"/>
        <line num="389" count="0" type="stmt"/>
        <line num="398" count="0" type="stmt"/>
        <line num="405" count="0" type="cond" truecount="0" falsecount="4"/>
        <line num="407" count="0" type="cond" truecount="0" falsecount="1"/>
        <line num="408" count="0" type="cond" truecount="0" falsecount="2"/>
        <line num="409" count="0" type="stmt"/>
      </file>
    </package>
    <package name="services.database">
      <metrics statements="220" coveredstatements="3" conditionals="22" coveredconditionals="0" methods="16" coveredmethods="0"/>
      <file name="DatabaseMigrations.ts" path="/Users/kimtrungduong/Downloads/deplao-builder-main/src/services/database/DatabaseMigrations.ts">
        <metrics statements="220" coveredstatements="3" conditionals="22" coveredconditionals="0" methods="16" coveredmethods="0"/>
        <line num="2" count="3" type="stmt"/>
        <line num="10" count="0" type="stmt"/>
        <line num="11" count="0" type="stmt"/>
        <line num="13" count="0" type="cond" truecount="0" falsecount="2"/>
        <line num="20" count="0" type="stmt"/>
        <line num="25" count="3" type="stmt"/>
        <line num="29" count="0" type="stmt"/>
        <line num="30" count="0" type="stmt"/>
        <line num="47" count="0" type="stmt"/>
        <line num="69" count="0" type="stmt"/>
        <line num="86" count="0" type="stmt"/>
        <line num="94" count="0" type="stmt"/>
        <line num="108" count="0" type="stmt"/>
        <line num="124" count="0" type="stmt"/>
        <line num="139" count="0" type="stmt"/>
        <line num="154" count="0" type="stmt"/>
        <line num="165" count="0" type="stmt"/>
        <line num="172" count="0" type="stmt"/>
        <line num="180" count="0" type="stmt"/>
        <line num="199" count="0" type="stmt"/>
        <line num="216" count="0" type="stmt"/>
        <line num="230" count="0" type="stmt"/>
        <line num="241" count="0" type="stmt"/>
        <line num="254" count="0" type="stmt"/>
        <line num="264" count="0" type="stmt"/>
        <line num="277" count="0" type="stmt"/>
        <line num="291" count="0" type="stmt"/>
        <line num="308" count="0" type="stmt"/>
        <line num="327" count="0" type="stmt"/>
        <line num="348" count="0" type="stmt"/>
        <line num="362" count="0" type="stmt"/>
        <line num="376" count="0" type="stmt"/>
        <line num="392" count="0" type="stmt"/>
        <line num="408" count="0" type="stmt"/>
        <line num="423" count="0" type="stmt"/>
        <line num="444" count="0" type="stmt"/>
        <line num="458" count="0" type="stmt"/>
        <line num="473" count="0" type="stmt"/>
        <line num="492" count="0" type="stmt"/>
        <line num="513" count="0" type="stmt"/>
        <line num="536" count="0" type="stmt"/>
        <line num="537" count="0" type="stmt"/>
        <line num="552" count="0" type="stmt"/>
        <line num="581" count="0" type="stmt"/>
        <line num="591" count="0" type="stmt"/>
        <line num="603" count="0" type="stmt"/>
        <line num="617" count="0" type="stmt"/>
        <line num="631" count="0" type="stmt"/>
        <line num="643" count="0" type="stmt"/>
        <line num="665" count="0" type="stmt"/>
        <line num="676" count="0" type="stmt"/>
        <line num="687" count="0" type="stmt"/>
        <line num="704" count="0" type="stmt"/>
        <line num="712" count="0" type="stmt"/>
        <line num="721" count="0" type="stmt"/>
        <line num="732" count="0" type="stmt"/>
        <line num="742" count="0" type="stmt"/>
        <line num="753" count="0" type="stmt"/>
        <line num="763" count="0" type="stmt"/>
        <line num="773" count="0" type="stmt"/>
        <line num="786" count="0" type="stmt"/>
        <line num="797" count="0" type="stmt"/>
        <line num="817" count="0" type="stmt"/>
        <line num="832" count="0" type="stmt"/>
        <line num="853" count="0" type="stmt"/>
        <line num="873" count="0" type="stmt"/>
        <line num="875" count="0" type="stmt"/>
        <line num="876" count="0" type="stmt"/>
        <line num="877" count="0" type="stmt"/>
        <line num="878" count="0" type="stmt"/>
        <line num="879" count="0" type="stmt"/>
        <line num="882" count="0" type="stmt"/>
        <line num="885" count="0" type="stmt"/>
        <line num="886" count="0" type="stmt"/>
        <line num="887" count="0" type="stmt"/>
        <line num="891" count="0" type="stmt"/>
        <line num="892" count="0" type="stmt"/>
        <line num="893" count="0" type="stmt"/>
        <line num="896" count="0" type="stmt"/>
        <line num="897" count="0" type="stmt"/>
        <line num="903" count="0" type="stmt"/>
        <line num="905" count="0" type="stmt"/>
        <line num="906" count="0" type="stmt"/>
        <line num="907" count="0" type="cond" truecount="0" falsecount="1"/>
        <line num="908" count="0" type="stmt"/>
        <line num="909" count="0" type="cond" truecount="0" falsecount="3"/>
        <line num="910" count="0" type="stmt"/>
        <line num="911" count="0" type="cond" truecount="0" falsecount="3"/>
        <line num="912" count="0" type="stmt"/>
        <line num="917" count="0" type="stmt"/>
        <line num="925" count="0" type="stmt"/>
        <line num="939" count="0" type="stmt"/>
        <line num="940" count="0" type="stmt"/>
        <line num="941" count="0" type="stmt"/>
        <line num="945" count="0" type="stmt"/>
        <line num="946" count="0" type="stmt"/>
        <line num="947" count="0" type="cond" truecount="0" falsecount="1"/>
        <line num="948" count="0" type="stmt"/>
        <line num="953" count="0" type="stmt"/>
        <line num="954" count="0" type="cond" truecount="0" falsecount="1"/>
        <line num="955" count="0" type="stmt"/>
        <line num="956" count="0" type="cond" truecount="0" falsecount="2"/>
        <line num="957" count="0" type="stmt"/>
        <line num="959" count="0" type="stmt"/>
        <line num="970" count="0" type="stmt"/>
        <line num="972" count="0" type="stmt"/>
        <line num="973" count="0" type="stmt"/>
        <line num="974" count="0" type="cond" truecount="0" falsecount="1"/>
        <line num="975" count="0" type="stmt"/>
        <line num="978" count="0" type="stmt"/>
        <line num="979" count="0" type="cond" truecount="0" falsecount="1"/>
        <line num="980" count="0" type="stmt"/>
        <line num="983" count="0" type="stmt"/>
        <line num="991" count="0" type="stmt"/>
        <line num="992" count="0" type="stmt"/>
        <line num="993" count="0" type="stmt"/>
        <line num="996" count="0" type="stmt"/>
        <line num="999" count="0" type="stmt"/>
        <line num="1000" count="0" type="stmt"/>
        <line num="1006" count="0" type="stmt"/>
        <line num="1008" count="0" type="stmt"/>
        <line num="1009" count="0" type="stmt"/>
        <line num="1010" count="0" type="stmt"/>
        <line num="1011" count="0" type="stmt"/>
        <line num="1012" count="0" type="stmt"/>
        <line num="1013" count="0" type="stmt"/>
        <line num="1014" count="0" type="stmt"/>
        <line num="1015" count="0" type="stmt"/>
        <line num="1016" count="0" type="stmt"/>
        <line num="1019" count="0" type="stmt"/>
        <line num="1020" count="0" type="stmt"/>
        <line num="1021" count="0" type="cond" truecount="0" falsecount="3"/>
        <line num="1022" count="0" type="stmt"/>
        <line num="1023" count="0" type="stmt"/>
        <line num="1024" count="0" type="stmt"/>
        <line num="1025" count="0" type="stmt"/>
        <line num="1026" count="0" type="stmt"/>
        <line num="1034" count="0" type="stmt"/>
        <line num="1036" count="0" type="stmt"/>
        <line num="1037" count="0" type="stmt"/>
        <line num="1038" count="0" type="stmt"/>
        <line num="1039" count="0" type="stmt"/>
        <line num="1040" count="0" type="stmt"/>
        <line num="1041" count="0" type="stmt"/>
        <line num="1044" count="0" type="stmt"/>
        <line num="1047" count="0" type="stmt"/>
        <line num="1048" count="0" type="stmt"/>
        <line num="1051" count="0" type="stmt"/>
        <line num="1052" count="0" type="stmt"/>
        <line num="1053" count="0" type="stmt"/>
        <line num="1056" count="0" type="stmt"/>
        <line num="1057" count="0" type="stmt"/>
        <line num="1058" count="0" type="stmt"/>
        <line num="1064" count="0" type="stmt"/>
        <line num="1066" count="0" type="stmt"/>
        <line num="1076" count="0" type="stmt"/>
        <line num="1078" count="0" type="stmt"/>
        <line num="1093" count="0" type="stmt"/>
        <line num="1094" count="0" type="stmt"/>
        <line num="1100" count="0" type="stmt"/>
        <line num="1102" count="0" type="stmt"/>
        <line num="1112" count="0" type="stmt"/>
        <line num="1115" count="0" type="stmt"/>
        <line num="1128" count="0" type="stmt"/>
        <line num="1131" count="0" type="stmt"/>
        <line num="1132" count="0" type="stmt"/>
        <line num="1138" count="0" type="stmt"/>
        <line num="1140" count="0" type="stmt"/>
        <line num="1156" count="0" type="stmt"/>
        <line num="1167" count="0" type="stmt"/>
        <line num="1177" count="0" type="stmt"/>
        <line num="1190" count="0" type="stmt"/>
        <line num="1191" count="0" type="stmt"/>
        <line num="1192" count="0" type="stmt"/>
        <line num="1194" count="0" type="stmt"/>
        <line num="1210" count="0" type="stmt"/>
        <line num="1212" count="0" type="stmt"/>
        <line num="1222" count="0" type="stmt"/>
        <line num="1225" count="0" type="stmt"/>
        <line num="1228" count="0" type="stmt"/>
        <line num="1229" count="0" type="stmt"/>
        <line num="1230" count="0" type="stmt"/>
        <line num="1233" count="0" type="stmt"/>
        <line num="1239" count="0" type="stmt"/>
        <line num="1241" count="0" type="stmt"/>
        <line num="1242" count="0" type="stmt"/>
        <line num="1243" count="0" type="stmt"/>
        <line num="1250" count="0" type="stmt"/>
        <line num="1253" count="0" type="stmt"/>
        <line num="1254" count="0" type="stmt"/>
        <line num="1255" count="0" type="stmt"/>
        <line num="1256" count="0" type="stmt"/>
        <line num="1259" count="0" type="stmt"/>
        <line num="1260" count="0" type="stmt"/>
        <line num="1263" count="0" type="stmt"/>
        <line num="1266" count="0" type="stmt"/>
        <line num="1267" count="0" type="stmt"/>
        <line num="1270" count="0" type="stmt"/>
        <line num="1273" count="0" type="stmt"/>
        <line num="1275" count="0" type="stmt"/>
        <line num="1280" count="3" type="stmt"/>
        <line num="1281" count="0" type="stmt"/>
        <line num="1282" count="0" type="stmt"/>
        <line num="1289" count="0" type="stmt"/>
        <line num="1290" count="0" type="stmt"/>
        <line num="1291" count="0" type="stmt"/>
        <line num="1292" count="0" type="stmt"/>
        <line num="1293" count="0" type="stmt"/>
        <line num="1296" count="0" type="stmt"/>
        <line num="1299" count="0" type="stmt"/>
        <line num="1300" count="0" type="cond" truecount="0" falsecount="1"/>
        <line num="1301" count="0" type="stmt"/>
        <line num="1302" count="0" type="stmt"/>
        <line num="1303" count="0" type="stmt"/>
        <line num="1304" count="0" type="stmt"/>
        <line num="1305" count="0" type="stmt"/>
        <line num="1307" count="0" type="stmt"/>
        <line num="1309" count="0" type="stmt"/>
        <line num="1310" count="0" type="stmt"/>
        <line num="1314" count="0" type="stmt"/>
      </file>
    </package>
    <package name="services.event">
      <metrics statements="584" coveredstatements="43" conditionals="745" coveredconditionals="19" methods="71" coveredmethods="10"/>
      <file name="EventBroadcaster.ts" path="/Users/kimtrungduong/Downloads/deplao-builder-main/src/services/event/EventBroadcaster.ts">
        <metrics statements="584" coveredstatements="43" conditionals="745" coveredconditionals="19" methods="71" coveredmethods="10"/>
        <line num="2" count="2" type="stmt"/>
        <line num="3" count="2" type="stmt"/>
        <line num="4" count="2" type="stmt"/>
        <line num="5" count="2" type="stmt"/>
        <line num="8" count="2" type="stmt"/>
        <line num="9" count="2" type="stmt"/>
        <line num="10" count="1" type="stmt"/>
        <line num="18" count="2" type="stmt"/>
        <line num="20" count="2" type="stmt"/>
        <line num="22" count="2" type="stmt"/>
        <line num="29" count="1" type="stmt"/>
        <line num="31" count="1" type="cond" truecount="3" falsecount="0"/>
        <line num="33" count="1" type="cond" truecount="0" falsecount="1"/>
        <line num="34" count="0" type="stmt"/>
        <line num="35" count="0" type="cond" truecount="0" falsecount="1"/>
        <line num="37" count="1" type="stmt"/>
        <line num="42" count="6" type="stmt"/>
        <line num="47" count="28" type="stmt"/>
        <line num="52" count="0" type="stmt"/>
        <line num="53" count="0" type="stmt"/>
        <line num="54" count="0" type="stmt"/>
        <line num="55" count="0" type="stmt"/>
        <line num="56" count="0" type="cond" truecount="0" falsecount="1"/>
        <line num="57" count="0" type="stmt"/>
        <line num="58" count="0" type="cond" truecount="0" falsecount="1"/>
        <line num="59" count="0" type="cond" truecount="0" falsecount="2"/>
        <line num="62" count="0" type="stmt"/>
        <line num="64" count="0" type="stmt"/>
        <line num="69" count="0" type="stmt"/>
        <line num="70" count="0" type="stmt"/>
        <line num="71" count="0" type="cond" truecount="0" falsecount="2"/>
        <line num="72" count="0" type="stmt"/>
        <line num="74" count="0" type="stmt"/>
        <line num="79" count="0" type="stmt"/>
        <line num="80" count="0" type="cond" truecount="0" falsecount="2"/>
        <line num="81" count="0" type="stmt"/>
        <line num="83" count="0" type="stmt"/>
        <line num="93" count="7" type="cond" truecount="1" falsecount="0"/>
        <line num="94" count="6" type="stmt"/>
        <line num="96" count="7" type="stmt"/>
        <line num="98" count="7" type="cond" truecount="1" falsecount="0"/>
        <line num="99" count="7" type="stmt"/>
        <line num="102" count="7" type="stmt"/>
        <line num="103" count="1" type="stmt"/>
        <line num="104" count="1" type="cond" truecount="1" falsecount="0"/>
        <line num="105" count="1" type="stmt"/>
        <line num="106" count="1" type="cond" truecount="1" falsecount="0"/>
        <line num="115" count="11" type="stmt"/>
        <line num="120" count="28" type="stmt"/>
        <line num="121" count="28" type="cond" truecount="3" falsecount="0"/>
        <line num="122" count="3" type="stmt"/>
        <line num="123" count="4" type="stmt"/>
        <line num="126" count="28" type="cond" truecount="3" falsecount="0"/>
        <line num="127" count="6" type="stmt"/>
        <line num="137" count="1" type="cond" truecount="3" falsecount="0"/>
        <line num="138" count="1" type="stmt"/>
        <line num="149" count="1" type="stmt"/>
        <line num="150" count="1" type="cond" truecount="3" falsecount="0"/>
        <line num="151" count="1" type="stmt"/>
        <line num="152" count="1" type="stmt"/>
        <line num="166" count="0" type="cond" truecount="0" falsecount="3"/>
        <line num="167" count="0" type="stmt"/>
        <line num="168" count="0" type="cond" truecount="0" falsecount="2"/>
        <line num="172" count="0" type="cond" truecount="0" falsecount="2"/>
        <line num="173" count="0" type="cond" truecount="0" falsecount="1"/>
        <line num="174" count="0" type="stmt"/>
        <line num="177" count="0" type="cond" truecount="0" falsecount="4"/>
        <line num="178" count="0" type="cond" truecount="0" falsecount="2"/>
        <line num="181" count="0" type="cond" truecount="0" falsecount="3"/>
        <line num="182" count="0" type="cond" truecount="0" falsecount="2"/>
        <line num="185" count="0" type="cond" truecount="0" falsecount="1"/>
        <line num="187" count="0" type="stmt"/>
        <line num="188" count="0" type="cond" truecount="0" falsecount="2"/>
        <line num="190" count="0" type="cond" truecount="0" falsecount="1"/>
        <line num="194" count="0" type="cond" truecount="0" falsecount="3"/>
        <line num="199" count="0" type="cond" truecount="0" falsecount="2"/>
        <line num="211" count="0" type="stmt"/>
        <line num="216" count="0" type="stmt"/>
        <line num="217" count="0" type="stmt"/>
        <line num="218" count="0" type="cond" truecount="0" falsecount="1"/>
        <line num="219" count="0" type="stmt"/>
        <line num="220" count="0" type="stmt"/>
        <line num="221" count="0" type="stmt"/>
        <line num="222" count="0" type="stmt"/>
        <line num="223" count="0" type="cond" truecount="0" falsecount="1"/>
        <line num="224" count="0" type="stmt"/>
        <line num="225" count="0" type="cond" truecount="0" falsecount="1"/>
        <line num="226" count="0" type="cond" truecount="0" falsecount="2"/>
        <line num="233" count="0" type="cond" truecount="0" falsecount="1"/>
        <line num="234" count="0" type="stmt"/>
        <line num="235" count="0" type="cond" truecount="0" falsecount="3"/>
        <line num="236" count="0" type="stmt"/>
        <line num="239" count="0" type="stmt"/>
        <line num="248" count="0" type="cond" truecount="0" falsecount="2"/>
        <line num="249" count="0" type="stmt"/>
        <line num="250" count="0" type="cond" truecount="0" falsecount="1"/>
        <line num="255" count="0" type="stmt"/>
        <line num="256" count="0" type="cond" truecount="0" falsecount="3"/>
        <line num="257" count="0" type="cond" truecount="0" falsecount="2"/>
        <line num="258" count="0" type="cond" truecount="0" falsecount="2"/>
        <line num="259" count="0" type="stmt"/>
        <line num="260" count="0" type="stmt"/>
        <line num="268" count="0" type="stmt"/>
        <line num="269" count="0" type="cond" truecount="0" falsecount="2"/>
        <line num="272" count="0" type="cond" truecount="0" falsecount="2"/>
        <line num="273" count="0" type="stmt"/>
        <line num="274" count="0" type="cond" truecount="0" falsecount="2"/>
        <line num="277" count="0" type="cond" truecount="0" falsecount="2"/>
        <line num="278" count="0" type="cond" truecount="0" falsecount="3"/>
        <line num="282" count="0" type="cond" truecount="0" falsecount="1"/>
        <line num="283" count="0" type="cond" truecount="0" falsecount="2"/>
        <line num="286" count="0" type="cond" truecount="0" falsecount="3"/>
        <line num="288" count="0" type="cond" truecount="0" falsecount="3"/>
        <line num="289" count="0" type="stmt"/>
        <line num="290" count="0" type="cond" truecount="0" falsecount="2"/>
        <line num="291" count="0" type="stmt"/>
        <line num="292" count="0" type="stmt"/>
        <line num="295" count="0" type="cond" truecount="0" falsecount="3"/>
        <line num="297" count="0" type="cond" truecount="0" falsecount="3"/>
        <line num="300" count="0" type="stmt"/>
        <line num="301" count="0" type="cond" truecount="0" falsecount="2"/>
        <line num="303" count="0" type="stmt"/>
        <line num="304" count="0" type="stmt"/>
        <line num="305" count="0" type="cond" truecount="0" falsecount="2"/>
        <line num="306" count="0" type="stmt"/>
        <line num="307" count="0" type="cond" truecount="0" falsecount="2"/>
        <line num="308" count="0" type="cond" truecount="0" falsecount="3"/>
        <line num="310" count="0" type="cond" truecount="0" falsecount="4"/>
        <line num="311" count="0" type="stmt"/>
        <line num="312" count="0" type="cond" truecount="0" falsecount="2"/>
        <line num="313" count="0" type="cond" truecount="0" falsecount="5"/>
        <line num="316" count="0" type="cond" truecount="0" falsecount="1"/>
        <line num="317" count="0" type="stmt"/>
        <line num="318" count="0" type="cond" truecount="0" falsecount="2"/>
        <line num="319" count="0" type="cond" truecount="0" falsecount="5"/>
        <line num="320" count="0" type="cond" truecount="0" falsecount="2"/>
        <line num="322" count="0" type="stmt"/>
        <line num="334" count="0" type="cond" truecount="0" falsecount="2"/>
        <line num="335" count="0" type="cond" truecount="0" falsecount="3"/>
        <line num="336" count="0" type="stmt"/>
        <line num="347" count="0" type="stmt"/>
        <line num="351" count="0" type="stmt"/>
        <line num="358" count="0" type="stmt"/>
        <line num="363" count="0" type="stmt"/>
        <line num="373" count="0" type="stmt"/>
        <line num="378" count="0" type="cond" truecount="0" falsecount="3"/>
        <line num="379" count="0" type="stmt"/>
        <line num="380" count="0" type="stmt"/>
        <line num="381" count="0" type="cond" truecount="0" falsecount="4"/>
        <line num="382" count="0" type="cond" truecount="0" falsecount="2"/>
        <line num="383" count="0" type="cond" truecount="0" falsecount="1"/>
        <line num="384" count="0" type="cond" truecount="0" falsecount="2"/>
        <line num="387" count="0" type="cond" truecount="0" falsecount="2"/>
        <line num="388" count="0" type="cond" truecount="0" falsecount="2"/>
        <line num="389" count="0" type="cond" truecount="0" falsecount="3"/>
        <line num="390" count="0" type="cond" truecount="0" falsecount="2"/>
        <line num="391" count="0" type="cond" truecount="0" falsecount="2"/>
        <line num="392" count="0" type="stmt"/>
        <line num="393" count="0" type="cond" truecount="0" falsecount="2"/>
        <line num="397" count="0" type="cond" truecount="0" falsecount="3"/>
        <line num="398" count="0" type="stmt"/>
        <line num="401" count="0" type="cond" truecount="0" falsecount="1"/>
        <line num="403" count="0" type="stmt"/>
        <line num="411" count="0" type="stmt"/>
        <line num="412" count="0" type="stmt"/>
        <line num="417" count="0" type="stmt"/>
        <line num="423" count="0" type="cond" truecount="0" falsecount="2"/>
        <line num="424" count="0" type="stmt"/>
        <line num="425" count="0" type="stmt"/>
        <line num="427" count="0" type="cond" truecount="0" falsecount="3"/>
        <line num="428" count="0" type="stmt"/>
        <line num="430" count="0" type="cond" truecount="0" falsecount="3"/>
        <line num="431" count="0" type="cond" truecount="0" falsecount="2"/>
        <line num="432" count="0" type="stmt"/>
        <line num="433" count="0" type="cond" truecount="0" falsecount="5"/>
        <line num="434" count="0" type="cond" truecount="0" falsecount="3"/>
        <line num="435" count="0" type="cond" truecount="0" falsecount="1"/>
        <line num="436" count="0" type="stmt"/>
        <line num="439" count="0" type="cond" truecount="0" falsecount="1"/>
        <line num="440" count="0" type="cond" truecount="0" falsecount="2"/>
        <line num="441" count="0" type="cond" truecount="0" falsecount="2"/>
        <line num="442" count="0" type="cond" truecount="0" falsecount="4"/>
        <line num="443" count="0" type="cond" truecount="0" falsecount="3"/>
        <line num="444" count="0" type="cond" truecount="0" falsecount="3"/>
        <line num="445" count="0" type="stmt"/>
        <line num="449" count="0" type="stmt"/>
        <line num="451" count="0" type="stmt"/>
        <line num="456" count="0" type="cond" truecount="0" falsecount="1"/>
        <line num="457" count="0" type="stmt"/>
        <line num="458" count="0" type="cond" truecount="0" falsecount="1"/>
        <line num="459" count="0" type="stmt"/>
        <line num="461" count="0" type="stmt"/>
        <line num="462" count="0" type="stmt"/>
        <line num="463" count="0" type="cond" truecount="0" falsecount="2"/>
        <line num="464" count="0" type="cond" truecount="0" falsecount="2"/>
        <line num="465" count="0" type="cond" truecount="0" falsecount="2"/>
        <line num="466" count="0" type="cond" truecount="0" falsecount="1"/>
        <line num="467" count="0" type="stmt"/>
        <line num="468" count="0" type="stmt"/>
        <line num="469" count="0" type="cond" truecount="0" falsecount="2"/>
        <line num="470" count="0" type="stmt"/>
        <line num="472" count="0" type="stmt"/>
        <line num="474" count="0" type="stmt"/>
        <line num="477" count="0" type="cond" truecount="0" falsecount="1"/>
        <line num="478" count="0" type="stmt"/>
        <line num="487" count="0" type="stmt"/>
        <line num="495" count="0" type="stmt"/>
        <line num="498" count="0" type="stmt"/>
        <line num="503" count="0" type="cond" truecount="0" falsecount="2"/>
        <line num="504" count="0" type="cond" truecount="0" falsecount="1"/>
        <line num="505" count="0" type="stmt"/>
        <line num="506" count="0" type="cond" truecount="0" falsecount="4"/>
        <line num="507" count="0" type="stmt"/>
        <line num="512" count="0" type="cond" truecount="0" falsecount="1"/>
        <line num="514" count="0" type="cond" truecount="0" falsecount="3"/>
        <line num="515" count="0" type="stmt"/>
        <line num="516" count="0" type="stmt"/>
        <line num="521" count="0" type="cond" truecount="0" falsecount="3"/>
        <line num="522" count="0" type="cond" truecount="0" falsecount="2"/>
        <line num="523" count="0" type="stmt"/>
        <line num="524" count="0" type="cond" truecount="0" falsecount="5"/>
        <line num="525" count="0" type="cond" truecount="0" falsecount="3"/>
        <line num="526" count="0" type="cond" truecount="0" falsecount="1"/>
        <line num="527" count="0" type="stmt"/>
        <line num="530" count="0" type="stmt"/>
        <line num="535" count="0" type="cond" truecount="0" falsecount="1"/>
        <line num="536" count="0" type="cond" truecount="0" falsecount="2"/>
        <line num="537" count="0" type="cond" truecount="0" falsecount="2"/>
        <line num="538" count="0" type="cond" truecount="0" falsecount="4"/>
        <line num="539" count="0" type="cond" truecount="0" falsecount="3"/>
        <line num="540" count="0" type="cond" truecount="0" falsecount="3"/>
        <line num="541" count="0" type="stmt"/>
        <line num="542" count="0" type="stmt"/>
        <line num="548" count="0" type="stmt"/>
        <line num="549" count="0" type="cond" truecount="0" falsecount="2"/>
        <line num="550" count="0" type="cond" truecount="0" falsecount="2"/>
        <line num="554" count="0" type="stmt"/>
        <line num="555" count="0" type="cond" truecount="0" falsecount="2"/>
        <line num="558" count="0" type="stmt"/>
        <line num="559" count="0" type="cond" truecount="0" falsecount="4"/>
        <line num="566" count="0" type="cond" truecount="0" falsecount="7"/>
        <line num="572" count="0" type="stmt"/>
        <line num="574" count="0" type="cond" truecount="0" falsecount="6"/>
        <line num="575" count="0" type="cond" truecount="0" falsecount="2"/>
        <line num="576" count="0" type="cond" truecount="0" falsecount="1"/>
        <line num="577" count="0" type="stmt"/>
        <line num="578" count="0" type="stmt"/>
        <line num="579" count="0" type="stmt"/>
        <line num="583" count="0" type="stmt"/>
        <line num="584" count="0" type="stmt"/>
        <line num="588" count="0" type="cond" truecount="0" falsecount="6"/>
        <line num="589" count="0" type="cond" truecount="0" falsecount="2"/>
        <line num="590" count="0" type="cond" truecount="0" falsecount="2"/>
        <line num="592" count="0" type="stmt"/>
        <line num="595" count="0" type="cond" truecount="0" falsecount="1"/>
        <line num="596" count="0" type="stmt"/>
        <line num="598" count="0" type="cond" truecount="0" falsecount="1"/>
        <line num="599" count="0" type="stmt"/>
        <line num="600" count="0" type="stmt"/>
        <line num="605" count="0" type="stmt"/>
        <line num="610" count="0" type="cond" truecount="0" falsecount="1"/>
        <line num="611" count="0" type="stmt"/>
        <line num="613" count="0" type="cond" truecount="0" falsecount="1"/>
        <line num="614" count="0" type="stmt"/>
        <line num="615" count="0" type="stmt"/>
        <line num="619" count="0" type="stmt"/>
        <line num="621" count="0" type="stmt"/>
        <line num="625" count="0" type="stmt"/>
        <line num="628" count="0" type="stmt"/>
        <line num="631" count="0" type="stmt"/>
        <line num="632" count="0" type="cond" truecount="0" falsecount="1"/>
        <line num="633" count="0" type="cond" truecount="0" falsecount="1"/>
        <line num="634" count="0" type="stmt"/>
        <line num="636" count="0" type="cond" truecount="0" falsecount="4"/>
        <line num="638" count="0" type="cond" truecount="0" falsecount="10"/>
        <line num="645" count="0" type="cond" truecount="0" falsecount="13"/>
        <line num="653" count="0" type="cond" truecount="0" falsecount="6"/>
        <line num="654" count="0" type="stmt"/>
        <line num="655" count="0" type="cond" truecount="0" falsecount="1"/>
        <line num="656" count="0" type="stmt"/>
        <line num="657" count="0" type="stmt"/>
        <line num="658" count="0" type="stmt"/>
        <line num="659" count="0" type="stmt"/>
        <line num="660" count="0" type="stmt"/>
        <line num="666" count="0" type="cond" truecount="0" falsecount="1"/>
        <line num="667" count="0" type="stmt"/>
        <line num="669" count="0" type="cond" truecount="0" falsecount="2"/>
        <line num="670" count="0" type="cond" truecount="0" falsecount="1"/>
        <line num="671" count="0" type="cond" truecount="0" falsecount="2"/>
        <line num="672" count="0" type="cond" truecount="0" falsecount="2"/>
        <line num="673" count="0" type="cond" truecount="0" falsecount="3"/>
        <line num="674" count="0" type="cond" truecount="0" falsecount="4"/>
        <line num="676" count="0" type="cond" truecount="0" falsecount="3"/>
        <line num="677" count="0" type="cond" truecount="0" falsecount="2"/>
        <line num="678" count="0" type="cond" truecount="0" falsecount="2"/>
        <line num="679" count="0" type="cond" truecount="0" falsecount="1"/>
        <line num="680" count="0" type="cond" truecount="0" falsecount="2"/>
        <line num="681" count="0" type="stmt"/>
        <line num="682" count="0" type="stmt"/>
        <line num="688" count="0" type="cond" truecount="0" falsecount="6"/>
        <line num="689" count="0" type="cond" truecount="0" falsecount="2"/>
        <line num="690" count="0" type="cond" truecount="0" falsecount="2"/>
        <line num="691" count="0" type="cond" truecount="0" falsecount="3"/>
        <line num="693" count="0" type="stmt"/>
        <line num="694" count="0" type="stmt"/>
        <line num="695" count="0" type="stmt"/>
        <line num="696" count="0" type="cond" truecount="0" falsecount="4"/>
        <line num="697" count="0" type="stmt"/>
        <line num="699" count="0" type="cond" truecount="0" falsecount="2"/>
        <line num="700" count="0" type="stmt"/>
        <line num="701" count="0" type="cond" truecount="0" falsecount="3"/>
        <line num="702" count="0" type="cond" truecount="0" falsecount="4"/>
        <line num="704" count="0" type="stmt"/>
        <line num="705" count="0" type="stmt"/>
        <line num="706" count="0" type="stmt"/>
        <line num="707" count="0" type="stmt"/>
        <line num="708" count="0" type="stmt"/>
        <line num="713" count="0" type="cond" truecount="0" falsecount="3"/>
        <line num="714" count="0" type="stmt"/>
        <line num="715" count="0" type="stmt"/>
        <line num="719" count="0" type="stmt"/>
        <line num="722" count="0" type="cond" truecount="0" falsecount="2"/>
        <line num="724" count="0" type="stmt"/>
        <line num="725" count="0" type="cond" truecount="0" falsecount="2"/>
        <line num="729" count="0" type="stmt"/>
        <line num="732" count="0" type="stmt"/>
        <line num="735" count="0" type="stmt"/>
        <line num="743" count="0" type="stmt"/>
        <line num="744" count="0" type="stmt"/>
        <line num="751" count="0" type="stmt"/>
        <line num="752" count="0" type="cond" truecount="0" falsecount="2"/>
        <line num="761" count="0" type="stmt"/>
        <line num="764" count="0" type="cond" truecount="0" falsecount="1"/>
        <line num="765" count="0" type="stmt"/>
        <line num="766" count="0" type="cond" truecount="0" falsecount="2"/>
        <line num="767" count="0" type="cond" truecount="0" falsecount="3"/>
        <line num="768" count="0" type="cond" truecount="0" falsecount="3"/>
        <line num="769" count="0" type="cond" truecount="0" falsecount="2"/>
        <line num="772" count="0" type="cond" truecount="0" falsecount="5"/>
        <line num="773" count="0" type="stmt"/>
        <line num="782" count="0" type="cond" truecount="0" falsecount="2"/>
        <line num="783" count="0" type="cond" truecount="0" falsecount="3"/>
        <line num="784" count="0" type="stmt"/>
        <line num="785" count="0" type="stmt"/>
        <line num="789" count="0" type="stmt"/>
        <line num="793" count="0" type="stmt"/>
        <line num="808" count="0" type="stmt"/>
        <line num="809" count="0" type="cond" truecount="0" falsecount="1"/>
        <line num="810" count="0" type="stmt"/>
        <line num="811" count="0" type="stmt"/>
        <line num="814" count="0" type="stmt"/>
        <line num="815" count="0" type="stmt"/>
        <line num="820" count="0" type="stmt"/>
        <line num="822" count="0" type="stmt"/>
        <line num="824" count="0" type="stmt"/>
        <line num="835" count="0" type="stmt"/>
        <line num="836" count="0" type="cond" truecount="0" falsecount="1"/>
        <line num="837" count="0" type="stmt"/>
        <line num="838" count="0" type="stmt"/>
        <line num="841" count="0" type="stmt"/>
        <line num="842" count="0" type="stmt"/>
        <line num="854" count="0" type="stmt"/>
        <line num="856" count="0" type="stmt"/>
        <line num="859" count="0" type="stmt"/>
        <line num="870" count="0" type="cond" truecount="0" falsecount="2"/>
        <line num="871" count="0" type="cond" truecount="0" falsecount="2"/>
        <line num="872" count="0" type="cond" truecount="0" falsecount="1"/>
        <line num="873" count="0" type="stmt"/>
        <line num="874" count="0" type="stmt"/>
        <line num="877" count="0" type="stmt"/>
        <line num="878" count="0" type="stmt"/>
        <line num="879" count="0" type="cond" truecount="0" falsecount="2"/>
        <line num="880" count="0" type="stmt"/>
        <line num="881" count="0" type="stmt"/>
        <line num="883" count="0" type="stmt"/>
        <line num="886" count="0" type="cond" truecount="0" falsecount="2"/>
        <line num="888" count="0" type="stmt"/>
        <line num="891" count="0" type="stmt"/>
        <line num="907" count="0" type="stmt"/>
        <line num="908" count="0" type="cond" truecount="0" falsecount="1"/>
        <line num="909" count="0" type="stmt"/>
        <line num="910" count="0" type="cond" truecount="0" falsecount="6"/>
        <line num="911" count="0" type="stmt"/>
        <line num="913" count="0" type="stmt"/>
        <line num="915" count="0" type="stmt"/>
        <line num="916" count="0" type="stmt"/>
        <line num="917" count="0" type="stmt"/>
        <line num="918" count="0" type="stmt"/>
        <line num="921" count="0" type="stmt"/>
        <line num="929" count="0" type="cond" truecount="0" falsecount="1"/>
        <line num="930" count="0" type="stmt"/>
        <line num="931" count="0" type="stmt"/>
        <line num="932" count="0" type="stmt"/>
        <line num="934" count="0" type="stmt"/>
        <line num="942" count="0" type="stmt"/>
        <line num="950" count="0" type="cond" truecount="0" falsecount="1"/>
        <line num="951" count="0" type="stmt"/>
        <line num="952" count="0" type="cond" truecount="0" falsecount="3"/>
        <line num="953" count="0" type="cond" truecount="0" falsecount="2"/>
        <line num="954" count="0" type="cond" truecount="0" falsecount="2"/>
        <line num="955" count="0" type="cond" truecount="0" falsecount="4"/>
        <line num="956" count="0" type="stmt"/>
        <line num="969" count="0" type="stmt"/>
        <line num="970" count="0" type="stmt"/>
        <line num="972" count="0" type="stmt"/>
        <line num="976" count="0" type="stmt"/>
        <line num="977" count="0" type="stmt"/>
        <line num="978" count="0" type="stmt"/>
        <line num="980" count="0" type="cond" truecount="0" falsecount="4"/>
        <line num="981" count="0" type="stmt"/>
        <line num="982" count="0" type="cond" truecount="0" falsecount="3"/>
        <line num="983" count="0" type="stmt"/>
        <line num="984" count="0" type="cond" truecount="0" falsecount="3"/>
        <line num="985" count="0" type="stmt"/>
        <line num="986" count="0" type="cond" truecount="0" falsecount="4"/>
        <line num="987" count="0" type="cond" truecount="0" falsecount="2"/>
        <line num="988" count="0" type="cond" truecount="0" falsecount="3"/>
        <line num="989" count="0" type="cond" truecount="0" falsecount="2"/>
        <line num="990" count="0" type="cond" truecount="0" falsecount="3"/>
        <line num="991" count="0" type="stmt"/>
        <line num="992" count="0" type="stmt"/>
        <line num="997" count="0" type="stmt"/>
        <line num="999" count="0" type="stmt"/>
        <line num="1004" count="0" type="stmt"/>
        <line num="1006" count="0" type="stmt"/>
        <line num="1007" count="0" type="cond" truecount="0" falsecount="1"/>
        <line num="1008" count="0" type="stmt"/>
        <line num="1009" count="0" type="cond" truecount="0" falsecount="3"/>
        <line num="1010" count="0" type="stmt"/>
        <line num="1011" count="0" type="cond" truecount="0" falsecount="3"/>
        <line num="1012" count="0" type="cond" truecount="0" falsecount="3"/>
        <line num="1013" count="0" type="cond" truecount="0" falsecount="1"/>
        <line num="1014" count="0" type="stmt"/>
        <line num="1015" count="0" type="stmt"/>
        <line num="1019" count="0" type="stmt"/>
        <line num="1022" count="0" type="stmt"/>
        <line num="1025" count="0" type="cond" truecount="0" falsecount="3"/>
        <line num="1026" count="0" type="stmt"/>
        <line num="1027" count="0" type="cond" truecount="0" falsecount="3"/>
        <line num="1028" count="0" type="cond" truecount="0" falsecount="2"/>
        <line num="1029" count="0" type="cond" truecount="0" falsecount="3"/>
        <line num="1030" count="0" type="stmt"/>
        <line num="1031" count="0" type="cond" truecount="0" falsecount="4"/>
        <line num="1032" count="0" type="cond" truecount="0" falsecount="2"/>
        <line num="1033" count="0" type="stmt"/>
        <line num="1034" count="0" type="cond" truecount="0" falsecount="1"/>
        <line num="1035" count="0" type="cond" truecount="0" falsecount="2"/>
        <line num="1036" count="0" type="cond" truecount="0" falsecount="3"/>
        <line num="1037" count="0" type="cond" truecount="0" falsecount="2"/>
        <line num="1038" count="0" type="cond" truecount="0" falsecount="1"/>
        <line num="1039" count="0" type="stmt"/>
        <line num="1040" count="0" type="stmt"/>
        <line num="1047" count="0" type="stmt"/>
        <line num="1052" count="0" type="cond" truecount="0" falsecount="1"/>
        <line num="1053" count="0" type="stmt"/>
        <line num="1054" count="0" type="stmt"/>
        <line num="1061" count="0" type="stmt"/>
        <line num="1064" count="0" type="cond" truecount="0" falsecount="3"/>
        <line num="1065" count="0" type="stmt"/>
        <line num="1066" count="0" type="cond" truecount="0" falsecount="3"/>
        <line num="1067" count="0" type="cond" truecount="0" falsecount="2"/>
        <line num="1068" count="0" type="cond" truecount="0" falsecount="2"/>
        <line num="1072" count="0" type="cond" truecount="0" falsecount="3"/>
        <line num="1073" count="0" type="cond" truecount="0" falsecount="2"/>
        <line num="1074" count="0" type="cond" truecount="0" falsecount="3"/>
        <line num="1075" count="0" type="cond" truecount="0" falsecount="2"/>
        <line num="1076" count="0" type="stmt"/>
        <line num="1077" count="0" type="stmt"/>
        <line num="1078" count="0" type="stmt"/>
        <line num="1079" count="0" type="cond" truecount="0" falsecount="2"/>
        <line num="1080" count="0" type="cond" truecount="0" falsecount="1"/>
        <line num="1081" count="0" type="cond" truecount="0" falsecount="6"/>
        <line num="1083" count="0" type="cond" truecount="0" falsecount="6"/>
        <line num="1084" count="0" type="stmt"/>
        <line num="1086" count="0" type="stmt"/>
        <line num="1087" count="0" type="stmt"/>
        <line num="1089" count="0" type="cond" truecount="0" falsecount="6"/>
        <line num="1090" count="0" type="stmt"/>
        <line num="1092" count="0" type="cond" truecount="0" falsecount="8"/>
        <line num="1093" count="0" type="stmt"/>
        <line num="1097" count="0" type="stmt"/>
        <line num="1100" count="0" type="stmt"/>
        <line num="1102" count="0" type="stmt"/>
        <line num="1106" count="0" type="cond" truecount="0" falsecount="4"/>
        <line num="1107" count="0" type="stmt"/>
        <line num="1115" count="2" type="stmt"/>
        <line num="1130" count="2" type="stmt"/>
        <line num="1135" count="2" type="stmt"/>
        <line num="1141" count="0" type="cond" truecount="0" falsecount="3"/>
        <line num="1142" count="0" type="cond" truecount="0" falsecount="2"/>
        <line num="1143" count="0" type="cond" truecount="0" falsecount="4"/>
        <line num="1144" count="0" type="cond" truecount="0" falsecount="2"/>
        <line num="1146" count="0" type="cond" truecount="0" falsecount="13"/>
        <line num="1148" count="0" type="stmt"/>
        <line num="1150" count="0" type="stmt"/>
        <line num="1152" count="0" type="stmt"/>
        <line num="1154" count="0" type="stmt"/>
        <line num="1156" count="0" type="cond" truecount="0" falsecount="2"/>
        <line num="1157" count="0" type="cond" truecount="0" falsecount="2"/>
        <line num="1158" count="0" type="cond" truecount="0" falsecount="2"/>
        <line num="1160" count="0" type="cond" truecount="0" falsecount="5"/>
        <line num="1161" count="0" type="stmt"/>
        <line num="1164" count="0" type="cond" truecount="0" falsecount="1"/>
        <line num="1165" count="0" type="stmt"/>
        <line num="1169" count="0" type="cond" truecount="0" falsecount="3"/>
        <line num="1170" count="0" type="stmt"/>
        <line num="1174" count="0" type="cond" truecount="0" falsecount="1"/>
        <line num="1175" count="0" type="stmt"/>
        <line num="1176" count="0" type="cond" truecount="0" falsecount="1"/>
        <line num="1177" count="0" type="stmt"/>
        <line num="1178" count="0" type="stmt"/>
        <line num="1179" count="0" type="cond" truecount="0" falsecount="3"/>
        <line num="1180" count="0" type="cond" truecount="0" falsecount="2"/>
        <line num="1188" count="0" type="cond" truecount="0" falsecount="3"/>
        <line num="1189" count="0" type="stmt"/>
        <line num="1190" count="0" type="stmt"/>
        <line num="1191" count="0" type="stmt"/>
        <line num="1192" count="0" type="stmt"/>
        <line num="1193" count="0" type="cond" truecount="0" falsecount="4"/>
        <line num="1194" count="0" type="cond" truecount="0" falsecount="2"/>
        <line num="1197" count="0" type="stmt"/>
        <line num="1198" count="0" type="cond" truecount="0" falsecount="1"/>
        <line num="1202" count="0" type="stmt"/>
        <line num="1205" count="0" type="cond" truecount="0" falsecount="6"/>
        <line num="1207" count="0" type="cond" truecount="0" falsecount="1"/>
        <line num="1208" count="0" type="stmt"/>
        <line num="1212" count="0" type="cond" truecount="0" falsecount="2"/>
        <line num="1213" count="0" type="cond" truecount="0" falsecount="2"/>
        <line num="1214" count="0" type="cond" truecount="0" falsecount="3"/>
        <line num="1215" count="0" type="cond" truecount="0" falsecount="4"/>
        <line num="1216" count="0" type="cond" truecount="0" falsecount="1"/>
        <line num="1217" count="0" type="stmt"/>
        <line num="1220" count="0" type="stmt"/>
        <line num="1222" count="0" type="stmt"/>
        <line num="1224" count="0" type="cond" truecount="0" falsecount="2"/>
        <line num="1225" count="0" type="cond" truecount="0" falsecount="3"/>
        <line num="1226" count="0" type="stmt"/>
        <line num="1229" count="0" type="cond" truecount="0" falsecount="2"/>
        <line num="1230" count="0" type="cond" truecount="0" falsecount="2"/>
        <line num="1231" count="0" type="stmt"/>
        <line num="1232" count="0" type="stmt"/>
        <line num="1233" count="0" type="cond" truecount="0" falsecount="2"/>
        <line num="1235" count="0" type="stmt"/>
        <line num="1237" count="0" type="cond" truecount="0" falsecount="2"/>
        <line num="1240" count="0" type="stmt"/>
        <line num="1248" count="0" type="cond" truecount="0" falsecount="1"/>
        <line num="1249" count="0" type="stmt"/>
        <line num="1250" count="0" type="stmt"/>
        <line num="1251" count="0" type="cond" truecount="0" falsecount="1"/>
        <line num="1253" count="0" type="stmt"/>
        <line num="1255" count="0" type="stmt"/>
        <line num="1263" count="0" type="cond" truecount="0" falsecount="1"/>
        <line num="1264" count="0" type="stmt"/>
        <line num="1265" count="0" type="stmt"/>
        <line num="1266" count="0" type="stmt"/>
        <line num="1267" count="0" type="stmt"/>
        <line num="1270" count="0" type="stmt"/>
        <line num="1272" count="0" type="stmt"/>
        <line num="1279" count="0" type="stmt"/>
        <line num="1280" count="0" type="stmt"/>
        <line num="1290" count="0" type="stmt"/>
        <line num="1291" count="0" type="cond" truecount="0" falsecount="2"/>
        <line num="1292" count="0" type="cond" truecount="0" falsecount="5"/>
        <line num="1297" count="0" type="cond" truecount="0" falsecount="4"/>
        <line num="1298" count="0" type="stmt"/>
        <line num="1299" count="0" type="cond" truecount="0" falsecount="3"/>
        <line num="1310" count="0" type="stmt"/>
        <line num="1311" count="0" type="cond" truecount="0" falsecount="2"/>
        <line num="1312" count="0" type="cond" truecount="0" falsecount="2"/>
        <line num="1314" count="0" type="cond" truecount="0" falsecount="3"/>
        <line num="1315" count="0" type="cond" truecount="0" falsecount="3"/>
        <line num="1316" count="0" type="cond" truecount="0" falsecount="2"/>
        <line num="1317" count="0" type="cond" truecount="0" falsecount="1"/>
        <line num="1318" count="0" type="stmt"/>
        <line num="1322" count="0" type="cond" truecount="0" falsecount="4"/>
        <line num="1323" count="0" type="cond" truecount="0" falsecount="4"/>
        <line num="1325" count="0" type="cond" truecount="0" falsecount="3"/>
        <line num="1326" count="0" type="cond" truecount="0" falsecount="1"/>
        <line num="1327" count="0" type="stmt"/>
        <line num="1331" count="0" type="stmt"/>
        <line num="1339" count="0" type="stmt"/>
        <line num="1347" count="0" type="stmt"/>
        <line num="1348" count="0" type="stmt"/>
        <line num="1352" count="2" type="stmt"/>
      </file>
    </package>
    <package name="services.license">
      <metrics statements="109" coveredstatements="96" conditionals="63" coveredconditionals="53" methods="15" coveredmethods="12"/>
      <file name="LicenseManager.ts" path="/Users/kimtrungduong/Downloads/deplao-builder-main/src/services/license/LicenseManager.ts">
        <metrics statements="109" coveredstatements="96" conditionals="63" coveredconditionals="53" methods="15" coveredmethods="12"/>
        <line num="1" count="1" type="stmt"/>
        <line num="2" count="1" type="stmt"/>
        <line num="3" count="1" type="stmt"/>
        <line num="4" count="1" type="stmt"/>
        <line num="5" count="1" type="stmt"/>
        <line num="10" count="1" type="stmt"/>
        <line num="12" count="6" type="cond" truecount="3" falsecount="0"/>
        <line num="18" count="6" type="cond" truecount="3" falsecount="0"/>
        <line num="24" count="1" type="stmt"/>
        <line num="26" count="1" type="stmt"/>
        <line num="58" count="1" type="stmt"/>
        <line num="60" count="1" type="stmt"/>
        <line num="64" count="0" type="stmt"/>
        <line num="67" count="13" type="stmt"/>
        <line num="72" count="4" type="stmt"/>
        <line num="73" count="4" type="stmt"/>
        <line num="85" count="3" type="stmt"/>
        <line num="88" count="3" type="cond" truecount="3" falsecount="0"/>
        <line num="89" count="2" type="stmt"/>
        <line num="90" count="2" type="cond" truecount="1" falsecount="0"/>
        <line num="91" count="2" type="stmt"/>
        <line num="92" count="2" type="cond" truecount="2" falsecount="1"/>
        <line num="94" count="2" type="stmt"/>
        <line num="95" count="2" type="stmt"/>
        <line num="108" count="3" type="cond" truecount="4" falsecount="0"/>
        <line num="109" count="1" type="stmt"/>
        <line num="112" count="3" type="stmt"/>
        <line num="114" count="1" type="stmt"/>
        <line num="123" count="2" type="stmt"/>
        <line num="124" count="2" type="stmt"/>
        <line num="134" count="1" type="stmt"/>
        <line num="136" count="1" type="cond" truecount="1" falsecount="0"/>
        <line num="137" count="1" type="cond" truecount="0" falsecount="1"/>
        <line num="138" count="0" type="stmt"/>
        <line num="143" count="1" type="stmt"/>
        <line num="144" count="1" type="stmt"/>
        <line num="147" count="0" type="stmt"/>
        <line num="149" count="1" type="stmt"/>
        <line num="150" count="1" type="cond" truecount="3" falsecount="0"/>
        <line num="151" count="1" type="stmt"/>
        <line num="153" count="0" type="stmt"/>
        <line num="162" count="4" type="stmt"/>
        <line num="163" count="4" type="stmt"/>
        <line num="164" count="4" type="stmt"/>
        <line num="165" count="4" type="stmt"/>
        <line num="168" count="4" type="stmt"/>
        <line num="169" count="4" type="cond" truecount="1" falsecount="0"/>
        <line num="170" count="4" type="stmt"/>
        <line num="173" count="4" type="cond" truecount="2" falsecount="0"/>
        <line num="174" count="3" type="stmt"/>
        <line num="175" count="3" type="stmt"/>
        <line num="177" count="1" type="stmt"/>
        <line num="180" count="0" type="stmt"/>
        <line num="185" count="9" type="stmt"/>
        <line num="186" count="9" type="stmt"/>
        <line num="187" count="9" type="cond" truecount="1" falsecount="0"/>
        <line num="188" count="7" type="stmt"/>
        <line num="190" count="7" type="cond" truecount="1" falsecount="1"/>
        <line num="191" count="7" type="stmt"/>
        <line num="193" count="0" type="stmt"/>
        <line num="195" count="7" type="stmt"/>
        <line num="197" count="0" type="stmt"/>
        <line num="202" count="7" type="cond" truecount="1" falsecount="0"/>
        <line num="203" count="6" type="stmt"/>
        <line num="204" count="6" type="stmt"/>
        <line num="205" count="6" type="stmt"/>
        <line num="206" count="6" type="cond" truecount="3" falsecount="0"/>
        <line num="207" count="4" type="cond" truecount="3" falsecount="0"/>
        <line num="208" count="3" type="stmt"/>
        <line num="209" count="3" type="cond" truecount="1" falsecount="0"/>
        <line num="211" count="3" type="stmt"/>
        <line num="215" count="6" type="stmt"/>
        <line num="216" count="6" type="cond" truecount="1" falsecount="0"/>
        <line num="217" count="5" type="cond" truecount="2" falsecount="0"/>
        <line num="218" count="1" type="stmt"/>
        <line num="219" count="1" type="stmt"/>
        <line num="220" count="4" type="cond" truecount="1" falsecount="0"/>
        <line num="221" count="4" type="stmt"/>
        <line num="222" count="4" type="stmt"/>
        <line num="223" count="4" type="stmt"/>
        <line num="224" count="4" type="stmt"/>
        <line num="225" count="4" type="stmt"/>
        <line num="226" count="4" type="stmt"/>
        <line num="227" count="4" type="cond" truecount="2" falsecount="0"/>
        <line num="229" count="5" type="stmt"/>
        <line num="234" count="4" type="cond" truecount="1" falsecount="0"/>
        <line num="235" count="1" type="stmt"/>
        <line num="238" count="3" type="stmt"/>
        <line num="239" count="3" type="cond" truecount="1" falsecount="0"/>
        <line num="240" count="2" type="cond" truecount="1" falsecount="0"/>
        <line num="241" count="1" type="cond" truecount="1" falsecount="0"/>
        <line num="242" count="1" type="stmt"/>
        <line num="246" count="0" type="stmt"/>
        <line num="247" count="0" type="stmt"/>
        <line num="252" count="0" type="stmt"/>
        <line num="253" count="0" type="stmt"/>
        <line num="254" count="0" type="cond" truecount="0" falsecount="1"/>
        <line num="255" count="0" type="stmt"/>
        <line num="261" count="5" type="cond" truecount="0" falsecount="1"/>
        <line num="262" count="5" type="cond" truecount="1" falsecount="0"/>
        <line num="263" count="4" type="cond" truecount="1" falsecount="1"/>
        <line num="264" count="4" type="stmt"/>
        <line num="265" count="4" type="cond" truecount="1" falsecount="0"/>
        <line num="266" count="3" type="cond" truecount="1" falsecount="0"/>
        <line num="267" count="2" type="cond" truecount="1" falsecount="0"/>
        <line num="268" count="1" type="stmt"/>
        <line num="272" count="4" type="stmt"/>
        <line num="284" count="4" type="cond" truecount="1" falsecount="1"/>
        <line num="288" count="1" type="stmt"/>
      </file>
    </package>
    <package name="services.workflow">
      <metrics statements="986" coveredstatements="191" conditionals="1395" coveredconditionals="99" methods="100" coveredmethods="29"/>
      <file name="WorkflowEngineService.ts" path="/Users/kimtrungduong/Downloads/deplao-builder-main/src/services/workflow/WorkflowEngineService.ts">
        <metrics statements="986" coveredstatements="191" conditionals="1395" coveredconditionals="99" methods="100" coveredmethods="29"/>
        <line num="1" count="2" type="stmt"/>
        <line num="2" count="2" type="stmt"/>
        <line num="3" count="2" type="stmt"/>
        <line num="4" count="2" type="stmt"/>
        <line num="5" count="2" type="stmt"/>
        <line num="6" count="2" type="stmt"/>
        <line num="7" count="2" type="stmt"/>
        <line num="8" count="2" type="stmt"/>
        <line num="9" count="2" type="stmt"/>
        <line num="10" count="2" type="stmt"/>
        <line num="11" count="2" type="stmt"/>
        <line num="12" count="2" type="stmt"/>
        <line num="13" count="2" type="stmt"/>
        <line num="14" count="2" type="stmt"/>
        <line num="15" count="2" type="stmt"/>
        <line num="125" count="2" type="stmt"/>
        <line num="126" count="2" type="stmt"/>
        <line num="129" count="2" type="stmt"/>
        <line num="131" count="2" type="stmt"/>
        <line num="132" count="2" type="stmt"/>
        <line num="135" count="0" type="cond" truecount="0" falsecount="2"/>
        <line num="136" count="0" type="stmt"/>
        <line num="137" count="0" type="cond" truecount="0" falsecount="2"/>
        <line num="138" count="0" type="stmt"/>
        <line num="139" count="0" type="stmt"/>
        <line num="141" count="0" type="cond" truecount="0" falsecount="1"/>
        <line num="142" count="0" type="stmt"/>
        <line num="143" count="0" type="stmt"/>
        <line num="144" count="0" type="stmt"/>
        <line num="146" count="0" type="stmt"/>
        <line num="149" count="2" type="stmt"/>
        <line num="150" count="2" type="stmt"/>
        <line num="153" count="4" type="cond" truecount="1" falsecount="0"/>
        <line num="154" count="4" type="stmt"/>
        <line num="158" count="0" type="stmt"/>
        <line num="159" count="0" type="stmt"/>
        <line num="160" count="0" type="stmt"/>
        <line num="161" count="0" type="stmt"/>
        <line num="162" count="0" type="stmt"/>
        <line num="166" count="1" type="cond" truecount="0" falsecount="1"/>
        <line num="168" count="1" type="stmt"/>
        <line num="169" count="8" type="cond" truecount="1" falsecount="1"/>
        <line num="171" count="8" type="stmt"/>
        <line num="172" count="8" type="cond" truecount="1" falsecount="1"/>
        <line num="174" count="0" type="stmt"/>
        <line num="175" count="0" type="stmt"/>
        <line num="176" count="0" type="stmt"/>
        <line num="179" count="8" type="stmt"/>
        <line num="181" count="8" type="cond" truecount="1" falsecount="0"/>
        <line num="182" count="1" type="stmt"/>
        <line num="183" count="1" type="stmt"/>
        <line num="184" count="1" type="stmt"/>
        <line num="188" count="7" type="stmt"/>
        <line num="189" count="7" type="cond" truecount="2" falsecount="1"/>
        <line num="190" count="0" type="stmt"/>
        <line num="191" count="0" type="stmt"/>
        <line num="192" count="0" type="stmt"/>
        <line num="195" count="7" type="stmt"/>
        <line num="196" count="7" type="stmt"/>
        <line num="198" count="7" type="cond" truecount="1" falsecount="0"/>
        <line num="199" count="1" type="stmt"/>
        <line num="200" count="1" type="stmt"/>
        <line num="201" count="1" type="stmt"/>
        <line num="204" count="6" type="cond" truecount="1" falsecount="0"/>
        <line num="205" count="1" type="stmt"/>
        <line num="206" count="1" type="stmt"/>
        <line num="207" count="1" type="stmt"/>
        <line num="210" count="5" type="stmt"/>
        <line num="211" count="5" type="cond" truecount="1" falsecount="0"/>
        <line num="212" count="1" type="stmt"/>
        <line num="213" count="1" type="stmt"/>
        <line num="214" count="1" type="stmt"/>
        <line num="218" count="4" type="stmt"/>
        <line num="219" count="4" type="cond" truecount="1" falsecount="0"/>
        <line num="220" count="4" type="cond" truecount="2" falsecount="0"/>
        <line num="221" count="4" type="cond" truecount="2" falsecount="0"/>
        <line num="222" count="4" type="cond" truecount="2" falsecount="0"/>
        <line num="224" count="4" type="cond" truecount="1" falsecount="0"/>
        <line num="225" count="2" type="stmt"/>
        <line num="226" count="2" type="stmt"/>
        <line num="227" count="2" type="stmt"/>
        <line num="231" count="2" type="stmt"/>
        <line num="232" count="2" type="stmt"/>
        <line num="233" count="2" type="stmt"/>
        <line num="234" count="2" type="stmt"/>
        <line num="235" count="2" type="stmt"/>
        <line num="236" count="2" type="cond" truecount="1" falsecount="0"/>
        <line num="237" count="2" type="stmt"/>
        <line num="238" count="2" type="stmt"/>
        <line num="240" count="0" type="stmt"/>
        <line num="245" count="2" type="stmt"/>
        <line num="246" count="2" type="stmt"/>
        <line num="247" count="2" type="stmt"/>
        <line num="250" count="2" type="stmt"/>
        <line num="258" count="2" type="stmt"/>
        <line num="260" count="2" type="stmt"/>
        <line num="263" count="0" type="stmt"/>
        <line num="266" count="2" type="stmt"/>
        <line num="267" count="2" type="stmt"/>
        <line num="269" count="0" type="stmt"/>
        <line num="270" count="0" type="stmt"/>
        <line num="275" count="1" type="stmt"/>
        <line num="276" count="0" type="stmt"/>
        <line num="279" count="1" type="stmt"/>
        <line num="280" count="1" type="stmt"/>
        <line num="285" count="1" type="cond" truecount="1" falsecount="0"/>
        <line num="286" count="1" type="stmt"/>
        <line num="287" count="1" type="stmt"/>
        <line num="288" count="1" type="stmt"/>
        <line num="293" count="3" type="cond" truecount="1" falsecount="1"/>
        <line num="297" count="3" type="stmt"/>
        <line num="303" count="0" type="stmt"/>
        <line num="304" count="0" type="stmt"/>
        <line num="305" count="0" type="stmt"/>
        <line num="306" count="0" type="stmt"/>
        <line num="307" count="0" type="cond" truecount="0" falsecount="3"/>
        <line num="308" count="0" type="stmt"/>
        <line num="318" count="0" type="stmt"/>
        <line num="320" count="0" type="stmt"/>
        <line num="326" count="0" type="stmt"/>
        <line num="327" count="0" type="cond" truecount="0" falsecount="1"/>
        <line num="328" count="0" type="stmt"/>
        <line num="329" count="0" type="cond" truecount="0" falsecount="3"/>
        <line num="330" count="0" type="stmt"/>
        <line num="340" count="0" type="stmt"/>
        <line num="341" count="0" type="stmt"/>
        <line num="342" count="0" type="cond" truecount="0" falsecount="3"/>
        <line num="344" count="0" type="stmt"/>
        <line num="349" count="0" type="stmt"/>
        <line num="350" count="0" type="stmt"/>
        <line num="352" count="0" type="stmt"/>
        <line num="357" count="0" type="stmt"/>
        <line num="358" count="0" type="stmt"/>
        <line num="359" count="0" type="cond" truecount="0" falsecount="1"/>
        <line num="360" count="0" type="stmt"/>
        <line num="361" count="0" type="stmt"/>
        <line num="362" count="0" type="stmt"/>
        <line num="370" count="0" type="stmt"/>
        <line num="379" count="0" type="stmt"/>
        <line num="380" count="0" type="stmt"/>
        <line num="381" count="0" type="stmt"/>
        <line num="384" count="0" type="cond" truecount="0" falsecount="1"/>
        <line num="385" count="0" type="stmt"/>
        <line num="386" count="0" type="cond" truecount="0" falsecount="4"/>
        <line num="387" count="0" type="stmt"/>
        <line num="388" count="0" type="stmt"/>
        <line num="389" count="0" type="stmt"/>
        <line num="390" count="0" type="cond" truecount="0" falsecount="1"/>
        <line num="391" count="0" type="stmt"/>
        <line num="393" count="0" type="stmt"/>
        <line num="401" count="0" type="stmt"/>
        <line num="405" count="0" type="stmt"/>
        <line num="429" count="0" type="stmt"/>
        <line num="435" count="0" type="stmt"/>
        <line num="436" count="0" type="cond" truecount="0" falsecount="3"/>
        <line num="441" count="0" type="cond" truecount="0" falsecount="1"/>
        <line num="442" count="0" type="stmt"/>
        <line num="443" count="0" type="cond" truecount="0" falsecount="1"/>
        <line num="444" count="0" type="cond" truecount="0" falsecount="2"/>
        <line num="445" count="0" type="cond" truecount="0" falsecount="3"/>
        <line num="447" count="0" type="cond" truecount="0" falsecount="2"/>
        <line num="448" count="0" type="stmt"/>
        <line num="449" count="0" type="stmt"/>
        <line num="450" count="0" type="stmt"/>
        <line num="453" count="0" type="stmt"/>
        <line num="454" count="0" type="stmt"/>
        <line num="458" count="0" type="stmt"/>
        <line num="459" count="0" type="cond" truecount="0" falsecount="1"/>
        <line num="465" count="0" type="stmt"/>
        <line num="466" count="0" type="cond" truecount="0" falsecount="1"/>
        <line num="467" count="0" type="cond" truecount="0" falsecount="1"/>
        <line num="468" count="0" type="stmt"/>
        <line num="469" count="0" type="cond" truecount="0" falsecount="1"/>
        <line num="471" count="0" type="cond" truecount="0" falsecount="4"/>
        <line num="472" count="0" type="cond" truecount="0" falsecount="1"/>
        <line num="475" count="0" type="cond" truecount="0" falsecount="2"/>
        <line num="476" count="0" type="cond" truecount="0" falsecount="3"/>
        <line num="477" count="0" type="cond" truecount="0" falsecount="3"/>
        <line num="478" count="0" type="cond" truecount="0" falsecount="3"/>
        <line num="479" count="0" type="stmt"/>
        <line num="482" count="0" type="cond" truecount="0" falsecount="1"/>
        <line num="483" count="0" type="stmt"/>
        <line num="485" count="0" type="stmt"/>
        <line num="488" count="0" type="stmt"/>
        <line num="489" count="0" type="cond" truecount="0" falsecount="1"/>
        <line num="491" count="0" type="stmt"/>
        <line num="492" count="0" type="stmt"/>
        <line num="493" count="0" type="cond" truecount="0" falsecount="2"/>
        <line num="494" count="0" type="stmt"/>
        <line num="496" count="0" type="cond" truecount="0" falsecount="1"/>
        <line num="499" count="0" type="stmt"/>
        <line num="500" count="0" type="cond" truecount="0" falsecount="1"/>
        <line num="502" count="0" type="stmt"/>
        <line num="503" count="0" type="stmt"/>
        <line num="504" count="0" type="cond" truecount="0" falsecount="3"/>
        <line num="505" count="0" type="cond" truecount="0" falsecount="2"/>
        <line num="506" count="0" type="cond" truecount="0" falsecount="3"/>
        <line num="507" count="0" type="cond" truecount="0" falsecount="5"/>
        <line num="508" count="0" type="cond" truecount="0" falsecount="1"/>
        <line num="511" count="0" type="cond" truecount="0" falsecount="3"/>
        <line num="512" count="0" type="cond" truecount="0" falsecount="2"/>
        <line num="513" count="0" type="stmt"/>
        <line num="514" count="0" type="cond" truecount="0" falsecount="4"/>
        <line num="515" count="0" type="stmt"/>
        <line num="517" count="0" type="stmt"/>
        <line num="519" count="0" type="stmt"/>
        <line num="522" count="0" type="stmt"/>
        <line num="523" count="0" type="stmt"/>
        <line num="527" count="0" type="stmt"/>
        <line num="530" count="0" type="cond" truecount="0" falsecount="1"/>
        <line num="531" count="0" type="stmt"/>
        <line num="532" count="0" type="cond" truecount="0" falsecount="1"/>
        <line num="533" count="0" type="stmt"/>
        <line num="534" count="0" type="stmt"/>
        <line num="535" count="0" type="stmt"/>
        <line num="539" count="0" type="stmt"/>
        <line num="540" count="0" type="stmt"/>
        <line num="543" count="0" type="stmt"/>
        <line num="544" count="0" type="stmt"/>
        <line num="550" count="0" type="stmt"/>
        <line num="552" count="0" type="cond" truecount="0" falsecount="1"/>
        <line num="556" count="0" type="cond" truecount="0" falsecount="3"/>
        <line num="557" count="0" type="cond" truecount="0" falsecount="2"/>
        <line num="559" count="0" type="cond" truecount="0" falsecount="2"/>
        <line num="560" count="0" type="cond" truecount="0" falsecount="3"/>
        <line num="561" count="0" type="cond" truecount="0" falsecount="3"/>
[...]
        <line num="2104" count="1" type="cond" truecount="0" falsecount="3"/>
        <line num="2105" count="1" type="cond" truecount="0" falsecount="3"/>
        <line num="2106" count="1" type="cond" truecount="0" falsecount="1"/>
        <line num="2107" count="1" type="cond" truecount="0" falsecount="1"/>
        <line num="2108" count="1" type="cond" truecount="1" falsecount="0"/>
        <line num="2109" count="1" type="stmt"/>
        <line num="2110" count="1" type="stmt"/>
        <line num="2111" count="1" type="cond" truecount="0" falsecount="1"/>
        <line num="2112" count="1" type="stmt"/>
        <line num="2113" count="1" type="stmt"/>
        <line num="2115" count="1" type="stmt"/>
        <line num="2116" count="3" type="stmt"/>
        <line num="2117" count="2" type="cond" truecount="2" falsecount="0"/>
        <line num="2118" count="2" type="cond" truecount="3" falsecount="0"/>
        <line num="2119" count="1" type="stmt"/>
        <line num="2121" count="1" type="cond" truecount="5" falsecount="1"/>
        <line num="2122" count="1" type="cond" truecount="1" falsecount="3"/>
        <line num="2124" count="1" type="cond" truecount="1" falsecount="1"/>
        <line num="2129" count="0" type="stmt"/>
        <line num="2134" count="1" type="stmt"/>
        <line num="2135" count="1" type="cond" truecount="2" falsecount="1"/>
        <line num="2136" count="1" type="cond" truecount="0" falsecount="1"/>
        <line num="2137" count="0" type="stmt"/>
        <line num="2138" count="0" type="stmt"/>
        <line num="2139" count="0" type="stmt"/>
        <line num="2140" count="0" type="stmt"/>
        <line num="2142" count="1" type="stmt"/>
        <line num="2148" count="0" type="cond" truecount="0" falsecount="5"/>
        <line num="2149" count="0" type="stmt"/>
        <line num="2150" count="0" type="stmt"/>
        <line num="2151" count="0" type="stmt"/>
        <line num="2153" count="0" type="stmt"/>
        <line num="2161" count="0" type="stmt"/>
        <line num="2162" count="0" type="stmt"/>
        <line num="2164" count="0" type="stmt"/>
        <line num="2165" count="0" type="cond" truecount="0" falsecount="1"/>
        <line num="2166" count="0" type="cond" truecount="0" falsecount="2"/>
        <line num="2167" count="0" type="stmt"/>
        <line num="2169" count="0" type="cond" truecount="0" falsecount="2"/>
        <line num="2170" count="0" type="stmt"/>
        <line num="2174" count="0" type="cond" truecount="0" falsecount="1"/>
        <line num="2175" count="0" type="stmt"/>
        <line num="2181" count="0" type="stmt"/>
        <line num="2185" count="0" type="stmt"/>
        <line num="2195" count="3" type="cond" truecount="2" falsecount="1"/>
        <line num="2196" count="3" type="stmt"/>
        <line num="2197" count="3" type="cond" truecount="1" falsecount="0"/>
        <line num="2199" count="0" type="stmt"/>
        <line num="2201" count="0" type="stmt"/>
        <line num="2202" count="0" type="cond" truecount="0" falsecount="1"/>
        <line num="2205" count="0" type="stmt"/>
        <line num="2206" count="0" type="stmt"/>
        <line num="2207" count="0" type="cond" truecount="0" falsecount="1"/>
        <line num="2208" count="0" type="stmt"/>
        <line num="2209" count="0" type="cond" truecount="0" falsecount="1"/>
        <line num="2213" count="0" type="stmt"/>
        <line num="2217" count="0" type="cond" truecount="0" falsecount="3"/>
        <line num="2218" count="0" type="stmt"/>
        <line num="2219" count="0" type="cond" truecount="0" falsecount="5"/>
        <line num="2229" count="0" type="stmt"/>
        <line num="2230" count="0" type="cond" truecount="0" falsecount="1"/>
        <line num="2233" count="0" type="stmt"/>
        <line num="2234" count="0" type="stmt"/>
        <line num="2235" count="0" type="stmt"/>
        <line num="2236" count="0" type="stmt"/>
        <line num="2237" count="0" type="stmt"/>
        <line num="2238" count="0" type="cond" truecount="0" falsecount="1"/>
        <line num="2241" count="0" type="stmt"/>
        <line num="2243" count="0" type="stmt"/>
        <line num="2250" count="0" type="stmt"/>
        <line num="2251" count="0" type="stmt"/>
        <line num="2253" count="0" type="stmt"/>
        <line num="2254" count="0" type="stmt"/>
        <line num="2255" count="0" type="stmt"/>
        <line num="2258" count="0" type="stmt"/>
        <line num="2262" count="2" type="stmt"/>
      </file>
    </package>
    <package name="ui.components.layout">
      <metrics statements="64" coveredstatements="36" conditionals="36" coveredconditionals="23" methods="17" coveredmethods="1"/>
      <file name="ChatRightPanel.tsx" path="/Users/kimtrungduong/Downloads/deplao-builder-main/src/ui/components/layout/ChatRightPanel.tsx">
        <metrics statements="64" coveredstatements="36" conditionals="36" coveredconditionals="23" methods="17" coveredmethods="1"/>
        <line num="1" count="1" type="stmt"/>
        <line num="3" count="1" type="stmt"/>
        <line num="4" count="1" type="stmt"/>
        <line num="5" count="1" type="stmt"/>
        <line num="6" count="1" type="stmt"/>
        <line num="8" count="1" type="stmt"/>
        <line num="9" count="1" type="stmt"/>
        <line num="10" count="1" type="stmt"/>
        <line num="11" count="1" type="stmt"/>
        <line num="12" count="1" type="stmt"/>
        <line num="24" count="1" type="stmt"/>
        <line num="30" count="5" type="stmt"/>
        <line num="32" count="5" type="stmt"/>
        <line num="33" count="5" type="stmt"/>
        <line num="34" count="5" type="stmt"/>
        <line num="35" count="5" type="stmt"/>
        <line num="38" count="5" type="cond" truecount="4" falsecount="0"/>
        <line num="39" count="1" type="cond" truecount="2" falsecount="0"/>
        <line num="40" count="1" type="cond" truecount="1" falsecount="1"/>
        <line num="41" count="1" type="cond" truecount="0" falsecount="1"/>
        <line num="43" count="1" type="stmt"/>
        <line num="44" count="0" type="stmt"/>
        <line num="45" count="0" type="stmt"/>
        <line num="46" count="0" type="stmt"/>
        <line num="49" count="1" type="stmt"/>
        <line num="50" count="0" type="stmt"/>
        <line num="51" count="0" type="stmt"/>
        <line num="53" count="0" type="stmt"/>
        <line num="54" count="0" type="cond" truecount="0" falsecount="1"/>
        <line num="55" count="0" type="cond" truecount="0" falsecount="3"/>
        <line num="57" count="0" type="stmt"/>
        <line num="58" count="0" type="stmt"/>
        <line num="59" count="0" type="stmt"/>
        <line num="60" count="0" type="cond" truecount="0" falsecount="1"/>
        <line num="62" count="0" type="stmt"/>
        <line num="63" count="0" type="stmt"/>
        <line num="69" count="0" type="stmt"/>
        <line num="70" count="0" type="cond" truecount="0" falsecount="1"/>
        <line num="72" count="0" type="stmt"/>
        <line num="73" count="0" type="stmt"/>
        <line num="74" count="0" type="stmt"/>
        <line num="75" count="0" type="cond" truecount="0" falsecount="1"/>
        <line num="77" count="0" type="stmt"/>
        <line num="81" count="1" type="stmt"/>
        <line num="84" count="0" type="stmt"/>
        <line num="89" count="0" type="stmt"/>
        <line num="90" count="0" type="stmt"/>
        <line num="92" count="0" type="stmt"/>
        <line num="99" count="4" type="cond" truecount="3" falsecount="0"/>
        <line num="100" count="1" type="stmt"/>
        <line num="103" count="0" type="stmt"/>
        <line num="122" count="3" type="cond" truecount="1" falsecount="0"/>
        <line num="123" count="1" type="cond" truecount="3" falsecount="1"/>
        <line num="124" count="1" type="stmt"/>
        <line num="126" count="1" type="cond" truecount="2" falsecount="0"/>
        <line num="127" count="1" type="cond" truecount="1" falsecount="1"/>
        <line num="128" count="1" type="cond" truecount="2" falsecount="2"/>
        <line num="129" count="1" type="cond" truecount="3" falsecount="0"/>
        <line num="131" count="1" type="stmt"/>
        <line num="134" count="0" type="stmt"/>
        <line num="146" count="2" type="cond" truecount="1" falsecount="0"/>
        <line num="147" count="1" type="stmt"/>
        <line num="150" count="0" type="stmt"/>
        <line num="157" count="1" type="stmt"/>
      </file>
    </package>
    <package name="ui.hooks">
      <metrics statements="74" coveredstatements="63" conditionals="33" coveredconditionals="20" methods="15" coveredmethods="7"/>
      <file name="useAppInit.ts" path="/Users/kimtrungduong/Downloads/deplao-builder-main/src/ui/hooks/useAppInit.ts">
        <metrics statements="74" coveredstatements="63" conditionals="33" coveredconditionals="20" methods="15" coveredmethods="7"/>
        <line num="1" count="1" type="stmt"/>
        <line num="2" count="1" type="stmt"/>
        <line num="3" count="1" type="stmt"/>
        <line num="4" count="1" type="stmt"/>
        <line num="5" count="1" type="stmt"/>
        <line num="6" count="1" type="stmt"/>
        <line num="7" count="1" type="stmt"/>
        <line num="8" count="1" type="stmt"/>
        <line num="9" count="1" type="stmt"/>
        <line num="10" count="1" type="stmt"/>
        <line num="15" count="1" type="stmt"/>
        <line num="24" count="1" type="stmt"/>
        <line num="29" count="4" type="stmt"/>
        <line num="30" count="4" type="stmt"/>
        <line num="31" count="4" type="stmt"/>
        <line num="32" count="4" type="stmt"/>
        <line num="35" count="4" type="stmt"/>
        <line num="36" count="4" type="stmt"/>
        <line num="37" count="4" type="stmt"/>
        <line num="38" count="4" type="stmt"/>
        <line num="39" count="4" type="cond" truecount="1" falsecount="0"/>
        <line num="40" count="4" type="stmt"/>
        <line num="42" count="4" type="stmt"/>
        <line num="43" count="2" type="stmt"/>
        <line num="44" count="2" type="cond" truecount="1" falsecount="0"/>
        <line num="47" count="4" type="stmt"/>
        <line num="48" count="4" type="stmt"/>
        <line num="49" count="2" type="stmt"/>
        <line num="52" count="4" type="stmt"/>
        <line num="54" count="4" type="stmt"/>
        <line num="55" count="2" type="cond" truecount="4" falsecount="1"/>
        <line num="56" count="1" type="stmt"/>
        <line num="57" count="1" type="stmt"/>
        <line num="61" count="4" type="cond" truecount="1" falsecount="1"/>
        <line num="62" count="4" type="cond" truecount="0" falsecount="1"/>
        <line num="63" count="0" type="stmt"/>
        <line num="64" count="0" type="stmt"/>
        <line num="65" count="0" type="stmt"/>
        <line num="66" count="0" type="stmt"/>
        <line num="67" count="0" type="cond" truecount="0" falsecount="3"/>
        <line num="68" count="0" type="stmt"/>
        <line num="76" count="4" type="stmt"/>
        <line num="77" count="4" type="stmt"/>
        <line num="78" count="4" type="stmt"/>
        <line num="79" count="4" type="cond" truecount="1" falsecount="0"/>
        <line num="80" count="4" type="cond" truecount="1" falsecount="0"/>
        <line num="81" count="2" type="stmt"/>
        <line num="82" count="2" type="stmt"/>
        <line num="83" count="2" type="stmt"/>
        <line num="84" count="2" type="stmt"/>
        <line num="85" count="2" type="cond" truecount="1" falsecount="1"/>
        <line num="86" count="2" type="stmt"/>
        <line num="87" count="2" type="stmt"/>
        <line num="88" count="2" type="cond" truecount="1" falsecount="0"/>
        <line num="89" count="2" type="stmt"/>
        <line num="90" count="2" type="cond" truecount="1" falsecount="1"/>
        <line num="91" count="2" type="cond" truecount="2" falsecount="1"/>
        <line num="92" count="0" type="stmt"/>
        <line num="97" count="0" type="stmt"/>
        <line num="99" count="4" type="stmt"/>
        <line num="102" count="4" type="stmt"/>
        <line num="106" count="4" type="stmt"/>
        <line num="107" count="4" type="cond" truecount="2" falsecount="1"/>
        <line num="108" count="4" type="stmt"/>
        <line num="109" count="4" type="cond" truecount="2" falsecount="0"/>
        <line num="110" count="4" type="cond" truecount="0" falsecount="1"/>
        <line num="111" count="4" type="stmt"/>
        <line num="113" count="4" type="stmt"/>
        <line num="114" count="4" type="cond" truecount="1" falsecount="1"/>
        <line num="115" count="0" type="stmt"/>
        <line num="116" count="0" type="stmt"/>
        <line num="117" count="0" type="cond" truecount="0" falsecount="1"/>
        <line num="121" count="4" type="stmt"/>
        <line num="122" count="4" type="cond" truecount="1" falsecount="0"/>
      </file>
    </package>
    <package name="utils">
      <metrics statements="99" coveredstatements="93" conditionals="77" coveredconditionals="66" methods="29" coveredmethods="27"/>
      <file name="ApiRetryHandler.ts" path="/Users/kimtrungduong/Downloads/deplao-builder-main/src/utils/ApiRetryHandler.ts">
        <metrics statements="28" coveredstatements="26" conditionals="29" coveredconditionals="21" methods="4" coveredmethods="4"/>
        <line num="1" count="1" type="stmt"/>
        <line num="24" count="15" type="cond" truecount="1" falsecount="2"/>
        <line num="27" count="15" type="cond" truecount="3" falsecount="0"/>
        <line num="29" count="8" type="stmt"/>
        <line num="33" count="7" type="cond" truecount="1" falsecount="0"/>
        <line num="34" count="3" type="stmt"/>
        <line num="38" count="4" type="stmt"/>
        <line num="45" count="6" type="cond" truecount="1" falsecount="2"/>
        <line num="47" count="6" type="cond" truecount="2" falsecount="1"/>
        <line num="48" count="0" type="stmt"/>
        <line num="51" count="6" type="cond" truecount="3" falsecount="0"/>
        <line num="52" count="1" type="stmt"/>
        <line num="55" count="5" type="cond" truecount="2" falsecount="1"/>
        <line num="56" count="0" type="stmt"/>
        <line num="59" count="5" type="stmt"/>
        <line num="70" count="1" type="stmt"/>
        <line num="79" count="18" type="stmt"/>
        <line num="81" count="18" type="stmt"/>
        <line num="83" count="18" type="stmt"/>
        <line num="86" count="3" type="stmt"/>
        <line num="92" count="15" type="cond" truecount="1" falsecount="2"/>
        <line num="94" count="15" type="stmt"/>
        <line num="97" count="15" type="cond" truecount="3" falsecount="0"/>
        <line num="98" count="9" type="stmt"/>
        <line num="101" count="9" type="stmt"/>
        <line num="104" count="9" type="stmt"/>
        <line num="111" count="6" type="stmt"/>
        <line num="113" count="6" type="stmt"/>
      </file>
      <file name="AppModeManager.ts" path="/Users/kimtrungduong/Downloads/deplao-builder-main/src/utils/AppModeManager.ts">
        <metrics statements="24" coveredstatements="23" conditionals="2" coveredconditionals="2" methods="10" coveredmethods="10"/>
        <line num="1" count="1" type="stmt"/>
        <line num="2" count="1" type="stmt"/>
        <line num="19" count="1" type="stmt"/>
        <line num="20" count="1" type="stmt"/>
        <line num="21" count="1" type="stmt"/>
        <line num="24" count="17" type="cond" truecount="1" falsecount="0"/>
        <line num="25" count="1" type="stmt"/>
        <line num="27" count="17" type="stmt"/>
        <line num="32" count="12" type="cond" truecount="1" falsecount="0"/>
        <line num="35" count="1" type="stmt"/>
        <line num="36" count="1" type="stmt"/>
        <line num="37" count="1" type="stmt"/>
        <line num="39" count="0" type="stmt"/>
        <line num="44" count="11" type="stmt"/>
        <line num="45" count="11" type="stmt"/>
        <line num="46" count="11" type="stmt"/>
        <line num="51" count="16" type="stmt"/>
        <line num="52" count="16" type="stmt"/>
        <line num="56" count="3" type="stmt"/>
        <line num="60" count="2" type="stmt"/>
        <line num="64" count="2" type="stmt"/>
        <line num="68" count="3" type="stmt"/>
        <line num="72" count="18" type="stmt"/>
        <line num="76" count="1" type="stmt"/>
      </file>
      <file name="Logger.ts" path="/Users/kimtrungduong/Downloads/deplao-builder-main/src/utils/Logger.ts">
        <metrics statements="21" coveredstatements="18" conditionals="7" coveredconditionals="4" methods="11" coveredmethods="9"/>
        <line num="9" count="17" type="stmt"/>
        <line num="14" count="17" type="stmt"/>
        <line num="18" count="17" type="cond" truecount="1" falsecount="0"/>
        <line num="19" count="17" type="stmt"/>
        <line num="21" count="17" type="stmt"/>
        <line num="29" count="6" type="stmt"/>
        <line num="30" count="6" type="stmt"/>
        <line num="38" count="4" type="stmt"/>
        <line num="39" count="4" type="stmt"/>
        <line num="47" count="3" type="stmt"/>
        <line num="58" count="0" type="stmt"/>
        <line num="69" count="2" type="cond" truecount="1" falsecount="0"/>
        <line num="70" count="1" type="stmt"/>
        <line num="79" count="3" type="stmt"/>
        <line num="87" count="2" type="cond" truecount="1" falsecount="0"/>
        <line num="88" count="1" type="stmt"/>
        <line num="97" count="0" type="cond" truecount="0" falsecount="1"/>
        <line num="98" count="0" type="stmt"/>
        <line num="107" count="1" type="cond" truecount="1" falsecount="0"/>
        <line num="108" count="1" type="stmt"/>
        <line num="113" count="17" type="stmt"/>
      </file>
      <file name="Utils.ts" path="/Users/kimtrungduong/Downloads/deplao-builder-main/src/utils/Utils.ts">
        <metrics statements="8" coveredstatements="8" conditionals="4" coveredconditionals="4" methods="2" coveredmethods="2"/>
        <line num="1" count="2" type="stmt"/>
        <line num="2" count="2" type="stmt"/>
        <line num="4" count="2" type="stmt"/>
        <line num="6" count="2" type="stmt"/>
        <line num="7" count="8" type="cond" truecount="4" falsecount="0"/>
        <line num="10" count="2" type="stmt"/>
        <line num="11" count="19" type="stmt"/>
        <line num="12" count="19" type="stmt"/>
      </file>
      <file name="profileUtils.ts" path="/Users/kimtrungduong/Downloads/deplao-builder-main/src/utils/profileUtils.ts">
        <metrics statements="18" coveredstatements="18" conditionals="35" coveredconditionals="35" methods="2" coveredmethods="2"/>
        <line num="35" count="3" type="stmt"/>
        <line num="36" count="19" type="cond" truecount="1" falsecount="0"/>
        <line num="37" count="2" type="stmt"/>
        <line num="40" count="17" type="cond" truecount="4" falsecount="0"/>
        <line num="41" count="17" type="cond" truecount="3" falsecount="0"/>
        <line num="42" count="17" type="cond" truecount="4" falsecount="0"/>
        <line num="43" count="17" type="cond" truecount="4" falsecount="0"/>
        <line num="47" count="17" type="cond" truecount="4" falsecount="0"/>
        <line num="50" count="17" type="stmt"/>
        <line num="51" count="17" type="cond" truecount="7" falsecount="0"/>
        <line num="53" count="2" type="stmt"/>
        <line num="54" count="15" type="cond" truecount="4" falsecount="0"/>
        <line num="55" count="1" type="stmt"/>
        <line num="56" count="1" type="stmt"/>
        <line num="59" count="17" type="stmt"/>
        <line num="66" count="3" type="stmt"/>
        <line num="67" count="5" type="cond" truecount="1" falsecount="0"/>
        <line num="68" count="3" type="cond" truecount="3" falsecount="0"/>
      </file>
    </package>
  </project>
</coverage>
