{"/Users/kimtrungduong/Downloads/deplao-builder-main/src/services/crm/CRMQueueService.ts": {"path":"/Users/kimtrungduong/Downloads/deplao-builder-main/src/services/crm/CRMQueueService.ts","statementMap":{"0":{"start":{"line":1,"column":0},"end":{"line":1,"column":58}},"1":{"start":{"line":2,"column":0},"end":{"line":2,"column":62}},"2":{"start":{"line":3,"column":0},"end":{"line":3,"column":46}},"3":{"start":{"line":4,"column":0},"end":{"line":4,"column":57}},"4":{"start":{"line":5,"column":0},"end":{"line":5,"column":40}},"5":{"start":{"line":14,"column":12},"end":{"line":14,"column":76}},"6":{"start":{"line":15,"column":12},"end":{"line":15,"column":56}},"7":{"start":{"line":16,"column":12},"end":{"line":16,"column":59}},"8":{"start":{"line":18,"column":12},"end":{"line":18,"column":52}},"9":{"start":{"line":19,"column":12},"end":{"line":19,"column":58}},"10":{"start":{"line":21,"column":20},"end":{"line":21,"column":36}},"11":{"start":{"line":22,"column":21},"end":{"line":22,"column":52}},"12":{"start":{"line":23,"column":21},"end":{"line":23,"column":46}},"13":{"start":{"line":24,"column":21},"end":{"line":24,"column":46}},"14":{"start":{"line":27,"column":8},"end":{"line":27,"column":88}},"15":{"start":{"line":27,"column":39},"end":{"line":27,"column":88}},"16":{"start":{"line":28,"column":8},"end":{"line":28,"column":40}},"17":{"start":{"line":33,"column":8},"end":{"line":33,"column":44}},"18":{"start":{"line":33,"column":37},"end":{"line":33,"column":44}},"19":{"start":{"line":34,"column":8},"end":{"line":34,"column":64}},"20":{"start":{"line":35,"column":8},"end":{"line":41,"column":9}},"21":{"start":{"line":36,"column":12},"end":{"line":36,"column":53}},"22":{"start":{"line":37,"column":12},"end":{"line":37,"column":54}},"23":{"start":{"line":40,"column":12},"end":{"line":40,"column":38}},"24":{"start":{"line":42,"column":22},"end":{"line":42,"column":85}},"25":{"start":{"line":42,"column":40},"end":{"line":42,"column":60}},"26":{"start":{"line":43,"column":8},"end":{"line":43,"column":39}},"27":{"start":{"line":48,"column":22},"end":{"line":48,"column":45}},"28":{"start":{"line":49,"column":8},"end":{"line":49,"column":72}},"29":{"start":{"line":49,"column":21},"end":{"line":49,"column":42}},"30":{"start":{"line":49,"column":43},"end":{"line":49,"column":70}},"31":{"start":{"line":51,"column":8},"end":{"line":51,"column":39}},"32":{"start":{"line":52,"column":8},"end":{"line":52,"column":41}},"33":{"start":{"line":53,"column":8},"end":{"line":53,"column":35}},"34":{"start":{"line":54,"column":8},"end":{"line":54,"column":41}},"35":{"start":{"line":55,"column":8},"end":{"line":55,"column":63}},"36":{"start":{"line":57,"column":8},"end":{"line":64,"column":11}},"37":{"start":{"line":69,"column":26},"end":{"line":69,"column":82}},"38":{"start":{"line":70,"column":8},"end":{"line":70,"column":52}},"39":{"start":{"line":70,"column":24},"end":{"line":70,"column":52}},"40":{"start":{"line":74,"column":8},"end":{"line":79,"column":10}},"41":{"start":{"line":84,"column":8},"end":{"line":92,"column":9}},"42":{"start":{"line":85,"column":27},"end":{"line":85,"column":82}},"43":{"start":{"line":86,"column":12},"end":{"line":89,"column":13}},"44":{"start":{"line":87,"column":16},"end":{"line":87,"column":70}},"45":{"start":{"line":88,"column":16},"end":{"line":88,"column":45}},"46":{"start":{"line":91,"column":12},"end":{"line":91,"column":76}},"47":{"start":{"line":96,"column":20},"end":{"line":96,"column":30}},"48":{"start":{"line":97,"column":27},"end":{"line":97,"column":63}},"49":{"start":{"line":98,"column":24},"end":{"line":98,"column":40}},"50":{"start":{"line":99,"column":28},"end":{"line":99,"column":73}},"51":{"start":{"line":100,"column":8},"end":{"line":104,"column":9}},"52":{"start":{"line":101,"column":28},"end":{"line":101,"column":56}},"53":{"start":{"line":102,"column":12},"end":{"line":102,"column":86}},"54":{"start":{"line":103,"column":12},"end":{"line":103,"column":94}},"55":{"start":{"line":108,"column":8},"end":{"line":108,"column":50}},"56":{"start":{"line":108,"column":43},"end":{"line":108,"column":50}},"57":{"start":{"line":112,"column":8},"end":{"line":112,"column":34}},"58":{"start":{"line":114,"column":23},"end":{"line":114,"column":51}},"59":{"start":{"line":115,"column":8},"end":{"line":119,"column":9}},"60":{"start":{"line":116,"column":12},"end":{"line":116,"column":83}},"61":{"start":{"line":117,"column":12},"end":{"line":117,"column":57}},"62":{"start":{"line":118,"column":12},"end":{"line":118,"column":19}},"63":{"start":{"line":121,"column":19},"end":{"line":121,"column":48}},"64":{"start":{"line":122,"column":21},"end":{"line":122,"column":61}},"65":{"start":{"line":123,"column":8},"end":{"line":126,"column":9}},"66":{"start":{"line":124,"column":12},"end":{"line":124,"column":44}},"67":{"start":{"line":125,"column":12},"end":{"line":125,"column":19}},"68":{"start":{"line":129,"column":24},"end":{"line":129,"column":86}},"69":{"start":{"line":130,"column":23},"end":{"line":130,"column":52}},"70":{"start":{"line":131,"column":25},"end":{"line":131,"column":57}},"71":{"start":{"line":132,"column":8},"end":{"line":132,"column":61}},"72":{"start":{"line":132,"column":54},"end":{"line":132,"column":61}},"73":{"start":{"line":135,"column":21},"end":{"line":135,"column":60}},"74":{"start":{"line":136,"column":8},"end":{"line":139,"column":9}},"75":{"start":{"line":137,"column":12},"end":{"line":137,"column":76}},"76":{"start":{"line":138,"column":12},"end":{"line":138,"column":19}},"77":{"start":{"line":141,"column":28},"end":{"line":142,"column":null}},"78":{"start":{"line":145,"column":8},"end":{"line":145,"column":44}},"79":{"start":{"line":146,"column":8},"end":{"line":146,"column":60}},"80":{"start":{"line":149,"column":27},"end":{"line":152,"column":56}},"81":{"start":{"line":150,"column":12},"end":{"line":152,"column":56}},"82":{"start":{"line":154,"column":38},"end":{"line":154,"column":77}},"83":{"start":{"line":155,"column":34},"end":{"line":155,"column":71}},"84":{"start":{"line":156,"column":26},"end":{"line":156,"column":138}},"85":{"start":{"line":159,"column":72},"end":{"line":159,"column":74}},"86":{"start":{"line":160,"column":8},"end":{"line":160,"column":86}},"87":{"start":{"line":160,"column":14},"end":{"line":160,"column":75}},"88":{"start":{"line":161,"column":39},"end":{"line":161,"column":64}},"89":{"start":{"line":162,"column":40},"end":{"line":162,"column":67}},"90":{"start":{"line":168,"column":35},"end":{"line":174,"column":9}},"91":{"start":{"line":169,"column":12},"end":{"line":172,"column":22}},"92":{"start":{"line":170,"column":26},"end":{"line":170,"column":41}},"93":{"start":{"line":171,"column":16},"end":{"line":171,"column":139}},"94":{"start":{"line":171,"column":50},"end":{"line":171,"column":139}},"95":{"start":{"line":173,"column":12},"end":{"line":173,"column":83}},"96":{"start":{"line":176,"column":54},"end":{"line":176,"column":101}},"97":{"start":{"line":180,"column":8},"end":{"line":185,"column":9}},"98":{"start":{"line":181,"column":24},"end":{"line":181,"column":95}},"99":{"start":{"line":182,"column":12},"end":{"line":182,"column":72}},"100":{"start":{"line":184,"column":12},"end":{"line":184,"column":37}},"101":{"start":{"line":188,"column":26},"end":{"line":202,"column":9}},"102":{"start":{"line":189,"column":25},"end":{"line":189,"column":53}},"103":{"start":{"line":190,"column":12},"end":{"line":192,"column":13}},"104":{"start":{"line":191,"column":16},"end":{"line":191,"column":89}},"105":{"start":{"line":193,"column":25},"end":{"line":193,"column":61}},"106":{"start":{"line":194,"column":12},"end":{"line":201,"column":13}},"107":{"start":{"line":195,"column":16},"end":{"line":195,"column":59}},"108":{"start":{"line":195,"column":39},"end":{"line":195,"column":57}},"109":{"start":{"line":196,"column":16},"end":{"line":196,"column":75}},"110":{"start":{"line":197,"column":19},"end":{"line":201,"column":13}},"111":{"start":{"line":199,"column":16},"end":{"line":199,"column":59}},"112":{"start":{"line":199,"column":39},"end":{"line":199,"column":57}},"113":{"start":{"line":200,"column":16},"end":{"line":200,"column":73}},"114":{"start":{"line":205,"column":24},"end":{"line":205,"column":93}},"115":{"start":{"line":208,"column":24},"end":{"line":216,"column":10}},"116":{"start":{"line":218,"column":8},"end":{"line":359,"column":9}},"117":{"start":{"line":219,"column":12},"end":{"line":335,"column":13}},"118":{"start":{"line":221,"column":35},"end":{"line":221,"column":36}},"119":{"start":{"line":222,"column":16},"end":{"line":225,"column":17}},"120":{"start":{"line":222,"column":30},"end":{"line":222,"column":31}},"121":{"start":{"line":223,"column":20},"end":{"line":223,"column":76}},"122":{"start":{"line":223,"column":32},"end":{"line":223,"column":76}},"123":{"start":{"line":223,"column":55},"end":{"line":223,"column":74}},"124":{"start":{"line":224,"column":20},"end":{"line":224,"column":83}},"125":{"start":{"line":226,"column":31},"end":{"line":226,"column":107}},"126":{"start":{"line":227,"column":16},"end":{"line":227,"column":65}},"127":{"start":{"line":228,"column":16},"end":{"line":230,"column":41}},"128":{"start":{"line":232,"column":19},"end":{"line":335,"column":13}},"129":{"start":{"line":234,"column":32},"end":{"line":234,"column":37}},"130":{"start":{"line":235,"column":16},"end":{"line":277,"column":17}},"131":{"start":{"line":236,"column":20},"end":{"line":276,"column":21}},"132":{"start":{"line":237,"column":24},"end":{"line":266,"column":25}},"133":{"start":{"line":238,"column":47},"end":{"line":238,"column":48}},"134":{"start":{"line":239,"column":28},"end":{"line":242,"column":29}},"135":{"start":{"line":239,"column":42},"end":{"line":239,"column":43}},"136":{"start":{"line":240,"column":32},"end":{"line":240,"column":88}},"137":{"start":{"line":240,"column":44},"end":{"line":240,"column":88}},"138":{"start":{"line":240,"column":67},"end":{"line":240,"column":86}},"139":{"start":{"line":241,"column":32},"end":{"line":241,"column":95}},"140":{"start":{"line":243,"column":43},"end":{"line":245,"column":65}},"141":{"start":{"line":246,"column":28},"end":{"line":248,"column":53}},"142":{"start":{"line":249,"column":28},"end":{"line":249,"column":122}},"143":{"start":{"line":251,"column":31},"end":{"line":266,"column":25}},"144":{"start":{"line":252,"column":40},"end":{"line":252,"column":110}},"145":{"start":{"line":253,"column":41},"end":{"line":253,"column":110}},"146":{"start":{"line":254,"column":28},"end":{"line":255,"column":106}},"147":{"start":{"line":256,"column":28},"end":{"line":256,"column":97}},"148":{"start":{"line":258,"column":31},"end":{"line":266,"column":25}},"149":{"start":{"line":259,"column":40},"end":{"line":259,"column":120}},"150":{"start":{"line":260,"column":41},"end":{"line":260,"column":115}},"151":{"start":{"line":261,"column":28},"end":{"line":264,"column":106}},"152":{"start":{"line":265,"column":28},"end":{"line":265,"column":135}},"153":{"start":{"line":268,"column":40},"end":{"line":268,"column":93}},"154":{"start":{"line":269,"column":36},"end":{"line":269,"column":77}},"155":{"start":{"line":270,"column":24},"end":{"line":273,"column":84}},"156":{"start":{"line":274,"column":24},"end":{"line":274,"column":111}},"157":{"start":{"line":275,"column":24},"end":{"line":275,"column":41}},"158":{"start":{"line":278,"column":16},"end":{"line":278,"column":117}},"159":{"start":{"line":280,"column":19},"end":{"line":335,"column":13}},"160":{"start":{"line":282,"column":34},"end":{"line":282,"column":43}},"161":{"start":{"line":283,"column":16},"end":{"line":291,"column":17}},"162":{"start":{"line":284,"column":20},"end":{"line":284,"column":109}},"163":{"start":{"line":286,"column":20},"end":{"line":290,"column":44}},"164":{"start":{"line":287,"column":24},"end":{"line":287,"column":107}},"165":{"start":{"line":288,"column":24},"end":{"line":288,"column":94}},"166":{"start":{"line":289,"column":24},"end":{"line":289,"column":64}},"167":{"start":{"line":290,"column":29},"end":{"line":290,"column":42}},"168":{"start":{"line":292,"column":16},"end":{"line":292,"column":65}},"169":{"start":{"line":293,"column":16},"end":{"line":298,"column":41}},"170":{"start":{"line":300,"column":19},"end":{"line":335,"column":13}},"171":{"start":{"line":302,"column":28},"end":{"line":302,"column":98}},"172":{"start":{"line":303,"column":29},"end":{"line":303,"column":98}},"173":{"start":{"line":304,"column":16},"end":{"line":304,"column":65}},"174":{"start":{"line":305,"column":16},"end":{"line":306,"column":94}},"175":{"start":{"line":308,"column":19},"end":{"line":335,"column":13}},"176":{"start":{"line":310,"column":33},"end":{"line":310,"column":46}},"177":{"start":{"line":311,"column":16},"end":{"line":311,"column":111}},"178":{"start":{"line":311,"column":43},"end":{"line":311,"column":111}},"179":{"start":{"line":312,"column":28},"end":{"line":312,"column":93}},"180":{"start":{"line":313,"column":29},"end":{"line":313,"column":98}},"181":{"start":{"line":314,"column":16},"end":{"line":314,"column":65}},"182":{"start":{"line":315,"column":16},"end":{"line":318,"column":94}},"183":{"start":{"line":319,"column":16},"end":{"line":319,"column":102}},"184":{"start":{"line":323,"column":35},"end":{"line":323,"column":36}},"185":{"start":{"line":324,"column":16},"end":{"line":327,"column":17}},"186":{"start":{"line":324,"column":30},"end":{"line":324,"column":31}},"187":{"start":{"line":325,"column":20},"end":{"line":325,"column":76}},"188":{"start":{"line":325,"column":32},"end":{"line":325,"column":76}},"189":{"start":{"line":325,"column":55},"end":{"line":325,"column":74}},"190":{"start":{"line":326,"column":20},"end":{"line":326,"column":83}},"191":{"start":{"line":328,"column":31},"end":{"line":330,"column":29}},"192":{"start":{"line":331,"column":16},"end":{"line":331,"column":65}},"193":{"start":{"line":332,"column":16},"end":{"line":334,"column":41}},"194":{"start":{"line":338,"column":12},"end":{"line":338,"column":85}},"195":{"start":{"line":339,"column":12},"end":{"line":339,"column":52}},"196":{"start":{"line":340,"column":12},"end":{"line":340,"column":22}},"197":{"start":{"line":342,"column":12},"end":{"line":342,"column":97}},"198":{"start":{"line":343,"column":12},"end":{"line":343,"column":86}},"199":{"start":{"line":344,"column":12},"end":{"line":344,"column":67}},"200":{"start":{"line":347,"column":12},"end":{"line":347,"column":94}},"201":{"start":{"line":348,"column":12},"end":{"line":348,"column":76}},"202":{"start":{"line":349,"column":12},"end":{"line":354,"column":37}},"203":{"start":{"line":355,"column":12},"end":{"line":355,"column":22}},"204":{"start":{"line":356,"column":12},"end":{"line":356,"column":101}},"205":{"start":{"line":358,"column":12},"end":{"line":358,"column":49}},"206":{"start":{"line":363,"column":8},"end":{"line":376,"column":9}},"207":{"start":{"line":364,"column":23},"end":{"line":364,"column":52}},"208":{"start":{"line":365,"column":29},"end":{"line":365,"column":63}},"209":{"start":{"line":366,"column":31},"end":{"line":366,"column":99}},"210":{"start":{"line":366,"column":50},"end":{"line":366,"column":98}},"211":{"start":{"line":367,"column":12},"end":{"line":373,"column":13}},"212":{"start":{"line":368,"column":16},"end":{"line":368,"column":63}},"213":{"start":{"line":369,"column":16},"end":{"line":369,"column":26}},"214":{"start":{"line":370,"column":16},"end":{"line":370,"column":74}},"215":{"start":{"line":371,"column":16},"end":{"line":371,"column":82}},"216":{"start":{"line":372,"column":16},"end":{"line":372,"column":48}},"217":{"start":{"line":375,"column":12},"end":{"line":375,"column":78}},"218":{"start":{"line":380,"column":8},"end":{"line":385,"column":11}},"219":{"start":{"line":389,"column":8},"end":{"line":394,"column":11}},"220":{"start":{"line":398,"column":0},"end":{"line":398,"column":31}},"221":{"start":{"line":405,"column":17},"end":{"line":405,"column":77}},"222":{"start":{"line":407,"column":4},"end":{"line":407,"column":63}},"223":{"start":{"line":407,"column":51},"end":{"line":407,"column":63}},"224":{"start":{"line":408,"column":16},"end":{"line":408,"column":56}},"225":{"start":{"line":409,"column":4},"end":{"line":418,"column":6}}},"fnMap":{"0":{"name":"(anonymous_1)","decl":{"start":{"line":12,"column":0},"end":{"line":12,"column":6}},"loc":{"start":{"line":12,"column":0},"end":{"line":396,"column":1}}},"1":{"name":"(anonymous_2)","decl":{"start":{"line":26,"column":11},"end":{"line":26,"column":17}},"loc":{"start":{"line":26,"column":29},"end":{"line":29,"column":5}}},"2":{"name":"(anonymous_3)","decl":{"start":{"line":32,"column":11},"end":{"line":32,"column":26}},"loc":{"start":{"line":32,"column":41},"end":{"line":44,"column":5}}},"3":{"name":"(anonymous_4)","decl":{"start":{"line":42,"column":34},"end":{"line":42,"column":37}},"loc":{"start":{"line":42,"column":40},"end":{"line":42,"column":60}}},"4":{"name":"(anonymous_5)","decl":{"start":{"line":47,"column":11},"end":{"line":47,"column":25}},"loc":{"start":{"line":47,"column":40},"end":{"line":65,"column":5}}},"5":{"name":"(anonymous_6)","decl":{"start":{"line":68,"column":11},"end":{"line":68,"column":29}},"loc":{"start":{"line":68,"column":44},"end":{"line":71,"column":5}}},"6":{"name":"(anonymous_7)","decl":{"start":{"line":73,"column":11},"end":{"line":73,"column":20}},"loc":{"start":{"line":73,"column":35},"end":{"line":80,"column":5}}},"7":{"name":"(anonymous_8)","decl":{"start":{"line":83,"column":11},"end":{"line":83,"column":32}},"loc":{"start":{"line":83,"column":32},"end":{"line":93,"column":5}}},"8":{"name":"(anonymous_9)","decl":{"start":{"line":95,"column":12},"end":{"line":95,"column":24}},"loc":{"start":{"line":95,"column":39},"end":{"line":105,"column":5}}},"9":{"name":"(anonymous_10)","decl":{"start":{"line":107,"column":12},"end":{"line":107,"column":17}},"loc":{"start":{"line":107,"column":40},"end":{"line":360,"column":5}}},"10":{"name":"(anonymous_11)","decl":{"start":{"line":149,"column":27},"end":{"line":149,"column":28}},"loc":{"start":{"line":150,"column":12},"end":{"line":152,"column":56}}},"11":{"name":"(anonymous_12)","decl":{"start":{"line":168,"column":35},"end":{"line":168,"column":36}},"loc":{"start":{"line":168,"column":103},"end":{"line":174,"column":9}}},"12":{"name":"(anonymous_13)","decl":{"start":{"line":188,"column":26},"end":{"line":188,"column":31}},"loc":{"start":{"line":188,"column":109},"end":{"line":202,"column":9}}},"13":{"name":"(anonymous_14)","decl":{"start":{"line":195,"column":34},"end":{"line":195,"column":35}},"loc":{"start":{"line":195,"column":39},"end":{"line":195,"column":57}}},"14":{"name":"(anonymous_15)","decl":{"start":{"line":199,"column":34},"end":{"line":199,"column":35}},"loc":{"start":{"line":199,"column":39},"end":{"line":199,"column":57}}},"15":{"name":"(anonymous_16)","decl":{"start":{"line":223,"column":50},"end":{"line":223,"column":51}},"loc":{"start":{"line":223,"column":55},"end":{"line":223,"column":74}}},"16":{"name":"(anonymous_17)","decl":{"start":{"line":240,"column":62},"end":{"line":240,"column":63}},"loc":{"start":{"line":240,"column":67},"end":{"line":240,"column":86}}},"17":{"name":"(anonymous_18)","decl":{"start":{"line":325,"column":50},"end":{"line":325,"column":51}},"loc":{"start":{"line":325,"column":55},"end":{"line":325,"column":74}}},"18":{"name":"(anonymous_19)","decl":{"start":{"line":362,"column":12},"end":{"line":362,"column":35}},"loc":{"start":{"line":362,"column":70},"end":{"line":377,"column":5}}},"19":{"name":"(anonymous_20)","decl":{"start":{"line":366,"column":45},"end":{"line":366,"column":46}},"loc":{"start":{"line":366,"column":50},"end":{"line":366,"column":98}}},"20":{"name":"(anonymous_21)","decl":{"start":{"line":379,"column":12},"end":{"line":379,"column":29}},"loc":{"start":{"line":379,"column":115},"end":{"line":386,"column":5}}},"21":{"name":"(anonymous_22)","decl":{"start":{"line":388,"column":12},"end":{"line":388,"column":27}},"loc":{"start":{"line":388,"column":56},"end":{"line":395,"column":5}}},"22":{"name":"isMixedFallbackError","decl":{"start":{"line":404,"column":9},"end":{"line":404,"column":29}},"loc":{"start":{"line":404,"column":38},"end":{"line":419,"column":1}}}},"branchMap":{"0":{"loc":{"start":{"line":27,"column":8},"end":{"line":27,"column":88}},"type":"if","locations":[{"start":{"line":27,"column":8},"end":{"line":27,"column":88}}]},"1":{"loc":{"start":{"line":33,"column":8},"end":{"line":33,"column":44}},"type":"if","locations":[{"start":{"line":33,"column":8},"end":{"line":33,"column":44}}]},"2":{"loc":{"start":{"line":35,"column":8},"end":{"line":41,"column":9}},"type":"if","locations":[{"start":{"line":35,"column":8},"end":{"line":41,"column":9}},{"start":{"line":38,"column":15},"end":{"line":41,"column":9}}]},"3":{"loc":{"start":{"line":49,"column":8},"end":{"line":49,"column":72}},"type":"if","locations":[{"start":{"line":49,"column":8},"end":{"line":49,"column":72}}]},"4":{"loc":{"start":{"line":61,"column":20},"end":{"line":61,"column":62}},"type":"binary-expr","locations":[{"start":{"line":61,"column":20},"end":{"line":61,"column":43}},{"start":{"line":61,"column":47},"end":{"line":61,"column":62}}]},"5":{"loc":{"start":{"line":63,"column":24},"end":{"line":63,"column":56}},"type":"binary-expr","locations":[{"start":{"line":63,"column":24},"end":{"line":63,"column":51}},{"start":{"line":63,"column":55},"end":{"line":63,"column":56}}]},"6":{"loc":{"start":{"line":70,"column":8},"end":{"line":70,"column":52}},"type":"if","locations":[{"start":{"line":70,"column":8},"end":{"line":70,"column":52}}]},"7":{"loc":{"start":{"line":76,"column":20},"end":{"line":76,"column":62}},"type":"binary-expr","locations":[{"start":{"line":76,"column":20},"end":{"line":76,"column":43}},{"start":{"line":76,"column":47},"end":{"line":76,"column":62}}]},"8":{"loc":{"start":{"line":78,"column":24},"end":{"line":78,"column":56}},"type":"binary-expr","locations":[{"start":{"line":78,"column":24},"end":{"line":78,"column":51}},{"start":{"line":78,"column":55},"end":{"line":78,"column":56}}]},"9":{"loc":{"start":{"line":97,"column":27},"end":{"line":97,"column":63}},"type":"binary-expr","locations":[{"start":{"line":97,"column":27},"end":{"line":97,"column":56}},{"start":{"line":97,"column":60},"end":{"line":97,"column":63}}]},"10":{"loc":{"start":{"line":100,"column":8},"end":{"line":104,"column":9}},"type":"if","locations":[{"start":{"line":100,"column":8},"end":{"line":104,"column":9}}]},"11":{"loc":{"start":{"line":101,"column":28},"end":{"line":101,"column":56}},"type":"binary-expr","locations":[{"start":{"line":101,"column":28},"end":{"line":101,"column":51}},{"start":{"line":101,"column":55},"end":{"line":101,"column":56}}]},"12":{"loc":{"start":{"line":108,"column":8},"end":{"line":108,"column":50}},"type":"if","locations":[{"start":{"line":108,"column":8},"end":{"line":108,"column":50}}]},"13":{"loc":{"start":{"line":114,"column":23},"end":{"line":114,"column":51}},"type":"binary-expr","locations":[{"start":{"line":114,"column":23},"end":{"line":114,"column":46}},{"start":{"line":114,"column":50},"end":{"line":114,"column":51}}]},"14":{"loc":{"start":{"line":115,"column":8},"end":{"line":119,"column":9}},"type":"if","locations":[{"start":{"line":115,"column":8},"end":{"line":119,"column":9}}]},"15":{"loc":{"start":{"line":123,"column":8},"end":{"line":126,"column":9}},"type":"if","locations":[{"start":{"line":123,"column":8},"end":{"line":126,"column":9}}]},"16":{"loc":{"start":{"line":129,"column":53},"end":{"line":129,"column":77}},"type":"binary-expr","locations":[{"start":{"line":129,"column":53},"end":{"line":129,"column":71}},{"start":{"line":129,"column":75},"end":{"line":129,"column":77}}]},"17":{"loc":{"start":{"line":131,"column":25},"end":{"line":131,"column":57}},"type":"binary-expr","locations":[{"start":{"line":131,"column":25},"end":{"line":131,"column":52}},{"start":{"line":131,"column":56},"end":{"line":131,"column":57}}]},"18":{"loc":{"start":{"line":132,"column":8},"end":{"line":132,"column":61}},"type":"if","locations":[{"start":{"line":132,"column":8},"end":{"line":132,"column":61}}]},"19":{"loc":{"start":{"line":136,"column":8},"end":{"line":139,"column":9}},"type":"if","locations":[{"start":{"line":136,"column":8},"end":{"line":139,"column":9}}]},"20":{"loc":{"start":{"line":142,"column":12},"end":{"line":142,"column":81}},"type":"cond-expr","locations":[{"start":{"line":142,"column":44},"end":{"line":142,"column":53}},{"start":{"line":142,"column":56},"end":{"line":142,"column":81}}]},"21":{"loc":{"start":{"line":150,"column":13},"end":{"line":150,"column":22}},"type":"binary-expr","locations":[{"start":{"line":150,"column":13},"end":{"line":150,"column":16}},{"start":{"line":150,"column":20},"end":{"line":150,"column":22}}]},"22":{"loc":{"start":{"line":151,"column":38},"end":{"line":151,"column":74}},"type":"binary-expr","locations":[{"start":{"line":151,"column":38},"end":{"line":151,"column":55}},{"start":{"line":151,"column":59},"end":{"line":151,"column":74}}]},"23":{"loc":{"start":{"line":154,"column":38},"end":{"line":154,"column":77}},"type":"binary-expr","locations":[{"start":{"line":154,"column":38},"end":{"line":154,"column":64}},{"start":{"line":154,"column":68},"end":{"line":154,"column":77}}]},"24":{"loc":{"start":{"line":156,"column":26},"end":{"line":156,"column":138}},"type":"binary-expr","locations":[{"start":{"line":156,"column":26},"end":{"line":156,"column":80}},{"start":{"line":156,"column":84},"end":{"line":156,"column":123}},{"start":{"line":156,"column":127},"end":{"line":156,"column":138}}]},"25":{"loc":{"start":{"line":156,"column":38},"end":{"line":156,"column":79}},"type":"binary-expr","locations":[{"start":{"line":156,"column":38},"end":{"line":156,"column":73}},{"start":{"line":156,"column":77},"end":{"line":156,"column":79}}]},"26":{"loc":{"start":{"line":156,"column":95},"end":{"line":156,"column":122}},"type":"binary-expr","locations":[{"start":{"line":156,"column":95},"end":{"line":156,"column":116}},{"start":{"line":156,"column":120},"end":{"line":156,"column":122}}]},"27":{"loc":{"start":{"line":160,"column":40},"end":{"line":160,"column":73}},"type":"binary-expr","locations":[{"start":{"line":160,"column":40},"end":{"line":160,"column":65}},{"start":{"line":160,"column":69},"end":{"line":160,"column":73}}]},"28":{"loc":{"start":{"line":161,"column":39},"end":{"line":161,"column":64}},"type":"binary-expr","locations":[{"start":{"line":161,"column":39},"end":{"line":161,"column":58}},{"start":{"line":161,"column":62},"end":{"line":161,"column":64}}]},"29":{"loc":{"start":{"line":162,"column":40},"end":{"line":162,"column":67}},"type":"binary-expr","locations":[{"start":{"line":162,"column":40},"end":{"line":162,"column":61}},{"start":{"line":162,"column":65},"end":{"line":162,"column":67}}]},"30":{"loc":{"start":{"line":171,"column":16},"end":{"line":171,"column":139}},"type":"if","locations":[{"start":{"line":171,"column":16},"end":{"line":171,"column":139}}]},"31":{"loc":{"start":{"line":171,"column":20},"end":{"line":171,"column":48}},"type":"binary-expr","locations":[{"start":{"line":171,"column":20},"end":{"line":171,"column":21}},{"start":{"line":171,"column":25},"end":{"line":171,"column":48}}]},"32":{"loc":{"start":{"line":171,"column":101},"end":{"line":171,"column":136}},"type":"cond-expr","locations":[{"start":{"line":171,"column":120},"end":{"line":171,"column":125}},{"start":{"line":171,"column":128},"end":{"line":171,"column":136}}]},"33":{"loc":{"start":{"line":176,"column":73},"end":{"line":176,"column":100}},"type":"binary-expr","locations":[{"start":{"line":176,"column":73},"end":{"line":176,"column":94}},{"start":{"line":176,"column":98},"end":{"line":176,"column":100}}]},"34":{"loc":{"start":{"line":180,"column":8},"end":{"line":185,"column":9}},"type":"if","locations":[{"start":{"line":180,"column":8},"end":{"line":185,"column":9}},{"start":{"line":183,"column":15},"end":{"line":185,"column":9}}]},"35":{"loc":{"start":{"line":181,"column":24},"end":{"line":181,"column":95}},"type":"cond-expr","locations":[{"start":{"line":181,"column":47},"end":{"line":181,"column":91}},{"start":{"line":181,"column":94},"end":{"line":181,"column":95}}]},"36":{"loc":{"start":{"line":182,"column":27},"end":{"line":182,"column":71}},"type":"cond-expr","locations":[{"start":{"line":182,"column":50},"end":{"line":182,"column":66}},{"start":{"line":182,"column":69},"end":{"line":182,"column":71}}]},"37":{"loc":{"start":{"line":189,"column":36},"end":{"line":189,"column":52}},"type":"binary-expr","locations":[{"start":{"line":189,"column":36},"end":{"line":189,"column":46}},{"start":{"line":189,"column":50},"end":{"line":189,"column":52}}]},"38":{"loc":{"start":{"line":190,"column":12},"end":{"line":192,"column":13}},"type":"if","locations":[{"start":{"line":190,"column":12},"end":{"line":192,"column":13}}]},"39":{"loc":{"start":{"line":193,"column":26},"end":{"line":193,"column":44}},"type":"binary-expr","locations":[{"start":{"line":193,"column":26},"end":{"line":193,"column":38}},{"start":{"line":193,"column":42},"end":{"line":193,"column":44}}]},"40":{"loc":{"start":{"line":194,"column":12},"end":{"line":201,"column":13}},"type":"if","locations":[{"start":{"line":194,"column":12},"end":{"line":201,"column":13}},{"start":{"line":197,"column":19},"end":{"line":201,"column":13}}]},"41":{"loc":{"start":{"line":197,"column":19},"end":{"line":201,"column":13}},"type":"if","locations":[{"start":{"line":197,"column":19},"end":{"line":201,"column":13}}]},"42":{"loc":{"start":{"line":205,"column":24},"end":{"line":205,"column":93}},"type":"cond-expr","locations":[{"start":{"line":205,"column":50},"end":{"line":205,"column":88}},{"start":{"line":205,"column":91},"end":{"line":205,"column":93}}]},"43":{"loc":{"start":{"line":205,"column":61},"end":{"line":205,"column":87}},"type":"binary-expr","locations":[{"start":{"line":205,"column":61},"end":{"line":205,"column":81}},{"start":{"line":205,"column":85},"end":{"line":205,"column":87}}]},"44":{"loc":{"start":{"line":211,"column":26},"end":{"line":211,"column":49}},"type":"binary-expr","locations":[{"start":{"line":211,"column":26},"end":{"line":211,"column":43}},{"start":{"line":211,"column":47},"end":{"line":211,"column":49}}]},"45":{"loc":{"start":{"line":212,"column":20},"end":{"line":212,"column":44}},"type":"binary-expr","locations":[{"start":{"line":212,"column":20},"end":{"line":212,"column":38}},{"start":{"line":212,"column":42},"end":{"line":212,"column":44}}]},"46":{"loc":{"start":{"line":213,"column":26},"end":{"line":213,"column":52}},"type":"cond-expr","locations":[{"start":{"line":213,"column":36},"end":{"line":213,"column":43}},{"start":{"line":213,"column":46},"end":{"line":213,"column":52}}]},"47":{"loc":{"start":{"line":219,"column":12},"end":{"line":335,"column":13}},"type":"if","locations":[{"start":{"line":219,"column":12},"end":{"line":335,"column":13}},{"start":{"line":232,"column":19},"end":{"line":335,"column":13}}]},"48":{"loc":{"start":{"line":223,"column":20},"end":{"line":223,"column":76}},"type":"if","locations":[{"start":{"line":223,"column":20},"end":{"line":223,"column":76}}]},"49":{"loc":{"start":{"line":226,"column":41},"end":{"line":226,"column":105}},"type":"cond-expr","locations":[{"start":{"line":226,"column":62},"end":{"line":226,"column":95}},{"start":{"line":226,"column":98},"end":{"line":226,"column":105}}]},"50":{"loc":{"start":{"line":232,"column":19},"end":{"line":335,"column":13}},"type":"if","locations":[{"start":{"line":232,"column":19},"end":{"line":335,"column":13}},{"start":{"line":280,"column":19},"end":{"line":335,"column":13}}]},"51":{"loc":{"start":{"line":232,"column":23},"end":{"line":232,"column":74}},"type":"binary-expr","locations":[{"start":{"line":232,"column":23},"end":{"line":232,"column":47}},{"start":{"line":232,"column":51},"end":{"line":232,"column":74}}]},"52":{"loc":{"start":{"line":237,"column":24},"end":{"line":266,"column":25}},"type":"if","locations":[{"start":{"line":237,"column":24},"end":{"line":266,"column":25}},{"start":{"line":251,"column":31},"end":{"line":266,"column":25}}]},"53":{"loc":{"start":{"line":240,"column":32},"end":{"line":240,"column":88}},"type":"if","locations":[{"start":{"line":240,"column":32},"end":{"line":240,"column":88}}]},"54":{"loc":{"start":{"line":243,"column":43},"end":{"line":245,"column":65}},"type":"cond-expr","locations":[{"start":{"line":244,"column":34},"end":{"line":244,"column":99}},{"start":{"line":245,"column":34},"end":{"line":245,"column":65}}]},"55":{"loc":{"start":{"line":251,"column":31},"end":{"line":266,"column":25}},"type":"if","locations":[{"start":{"line":251,"column":31},"end":{"line":266,"column":25}},{"start":{"line":258,"column":31},"end":{"line":266,"column":25}}]},"56":{"loc":{"start":{"line":258,"column":31},"end":{"line":266,"column":25}},"type":"if","locations":[{"start":{"line":258,"column":31},"end":{"line":266,"column":25}}]},"57":{"loc":{"start":{"line":258,"column":35},"end":{"line":258,"column":92}},"type":"binary-expr","locations":[{"start":{"line":258,"column":35},"end":{"line":258,"column":64}},{"start":{"line":258,"column":68},"end":{"line":258,"column":92}}]},"58":{"loc":{"start":{"line":268,"column":47},"end":{"line":268,"column":92}},"type":"binary-expr","locations":[{"start":{"line":268,"column":47},"end":{"line":268,"column":67}},{"start":{"line":268,"column":71},"end":{"line":268,"column":86}},{"start":{"line":268,"column":90},"end":{"line":268,"column":92}}]},"59":{"loc":{"start":{"line":278,"column":57},"end":{"line":278,"column":115}},"type":"cond-expr","locations":[{"start":{"line":278,"column":98},"end":{"line":278,"column":106}},{"start":{"line":278,"column":109},"end":{"line":278,"column":115}}]},"60":{"loc":{"start":{"line":278,"column":57},"end":{"line":278,"column":95}},"type":"binary-expr","locations":[{"start":{"line":278,"column":57},"end":{"line":278,"column":66}},{"start":{"line":278,"column":70},"end":{"line":278,"column":95}}]},"61":{"loc":{"start":{"line":280,"column":19},"end":{"line":335,"column":13}},"type":"if","locations":[{"start":{"line":280,"column":19},"end":{"line":335,"column":13}},{"start":{"line":300,"column":19},"end":{"line":335,"column":13}}]},"62":{"loc":{"start":{"line":284,"column":36},"end":{"line":284,"column":87}},"type":"binary-expr","locations":[{"start":{"line":284,"column":36},"end":{"line":284,"column":51}},{"start":{"line":284,"column":55},"end":{"line":284,"column":87}}]},"63":{"loc":{"start":{"line":286,"column":20},"end":{"line":290,"column":44}},"type":"if","locations":[{"start":{"line":286,"column":20},"end":{"line":290,"column":44}},{"start":{"line":290,"column":27},"end":{"line":290,"column":44}}]},"64":{"loc":{"start":{"line":294,"column":29},"end":{"line":294,"column":100}},"type":"cond-expr","locations":[{"start":{"line":294,"column":57},"end":{"line":294,"column":64}},{"start":{"line":294,"column":67},"end":{"line":294,"column":100}}]},"65":{"loc":{"start":{"line":296,"column":31},"end":{"line":296,"column":87}},"type":"cond-expr","locations":[{"start":{"line":296,"column":59},"end":{"line":296,"column":68}},{"start":{"line":296,"column":71},"end":{"line":296,"column":87}}]},"66":{"loc":{"start":{"line":300,"column":19},"end":{"line":335,"column":13}},"type":"if","locations":[{"start":{"line":300,"column":19},"end":{"line":335,"column":13}},{"start":{"line":308,"column":19},"end":{"line":335,"column":13}}]},"67":{"loc":{"start":{"line":308,"column":19},"end":{"line":335,"column":13}},"type":"if","locations":[{"start":{"line":308,"column":19},"end":{"line":335,"column":13}},{"start":{"line":321,"column":19},"end":{"line":335,"column":13}}]},"68":{"loc":{"start":{"line":311,"column":16},"end":{"line":311,"column":111}},"type":"if","locations":[{"start":{"line":311,"column":16},"end":{"line":311,"column":111}}]},"69":{"loc":{"start":{"line":325,"column":20},"end":{"line":325,"column":76}},"type":"if","locations":[{"start":{"line":325,"column":20},"end":{"line":325,"column":76}}]},"70":{"loc":{"start":{"line":328,"column":31},"end":{"line":330,"column":29}},"type":"cond-expr","locations":[{"start":{"line":329,"column":22},"end":{"line":329,"column":81}},{"start":{"line":330,"column":22},"end":{"line":330,"column":29}}]},"71":{"loc":{"start":{"line":338,"column":49},"end":{"line":338,"column":77}},"type":"binary-expr","locations":[{"start":{"line":338,"column":49},"end":{"line":338,"column":72}},{"start":{"line":338,"column":76},"end":{"line":338,"column":77}}]},"72":{"loc":{"start":{"line":350,"column":25},"end":{"line":350,"column":52}},"type":"binary-expr","locations":[{"start":{"line":350,"column":25},"end":{"line":350,"column":46}},{"start":{"line":350,"column":50},"end":{"line":350,"column":52}}]},"73":{"loc":{"start":{"line":352,"column":27},"end":{"line":352,"column":128}},"type":"cond-expr","locations":[{"start":{"line":352,"column":63},"end":{"line":352,"column":79}},{"start":{"line":352,"column":82},"end":{"line":352,"column":128}}]},"74":{"loc":{"start":{"line":352,"column":82},"end":{"line":352,"column":128}},"type":"cond-expr","locations":[{"start":{"line":352,"column":109},"end":{"line":352,"column":116}},{"start":{"line":352,"column":119},"end":{"line":352,"column":128}}]},"75":{"loc":{"start":{"line":366,"column":50},"end":{"line":366,"column":98}},"type":"binary-expr","locations":[{"start":{"line":366,"column":50},"end":{"line":366,"column":72}},{"start":{"line":366,"column":76},"end":{"line":366,"column":98}}]},"76":{"loc":{"start":{"line":367,"column":12},"end":{"line":373,"column":13}},"type":"if","locations":[{"start":{"line":367,"column":12},"end":{"line":373,"column":13}}]},"77":{"loc":{"start":{"line":382,"column":20},"end":{"line":382,"column":48}},"type":"binary-expr","locations":[{"start":{"line":382,"column":20},"end":{"line":382,"column":43}},{"start":{"line":382,"column":47},"end":{"line":382,"column":48}}]},"78":{"loc":{"start":{"line":384,"column":24},"end":{"line":384,"column":56}},"type":"binary-expr","locations":[{"start":{"line":384,"column":24},"end":{"line":384,"column":51}},{"start":{"line":384,"column":55},"end":{"line":384,"column":56}}]},"79":{"loc":{"start":{"line":391,"column":20},"end":{"line":391,"column":48}},"type":"binary-expr","locations":[{"start":{"line":391,"column":20},"end":{"line":391,"column":43}},{"start":{"line":391,"column":47},"end":{"line":391,"column":48}}]},"80":{"loc":{"start":{"line":393,"column":24},"end":{"line":393,"column":56}},"type":"binary-expr","locations":[{"start":{"line":393,"column":24},"end":{"line":393,"column":51}},{"start":{"line":393,"column":55},"end":{"line":393,"column":56}}]},"81":{"loc":{"start":{"line":405,"column":24},"end":{"line":405,"column":76}},"type":"binary-expr","locations":[{"start":{"line":405,"column":24},"end":{"line":405,"column":38}},{"start":{"line":405,"column":42},"end":{"line":405,"column":51}},{"start":{"line":405,"column":55},"end":{"line":405,"column":70}},{"start":{"line":405,"column":74},"end":{"line":405,"column":76}}]},"82":{"loc":{"start":{"line":407,"column":4},"end":{"line":407,"column":63}},"type":"if","locations":[{"start":{"line":407,"column":4},"end":{"line":407,"column":63}}]},"83":{"loc":{"start":{"line":408,"column":23},"end":{"line":408,"column":41}},"type":"binary-expr","locations":[{"start":{"line":408,"column":23},"end":{"line":408,"column":35}},{"start":{"line":408,"column":39},"end":{"line":408,"column":41}}]},"84":{"loc":{"start":{"line":410,"column":8},"end":{"line":417,"column":34}},"type":"binary-expr","locations":[{"start":{"line":410,"column":8},"end":{"line":410,"column":29}},{"start":{"line":411,"column":8},"end":{"line":411,"column":28}},{"start":{"line":412,"column":8},"end":{"line":412,"column":30}},{"start":{"line":413,"column":8},"end":{"line":413,"column":37}},{"start":{"line":414,"column":8},"end":{"line":414,"column":36}},{"start":{"line":415,"column":8},"end":{"line":415,"column":32}},{"start":{"line":416,"column":8},"end":{"line":416,"column":34}},{"start":{"line":417,"column":8},"end":{"line":417,"column":34}}]}},"s":{"0":0,"1":0,"2":0,"3":0,"4":0,"5":0,"6":0,"7":0,"8":0,"9":0,"10":0,"11":0,"12":0,"13":0,"14":0,"15":0,"16":0,"17":0,"18":0,"19":0,"20":0,"21":0,"22":0,"23":0,"24":0,"25":0,"26":0,"27":0,"28":0,"29":0,"30":0,"31":0,"32":0,"33":0,"34":0,"35":0,"36":0,"37":0,"38":0,"39":0,"40":0,"41":0,"42":0,"43":0,"44":0,"45":0,"46":0,"47":0,"48":0,"49":0,"50":0,"51":0,"52":0,"53":0,"54":0,"55":0,"56":0,"57":0,"58":0,"59":0,"60":0,"61":0,"62":0,"63":0,"64":0,"65":0,"66":0,"67":0,"68":0,"69":0,"70":0,"71":0,"72":0,"73":0,"74":0,"75":0,"76":0,"77":0,"78":0,"79":0,"80":0,"81":0,"82":0,"83":0,"84":0,"85":0,"86":0,"87":0,"88":0,"89":0,"90":0,"91":0,"92":0,"93":0,"94":0,"95":0,"96":0,"97":0,"98":0,"99":0,"100":0,"101":0,"102":0,"103":0,"104":0,"105":0,"106":0,"107":0,"108":0,"109":0,"110":0,"111":0,"112":0,"113":0,"114":0,"115":0,"116":0,"117":0,"118":0,"119":0,"120":0,"121":0,"122":0,"123":0,"124":0,"125":0,"126":0,"127":0,"128":0,"129":0,"130":0,"131":0,"132":0,"133":0,"134":0,"135":0,"136":0,"137":0,"138":0,"139":0,"140":0,"141":0,"142":0,"143":0,"144":0,"145":0,"146":0,"147":0,"148":0,"149":0,"150":0,"151":0,"152":0,"153":0,"154":0,"155":0,"156":0,"157":0,"158":0,"159":0,"160":0,"161":0,"162":0,"163":0,"164":0,"165":0,"166":0,"167":0,"168":0,"169":0,"170":0,"171":0,"172":0,"173":0,"174":0,"175":0,"176":0,"177":0,"178":0,"179":0,"180":0,"181":0,"182":0,"183":0,"184":0,"185":0,"186":0,"187":0,"188":0,"189":0,"190":0,"191":0,"192":0,"193":0,"194":0,"195":0,"196":0,"197":0,"198":0,"199":0,"200":0,"201":0,"202":0,"203":0,"204":0,"205":0,"206":0,"207":0,"208":0,"209":0,"210":0,"211":0,"212":0,"213":0,"214":0,"215":0,"216":0,"217":0,"218":0,"219":0,"220":0,"221":0,"222":0,"223":0,"224":0,"225":0},"f":{"0":0,"1":0,"2":0,"3":0,"4":0,"5":0,"6":0,"7":0,"8":0,"9":0,"10":0,"11":0,"12":0,"13":0,"14":0,"15":0,"16":0,"17":0,"18":0,"19":0,"20":0,"21":0,"22":0},"b":{"0":[0],"1":[0],"2":[0,0],"3":[0],"4":[0,0],"5":[0,0],"6":[0],"7":[0,0],"8":[0,0],"9":[0,0],"10":[0],"11":[0,0],"12":[0],"13":[0,0],"14":[0],"15":[0],"16":[0,0],"17":[0,0],"18":[0],"19":[0],"20":[0,0],"21":[0,0],"22":[0,0],"23":[0,0],"24":[0,0,0],"25":[0,0],"26":[0,0],"27":[0,0],"28":[0,0],"29":[0,0],"30":[0],"31":[0,0],"32":[0,0],"33":[0,0],"34":[0,0],"35":[0,0],"36":[0,0],"37":[0,0],"38":[0],"39":[0,0],"40":[0,0],"41":[0],"42":[0,0],"43":[0,0],"44":[0,0],"45":[0,0],"46":[0,0],"47":[0,0],"48":[0],"49":[0,0],"50":[0,0],"51":[0,0],"52":[0,0],"53":[0],"54":[0,0],"55":[0,0],"56":[0],"57":[0,0],"58":[0,0,0],"59":[0,0],"60":[0,0],"61":[0,0],"62":[0,0],"63":[0,0],"64":[0,0],"65":[0,0],"66":[0,0],"67":[0,0],"68":[0],"69":[0],"70":[0,0],"71":[0,0],"72":[0,0],"73":[0,0],"74":[0,0],"75":[0,0],"76":[0],"77":[0,0],"78":[0,0],"79":[0,0],"80":[0,0],"81":[0,0,0,0],"82":[0],"83":[0,0],"84":[0,0,0,0,0,0,0,0]}}
,"/Users/kimtrungduong/Downloads/deplao-builder-main/src/services/database/DatabaseMigrations.ts": {"path":"/Users/kimtrungduong/Downloads/deplao-builder-main/src/services/database/DatabaseMigrations.ts","statementMap":{"0":{"start":{"line":1280,"column":0},"end":{"line":1280,"column":16}},"1":{"start":{"line":2,"column":0},"end":{"line":2,"column":40}},"2":{"start":{"line":10,"column":4},"end":{"line":22,"column":5}},"3":{"start":{"line":11,"column":8},"end":{"line":11,"column":21}},"4":{"start":{"line":13,"column":8},"end":{"line":21,"column":9}},"5":{"start":{"line":20,"column":12},"end":{"line":20,"column":22}},"6":{"start":{"line":25,"column":13},"end":{"line":1278,"column":2}},"7":{"start":{"line":29,"column":12},"end":{"line":29,"column":83}},"8":{"start":{"line":30,"column":12},"end":{"line":45,"column":15}},"9":{"start":{"line":47,"column":12},"end":{"line":67,"column":15}},"10":{"start":{"line":69,"column":12},"end":{"line":84,"column":15}},"11":{"start":{"line":86,"column":12},"end":{"line":92,"column":15}},"12":{"start":{"line":94,"column":12},"end":{"line":106,"column":15}},"13":{"start":{"line":108,"column":12},"end":{"line":122,"column":15}},"14":{"start":{"line":124,"column":12},"end":{"line":137,"column":15}},"15":{"start":{"line":139,"column":12},"end":{"line":152,"column":15}},"16":{"start":{"line":154,"column":12},"end":{"line":163,"column":15}},"17":{"start":{"line":165,"column":12},"end":{"line":170,"column":15}},"18":{"start":{"line":172,"column":12},"end":{"line":178,"column":15}},"19":{"start":{"line":180,"column":12},"end":{"line":197,"column":15}},"20":{"start":{"line":199,"column":12},"end":{"line":214,"column":15}},"21":{"start":{"line":216,"column":12},"end":{"line":228,"column":15}},"22":{"start":{"line":230,"column":12},"end":{"line":239,"column":15}},"23":{"start":{"line":241,"column":12},"end":{"line":252,"column":15}},"24":{"start":{"line":254,"column":12},"end":{"line":262,"column":15}},"25":{"start":{"line":264,"column":12},"end":{"line":275,"column":15}},"26":{"start":{"line":277,"column":12},"end":{"line":289,"column":15}},"27":{"start":{"line":291,"column":12},"end":{"line":306,"column":15}},"28":{"start":{"line":308,"column":12},"end":{"line":325,"column":15}},"29":{"start":{"line":327,"column":12},"end":{"line":346,"column":15}},"30":{"start":{"line":348,"column":12},"end":{"line":360,"column":15}},"31":{"start":{"line":362,"column":12},"end":{"line":374,"column":15}},"32":{"start":{"line":376,"column":12},"end":{"line":390,"column":15}},"33":{"start":{"line":392,"column":12},"end":{"line":406,"column":15}},"34":{"start":{"line":408,"column":12},"end":{"line":421,"column":15}},"35":{"start":{"line":423,"column":12},"end":{"line":442,"column":15}},"36":{"start":{"line":444,"column":12},"end":{"line":456,"column":15}},"37":{"start":{"line":458,"column":12},"end":{"line":471,"column":15}},"38":{"start":{"line":473,"column":12},"end":{"line":490,"column":15}},"39":{"start":{"line":492,"column":12},"end":{"line":511,"column":15}},"40":{"start":{"line":513,"column":12},"end":{"line":530,"column":15}},"41":{"start":{"line":536,"column":12},"end":{"line":536,"column":82}},"42":{"start":{"line":537,"column":12},"end":{"line":550,"column":15}},"43":{"start":{"line":552,"column":12},"end":{"line":579,"column":15}},"44":{"start":{"line":581,"column":12},"end":{"line":589,"column":15}},"45":{"start":{"line":591,"column":12},"end":{"line":601,"column":15}},"46":{"start":{"line":603,"column":12},"end":{"line":615,"column":15}},"47":{"start":{"line":617,"column":12},"end":{"line":629,"column":15}},"48":{"start":{"line":631,"column":12},"end":{"line":641,"column":15}},"49":{"start":{"line":643,"column":12},"end":{"line":663,"column":15}},"50":{"start":{"line":665,"column":12},"end":{"line":674,"column":15}},"51":{"start":{"line":676,"column":12},"end":{"line":685,"column":15}},"52":{"start":{"line":687,"column":12},"end":{"line":702,"column":15}},"53":{"start":{"line":704,"column":12},"end":{"line":710,"column":15}},"54":{"start":{"line":712,"column":12},"end":{"line":719,"column":15}},"55":{"start":{"line":721,"column":12},"end":{"line":730,"column":15}},"56":{"start":{"line":732,"column":12},"end":{"line":740,"column":15}},"57":{"start":{"line":742,"column":12},"end":{"line":751,"column":15}},"58":{"start":{"line":753,"column":12},"end":{"line":761,"column":15}},"59":{"start":{"line":763,"column":12},"end":{"line":771,"column":15}},"60":{"start":{"line":773,"column":12},"end":{"line":784,"column":15}},"61":{"start":{"line":786,"column":12},"end":{"line":795,"column":15}},"62":{"start":{"line":797,"column":12},"end":{"line":815,"column":15}},"63":{"start":{"line":817,"column":12},"end":{"line":830,"column":15}},"64":{"start":{"line":832,"column":12},"end":{"line":851,"column":15}},"65":{"start":{"line":853,"column":12},"end":{"line":867,"column":15}},"66":{"start":{"line":873,"column":12},"end":{"line":873,"column":94}},"67":{"start":{"line":875,"column":12},"end":{"line":875,"column":89}},"68":{"start":{"line":876,"column":12},"end":{"line":876,"column":88}},"69":{"start":{"line":877,"column":12},"end":{"line":877,"column":90}},"70":{"start":{"line":878,"column":12},"end":{"line":878,"column":95}},"71":{"start":{"line":879,"column":12},"end":{"line":879,"column":89}},"72":{"start":{"line":882,"column":12},"end":{"line":882,"column":94}},"73":{"start":{"line":885,"column":12},"end":{"line":888,"column":22}},"74":{"start":{"line":886,"column":16},"end":{"line":886,"column":120}},"75":{"start":{"line":887,"column":16},"end":{"line":887,"column":117}},"76":{"start":{"line":891,"column":12},"end":{"line":891,"column":88}},"77":{"start":{"line":892,"column":12},"end":{"line":892,"column":88}},"78":{"start":{"line":893,"column":12},"end":{"line":893,"column":88}},"79":{"start":{"line":896,"column":12},"end":{"line":896,"column":112}},"80":{"start":{"line":897,"column":12},"end":{"line":897,"column":123}},"81":{"start":{"line":903,"column":12},"end":{"line":903,"column":94}},"82":{"start":{"line":905,"column":12},"end":{"line":936,"column":22}},"83":{"start":{"line":906,"column":35},"end":{"line":906,"column":127}},"84":{"start":{"line":907,"column":16},"end":{"line":935,"column":17}},"85":{"start":{"line":908,"column":41},"end":{"line":908,"column":129}},"86":{"start":{"line":909,"column":20},"end":{"line":934,"column":21}},"87":{"start":{"line":910,"column":43},"end":{"line":910,"column":107}},"88":{"start":{"line":911,"column":24},"end":{"line":933,"column":25}},"89":{"start":{"line":912,"column":28},"end":{"line":916,"column":31}},"90":{"start":{"line":917,"column":28},"end":{"line":924,"column":31}},"91":{"start":{"line":925,"column":28},"end":{"line":932,"column":31}},"92":{"start":{"line":939,"column":12},"end":{"line":942,"column":22}},"93":{"start":{"line":940,"column":16},"end":{"line":940,"column":102}},"94":{"start":{"line":941,"column":16},"end":{"line":941,"column":109}},"95":{"start":{"line":945,"column":12},"end":{"line":964,"column":22}},"96":{"start":{"line":946,"column":35},"end":{"line":946,"column":127}},"97":{"start":{"line":947,"column":16},"end":{"line":963,"column":17}},"98":{"start":{"line":948,"column":39},"end":{"line":952,"column":36}},"99":{"start":{"line":953,"column":20},"end":{"line":962,"column":21}},"100":{"start":{"line":954,"column":24},"end":{"line":961,"column":25}},"101":{"start":{"line":955,"column":45},"end":{"line":955,"column":120}},"102":{"start":{"line":956,"column":28},"end":{"line":960,"column":29}},"103":{"start":{"line":957,"column":32},"end":{"line":957,"column":152}},"104":{"start":{"line":959,"column":32},"end":{"line":959,"column":122}},"105":{"start":{"line":970,"column":12},"end":{"line":970,"column":94}},"106":{"start":{"line":972,"column":12},"end":{"line":988,"column":22}},"107":{"start":{"line":973,"column":35},"end":{"line":973,"column":127}},"108":{"start":{"line":974,"column":16},"end":{"line":987,"column":17}},"109":{"start":{"line":975,"column":35},"end":{"line":977,"column":36}},"110":{"start":{"line":978,"column":20},"end":{"line":986,"column":21}},"111":{"start":{"line":979,"column":24},"end":{"line":979,"column":65}},"112":{"start":{"line":979,"column":56},"end":{"line":979,"column":65}},"113":{"start":{"line":980,"column":24},"end":{"line":982,"column":55}},"114":{"start":{"line":983,"column":24},"end":{"line":985,"column":55}},"115":{"start":{"line":991,"column":12},"end":{"line":991,"column":88}},"116":{"start":{"line":992,"column":12},"end":{"line":992,"column":96}},"117":{"start":{"line":993,"column":12},"end":{"line":993,"column":89}},"118":{"start":{"line":996,"column":12},"end":{"line":996,"column":90}},"119":{"start":{"line":999,"column":12},"end":{"line":999,"column":82}},"120":{"start":{"line":1000,"column":12},"end":{"line":1000,"column":90}},"121":{"start":{"line":1006,"column":12},"end":{"line":1006,"column":94}},"122":{"start":{"line":1008,"column":12},"end":{"line":1008,"column":87}},"123":{"start":{"line":1009,"column":12},"end":{"line":1009,"column":89}},"124":{"start":{"line":1010,"column":12},"end":{"line":1010,"column":91}},"125":{"start":{"line":1011,"column":12},"end":{"line":1011,"column":82}},"126":{"start":{"line":1012,"column":12},"end":{"line":1012,"column":88}},"127":{"start":{"line":1013,"column":12},"end":{"line":1013,"column":87}},"128":{"start":{"line":1014,"column":12},"end":{"line":1014,"column":99}},"129":{"start":{"line":1015,"column":12},"end":{"line":1015,"column":91}},"130":{"start":{"line":1016,"column":12},"end":{"line":1016,"column":88}},"131":{"start":{"line":1019,"column":12},"end":{"line":1028,"column":22}},"132":{"start":{"line":1020,"column":35},"end":{"line":1020,"column":107}},"133":{"start":{"line":1021,"column":16},"end":{"line":1027,"column":17}},"134":{"start":{"line":1022,"column":32},"end":{"line":1022,"column":42}},"135":{"start":{"line":1023,"column":20},"end":{"line":1023,"column":161}},"136":{"start":{"line":1024,"column":20},"end":{"line":1024,"column":160}},"137":{"start":{"line":1025,"column":20},"end":{"line":1025,"column":160}},"138":{"start":{"line":1026,"column":20},"end":{"line":1026,"column":165}},"139":{"start":{"line":1034,"column":12},"end":{"line":1034,"column":94}},"140":{"start":{"line":1036,"column":12},"end":{"line":1036,"column":93}},"141":{"start":{"line":1037,"column":12},"end":{"line":1037,"column":86}},"142":{"start":{"line":1038,"column":12},"end":{"line":1038,"column":97}},"143":{"start":{"line":1039,"column":12},"end":{"line":1039,"column":93}},"144":{"start":{"line":1040,"column":12},"end":{"line":1040,"column":94}},"145":{"start":{"line":1041,"column":12},"end":{"line":1041,"column":90}},"146":{"start":{"line":1044,"column":12},"end":{"line":1044,"column":107}},"147":{"start":{"line":1047,"column":12},"end":{"line":1047,"column":109}},"148":{"start":{"line":1048,"column":12},"end":{"line":1048,"column":110}},"149":{"start":{"line":1051,"column":12},"end":{"line":1051,"column":101}},"150":{"start":{"line":1052,"column":12},"end":{"line":1052,"column":102}},"151":{"start":{"line":1053,"column":12},"end":{"line":1053,"column":98}},"152":{"start":{"line":1056,"column":12},"end":{"line":1056,"column":115}},"153":{"start":{"line":1057,"column":12},"end":{"line":1057,"column":113}},"154":{"start":{"line":1058,"column":12},"end":{"line":1058,"column":92}},"155":{"start":{"line":1064,"column":12},"end":{"line":1064,"column":94}},"156":{"start":{"line":1066,"column":12},"end":{"line":1075,"column":15}},"157":{"start":{"line":1076,"column":12},"end":{"line":1076,"column":116}},"158":{"start":{"line":1078,"column":12},"end":{"line":1092,"column":15}},"159":{"start":{"line":1093,"column":12},"end":{"line":1093,"column":103}},"160":{"start":{"line":1094,"column":12},"end":{"line":1094,"column":122}},"161":{"start":{"line":1100,"column":12},"end":{"line":1100,"column":94}},"162":{"start":{"line":1102,"column":12},"end":{"line":1111,"column":15}},"163":{"start":{"line":1112,"column":12},"end":{"line":1112,"column":106}},"164":{"start":{"line":1115,"column":12},"end":{"line":1127,"column":15}},"165":{"start":{"line":1128,"column":12},"end":{"line":1128,"column":106}},"166":{"start":{"line":1131,"column":12},"end":{"line":1131,"column":88}},"167":{"start":{"line":1132,"column":12},"end":{"line":1132,"column":103}},"168":{"start":{"line":1138,"column":12},"end":{"line":1138,"column":94}},"169":{"start":{"line":1140,"column":12},"end":{"line":1154,"column":15}},"170":{"start":{"line":1156,"column":12},"end":{"line":1165,"column":15}},"171":{"start":{"line":1167,"column":12},"end":{"line":1175,"column":15}},"172":{"start":{"line":1177,"column":12},"end":{"line":1189,"column":15}},"173":{"start":{"line":1190,"column":12},"end":{"line":1190,"column":118}},"174":{"start":{"line":1191,"column":12},"end":{"line":1191,"column":110}},"175":{"start":{"line":1192,"column":12},"end":{"line":1192,"column":110}},"176":{"start":{"line":1194,"column":12},"end":{"line":1204,"column":15}},"177":{"start":{"line":1210,"column":12},"end":{"line":1210,"column":94}},"178":{"start":{"line":1212,"column":12},"end":{"line":1221,"column":15}},"179":{"start":{"line":1222,"column":12},"end":{"line":1222,"column":88}},"180":{"start":{"line":1225,"column":12},"end":{"line":1225,"column":98}},"181":{"start":{"line":1228,"column":12},"end":{"line":1228,"column":106}},"182":{"start":{"line":1229,"column":12},"end":{"line":1229,"column":104}},"183":{"start":{"line":1230,"column":12},"end":{"line":1230,"column":109}},"184":{"start":{"line":1233,"column":12},"end":{"line":1233,"column":89}},"185":{"start":{"line":1239,"column":12},"end":{"line":1239,"column":91}},"186":{"start":{"line":1241,"column":12},"end":{"line":1241,"column":124}},"187":{"start":{"line":1242,"column":12},"end":{"line":1242,"column":139}},"188":{"start":{"line":1243,"column":12},"end":{"line":1243,"column":99}},"189":{"start":{"line":1250,"column":12},"end":{"line":1250,"column":92}},"190":{"start":{"line":1253,"column":12},"end":{"line":1253,"column":134}},"191":{"start":{"line":1254,"column":12},"end":{"line":1254,"column":134}},"192":{"start":{"line":1255,"column":12},"end":{"line":1255,"column":121}},"193":{"start":{"line":1256,"column":12},"end":{"line":1256,"column":140}},"194":{"start":{"line":1259,"column":12},"end":{"line":1259,"column":122}},"195":{"start":{"line":1260,"column":12},"end":{"line":1260,"column":138}},"196":{"start":{"line":1263,"column":12},"end":{"line":1263,"column":135}},"197":{"start":{"line":1266,"column":12},"end":{"line":1266,"column":128}},"198":{"start":{"line":1267,"column":12},"end":{"line":1267,"column":127}},"199":{"start":{"line":1270,"column":12},"end":{"line":1270,"column":119}},"200":{"start":{"line":1273,"column":12},"end":{"line":1273,"column":145}},"201":{"start":{"line":1275,"column":12},"end":{"line":1275,"column":93}},"202":{"start":{"line":1281,"column":4},"end":{"line":1281,"column":72}},"203":{"start":{"line":1282,"column":4},"end":{"line":1287,"column":7}},"204":{"start":{"line":1289,"column":20},"end":{"line":1289,"column":37}},"205":{"start":{"line":1290,"column":4},"end":{"line":1297,"column":5}},"206":{"start":{"line":1291,"column":21},"end":{"line":1291,"column":91}},"207":{"start":{"line":1292,"column":8},"end":{"line":1294,"column":9}},"208":{"start":{"line":1293,"column":12},"end":{"line":1293,"column":35}},"209":{"start":{"line":1296,"column":8},"end":{"line":1296,"column":94}},"210":{"start":{"line":1299,"column":4},"end":{"line":1313,"column":5}},"211":{"start":{"line":1300,"column":8},"end":{"line":1312,"column":9}},"212":{"start":{"line":1301,"column":12},"end":{"line":1301,"column":89}},"213":{"start":{"line":1302,"column":12},"end":{"line":1311,"column":13}},"214":{"start":{"line":1303,"column":16},"end":{"line":1306,"column":21}},"215":{"start":{"line":1304,"column":20},"end":{"line":1304,"column":33}},"216":{"start":{"line":1305,"column":20},"end":{"line":1305,"column":131}},"217":{"start":{"line":1307,"column":16},"end":{"line":1307,"column":105}},"218":{"start":{"line":1309,"column":16},"end":{"line":1309,"column":117}},"219":{"start":{"line":1310,"column":16},"end":{"line":1310,"column":26}},"220":{"start":{"line":1314,"column":4},"end":{"line":1314,"column":83}}},"fnMap":{"0":{"name":"execSafe","decl":{"start":{"line":9,"column":9},"end":{"line":9,"column":17}},"loc":{"start":{"line":9,"column":57},"end":{"line":23,"column":1}}},"1":{"name":"(anonymous_2)","decl":{"start":{"line":28,"column":12},"end":{"line":28,"column":13}},"loc":{"start":{"line":28,"column":19},"end":{"line":531,"column":9}}},"2":{"name":"(anonymous_3)","decl":{"start":{"line":535,"column":12},"end":{"line":535,"column":13}},"loc":{"start":{"line":535,"column":19},"end":{"line":868,"column":9}}},"3":{"name":"(anonymous_4)","decl":{"start":{"line":872,"column":12},"end":{"line":872,"column":13}},"loc":{"start":{"line":872,"column":19},"end":{"line":898,"column":9}}},"4":{"name":"(anonymous_5)","decl":{"start":{"line":902,"column":12},"end":{"line":902,"column":13}},"loc":{"start":{"line":902,"column":19},"end":{"line":965,"column":9}}},"5":{"name":"(anonymous_6)","decl":{"start":{"line":969,"column":12},"end":{"line":969,"column":13}},"loc":{"start":{"line":969,"column":19},"end":{"line":1001,"column":9}}},"6":{"name":"(anonymous_7)","decl":{"start":{"line":1005,"column":12},"end":{"line":1005,"column":13}},"loc":{"start":{"line":1005,"column":19},"end":{"line":1029,"column":9}}},"7":{"name":"(anonymous_8)","decl":{"start":{"line":1033,"column":12},"end":{"line":1033,"column":13}},"loc":{"start":{"line":1033,"column":19},"end":{"line":1059,"column":9}}},"8":{"name":"(anonymous_9)","decl":{"start":{"line":1063,"column":12},"end":{"line":1063,"column":13}},"loc":{"start":{"line":1063,"column":19},"end":{"line":1095,"column":9}}},"9":{"name":"(anonymous_10)","decl":{"start":{"line":1099,"column":12},"end":{"line":1099,"column":13}},"loc":{"start":{"line":1099,"column":19},"end":{"line":1133,"column":9}}},"10":{"name":"(anonymous_11)","decl":{"start":{"line":1137,"column":12},"end":{"line":1137,"column":13}},"loc":{"start":{"line":1137,"column":19},"end":{"line":1205,"column":9}}},"11":{"name":"(anonymous_12)","decl":{"start":{"line":1209,"column":12},"end":{"line":1209,"column":13}},"loc":{"start":{"line":1209,"column":19},"end":{"line":1234,"column":9}}},"12":{"name":"(anonymous_13)","decl":{"start":{"line":1238,"column":12},"end":{"line":1238,"column":13}},"loc":{"start":{"line":1238,"column":19},"end":{"line":1244,"column":9}}},"13":{"name":"(anonymous_14)","decl":{"start":{"line":1249,"column":12},"end":{"line":1249,"column":13}},"loc":{"start":{"line":1249,"column":19},"end":{"line":1276,"column":9}}},"14":{"name":"runMigrations","decl":{"start":{"line":1280,"column":16},"end":{"line":1280,"column":29}},"loc":{"start":{"line":1280,"column":60},"end":{"line":1315,"column":1}}},"15":{"name":"(anonymous_16)","decl":{"start":{"line":1303,"column":35},"end":{"line":1303,"column":38}},"loc":{"start":{"line":1303,"column":40},"end":{"line":1306,"column":17}}}},"branchMap":{"0":{"loc":{"start":{"line":13,"column":8},"end":{"line":21,"column":9}},"type":"if","locations":[{"start":{"line":13,"column":8},"end":{"line":21,"column":9}},{"start":{"line":19,"column":15},"end":{"line":21,"column":9}}]},"1":{"loc":{"start":{"line":14,"column":12},"end":{"line":16,"column":57}},"type":"binary-expr","locations":[{"start":{"line":14,"column":12},"end":{"line":14,"column":57}},{"start":{"line":15,"column":12},"end":{"line":15,"column":50}},{"start":{"line":16,"column":12},"end":{"line":16,"column":57}}]},"2":{"loc":{"start":{"line":907,"column":16},"end":{"line":935,"column":17}},"type":"if","locations":[{"start":{"line":907,"column":16},"end":{"line":935,"column":17}}]},"3":{"loc":{"start":{"line":909,"column":20},"end":{"line":934,"column":21}},"type":"if","locations":[{"start":{"line":909,"column":20},"end":{"line":934,"column":21}}]},"4":{"loc":{"start":{"line":909,"column":25},"end":{"line":909,"column":45}},"type":"binary-expr","locations":[{"start":{"line":909,"column":25},"end":{"line":909,"column":40}},{"start":{"line":909,"column":44},"end":{"line":909,"column":45}}]},"5":{"loc":{"start":{"line":911,"column":24},"end":{"line":933,"column":25}},"type":"if","locations":[{"start":{"line":911,"column":24},"end":{"line":933,"column":25}}]},"6":{"loc":{"start":{"line":911,"column":29},"end":{"line":911,"column":47}},"type":"binary-expr","locations":[{"start":{"line":911,"column":29},"end":{"line":911,"column":42}},{"start":{"line":911,"column":46},"end":{"line":911,"column":47}}]},"7":{"loc":{"start":{"line":947,"column":16},"end":{"line":963,"column":17}},"type":"if","locations":[{"start":{"line":947,"column":16},"end":{"line":963,"column":17}}]},"8":{"loc":{"start":{"line":954,"column":24},"end":{"line":961,"column":25}},"type":"if","locations":[{"start":{"line":954,"column":24},"end":{"line":961,"column":25}}]},"9":{"loc":{"start":{"line":956,"column":28},"end":{"line":960,"column":29}},"type":"if","locations":[{"start":{"line":956,"column":28},"end":{"line":960,"column":29}},{"start":{"line":958,"column":35},"end":{"line":960,"column":29}}]},"10":{"loc":{"start":{"line":974,"column":16},"end":{"line":987,"column":17}},"type":"if","locations":[{"start":{"line":974,"column":16},"end":{"line":987,"column":17}}]},"11":{"loc":{"start":{"line":979,"column":24},"end":{"line":979,"column":65}},"type":"if","locations":[{"start":{"line":979,"column":24},"end":{"line":979,"column":65}}]},"12":{"loc":{"start":{"line":1021,"column":16},"end":{"line":1027,"column":17}},"type":"if","locations":[{"start":{"line":1021,"column":16},"end":{"line":1027,"column":17}}]},"13":{"loc":{"start":{"line":1021,"column":21},"end":{"line":1021,"column":39}},"type":"binary-expr","locations":[{"start":{"line":1021,"column":21},"end":{"line":1021,"column":34}},{"start":{"line":1021,"column":38},"end":{"line":1021,"column":39}}]},"14":{"loc":{"start":{"line":1300,"column":8},"end":{"line":1312,"column":9}},"type":"if","locations":[{"start":{"line":1300,"column":8},"end":{"line":1312,"column":9}}]}},"s":{"0":3,"1":3,"2":0,"3":0,"4":0,"5":0,"6":3,"7":0,"8":0,"9":0,"10":0,"11":0,"12":0,"13":0,"14":0,"15":0,"16":0,"17":0,"18":0,"19":0,"20":0,"21":0,"22":0,"23":0,"24":0,"25":0,"26":0,"27":0,"28":0,"29":0,"30":0,"31":0,"32":0,"33":0,"34":0,"35":0,"36":0,"37":0,"38":0,"39":0,"40":0,"41":0,"42":0,"43":0,"44":0,"45":0,"46":0,"47":0,"48":0,"49":0,"50":0,"51":0,"52":0,"53":0,"54":0,"55":0,"56":0,"57":0,"58":0,"59":0,"60":0,"61":0,"62":0,"63":0,"64":0,"65":0,"66":0,"67":0,"68":0,"69":0,"70":0,"71":0,"72":0,"73":0,"74":0,"75":0,"76":0,"77":0,"78":0,"79":0,"80":0,"81":0,"82":0,"83":0,"84":0,"85":0,"86":0,"87":0,"88":0,"89":0,"90":0,"91":0,"92":0,"93":0,"94":0,"95":0,"96":0,"97":0,"98":0,"99":0,"100":0,"101":0,"102":0,"103":0,"104":0,"105":0,"106":0,"107":0,"108":0,"109":0,"110":0,"111":0,"112":0,"113":0,"114":0,"115":0,"116":0,"117":0,"118":0,"119":0,"120":0,"121":0,"122":0,"123":0,"124":0,"125":0,"126":0,"127":0,"128":0,"129":0,"130":0,"131":0,"132":0,"133":0,"134":0,"135":0,"136":0,"137":0,"138":0,"139":0,"140":0,"141":0,"142":0,"143":0,"144":0,"145":0,"146":0,"147":0,"148":0,"149":0,"150":0,"151":0,"152":0,"153":0,"154":0,"155":0,"156":0,"157":0,"158":0,"159":0,"160":0,"161":0,"162":0,"163":0,"164":0,"165":0,"166":0,"167":0,"168":0,"169":0,"170":0,"171":0,"172":0,"173":0,"174":0,"175":0,"176":0,"177":0,"178":0,"179":0,"180":0,"181":0,"182":0,"183":0,"184":0,"185":0,"186":0,"187":0,"188":0,"189":0,"190":0,"191":0,"192":0,"193":0,"194":0,"195":0,"196":0,"197":0,"198":0,"199":0,"200":0,"201":0,"202":0,"203":0,"204":0,"205":0,"206":0,"207":0,"208":0,"209":0,"210":0,"211":0,"212":0,"213":0,"214":0,"215":0,"216":0,"217":0,"218":0,"219":0,"220":0},"f":{"0":0,"1":0,"2":0,"3":0,"4":0,"5":0,"6":0,"7":0,"8":0,"9":0,"10":0,"11":0,"12":0,"13":0,"14":0,"15":0},"b":{"0":[0,0],"1":[0,0,0],"2":[0],"3":[0],"4":[0,0],"5":[0],"6":[0,0],"7":[0],"8":[0],"9":[0,0],"10":[0],"11":[0],"12":[0],"13":[0,0],"14":[0]}}
,"/Users/kimtrungduong/Downloads/deplao-builder-main/src/services/event/EventBroadcaster.ts": {"path":"/Users/kimtrungduong/Downloads/deplao-builder-main/src/services/event/EventBroadcaster.ts","statementMap":{"0":{"start":{"line":9,"column":0},"end":{"line":9,"column":16}},"1":{"start":{"line":2,"column":0},"end":{"line":2,"column":29}},"2":{"start":{"line":3,"column":0},"end":{"line":3,"column":40}},"3":{"start":{"line":4,"column":0},"end":{"line":4,"column":58}},"4":{"start":{"line":5,"column":0},"end":{"line":5,"column":60}},"5":{"start":{"line":8,"column":82},"end":{"line":8,"column":86}},"6":{"start":{"line":10,"column":4},"end":{"line":10,"column":33}},"7":{"start":{"line":29,"column":25},"end":{"line":29,"column":47}},"8":{"start":{"line":31,"column":8},"end":{"line":38,"column":9}},"9":{"start":{"line":33,"column":12},"end":{"line":36,"column":13}},"10":{"start":{"line":34,"column":33},"end":{"line":34,"column":79}},"11":{"start":{"line":35,"column":16},"end":{"line":35,"column":74}},"12":{"start":{"line":35,"column":30},"end":{"line":35,"column":74}},"13":{"start":{"line":37,"column":12},"end":{"line":37,"column":70}},"14":{"start":{"line":42,"column":8},"end":{"line":42,"column":26}},"15":{"start":{"line":47,"column":8},"end":{"line":47,"column":33}},"16":{"start":{"line":52,"column":8},"end":{"line":65,"column":9}},"17":{"start":{"line":53,"column":37},"end":{"line":53,"column":84}},"18":{"start":{"line":54,"column":23},"end":{"line":54,"column":53}},"19":{"start":{"line":55,"column":36},"end":{"line":55,"column":75}},"20":{"start":{"line":56,"column":12},"end":{"line":61,"column":13}},"21":{"start":{"line":57,"column":34},"end":{"line":57,"column":64}},"22":{"start":{"line":58,"column":16},"end":{"line":60,"column":17}},"23":{"start":{"line":59,"column":20},"end":{"line":59,"column":120}},"24":{"start":{"line":62,"column":12},"end":{"line":62,"column":63}},"25":{"start":{"line":64,"column":12},"end":{"line":64,"column":63}},"26":{"start":{"line":69,"column":31},"end":{"line":69,"column":56}},"27":{"start":{"line":70,"column":19},"end":{"line":70,"column":48}},"28":{"start":{"line":71,"column":8},"end":{"line":75,"column":9}},"29":{"start":{"line":72,"column":12},"end":{"line":72,"column":52}},"30":{"start":{"line":72,"column":44},"end":{"line":72,"column":50}},"31":{"start":{"line":74,"column":12},"end":{"line":74,"column":19}},"32":{"start":{"line":79,"column":36},"end":{"line":79,"column":61}},"33":{"start":{"line":80,"column":8},"end":{"line":84,"column":9}},"34":{"start":{"line":81,"column":12},"end":{"line":81,"column":37}},"35":{"start":{"line":83,"column":12},"end":{"line":83,"column":46}},"36":{"start":{"line":93,"column":8},"end":{"line":95,"column":9}},"37":{"start":{"line":94,"column":12},"end":{"line":94,"column":50}},"38":{"start":{"line":96,"column":22},"end":{"line":96,"column":56}},"39":{"start":{"line":98,"column":8},"end":{"line":100,"column":9}},"40":{"start":{"line":99,"column":12},"end":{"line":99,"column":33}},"41":{"start":{"line":102,"column":8},"end":{"line":108,"column":10}},"42":{"start":{"line":103,"column":24},"end":{"line":103,"column":57}},"43":{"start":{"line":104,"column":12},"end":{"line":107,"column":13}},"44":{"start":{"line":105,"column":28},"end":{"line":105,"column":49}},"45":{"start":{"line":106,"column":16},"end":{"line":106,"column":49}},"46":{"start":{"line":106,"column":30},"end":{"line":106,"column":49}},"47":{"start":{"line":115,"column":8},"end":{"line":115,"column":37}},"48":{"start":{"line":120,"column":22},"end":{"line":120,"column":55}},"49":{"start":{"line":121,"column":8},"end":{"line":125,"column":9}},"50":{"start":{"line":122,"column":12},"end":{"line":124,"column":13}},"51":{"start":{"line":123,"column":16},"end":{"line":123,"column":44}},"52":{"start":{"line":123,"column":22},"end":{"line":123,"column":33}},"53":{"start":{"line":126,"column":8},"end":{"line":128,"column":9}},"54":{"start":{"line":127,"column":12},"end":{"line":127,"column":56}},"55":{"start":{"line":137,"column":8},"end":{"line":139,"column":9}},"56":{"start":{"line":138,"column":12},"end":{"line":138,"column":56}},"57":{"start":{"line":149,"column":22},"end":{"line":149,"column":55}},"58":{"start":{"line":150,"column":8},"end":{"line":154,"column":9}},"59":{"start":{"line":151,"column":12},"end":{"line":153,"column":13}},"60":{"start":{"line":152,"column":16},"end":{"line":152,"column":44}},"61":{"start":{"line":152,"column":22},"end":{"line":152,"column":33}},"62":{"start":{"line":166,"column":8},"end":{"line":166,"column":63}},"63":{"start":{"line":166,"column":53},"end":{"line":166,"column":63}},"64":{"start":{"line":167,"column":8},"end":{"line":196,"column":18}},"65":{"start":{"line":168,"column":27},"end":{"line":170,"column":40}},"66":{"start":{"line":172,"column":37},"end":{"line":172,"column":58}},"67":{"start":{"line":173,"column":12},"end":{"line":195,"column":13}},"68":{"start":{"line":174,"column":39},"end":{"line":174,"column":41}},"69":{"start":{"line":177,"column":16},"end":{"line":183,"column":17}},"70":{"start":{"line":178,"column":20},"end":{"line":178,"column":85}},"71":{"start":{"line":178,"column":64},"end":{"line":178,"column":83}},"72":{"start":{"line":181,"column":21},"end":{"line":183,"column":17}},"73":{"start":{"line":182,"column":20},"end":{"line":182,"column":86}},"74":{"start":{"line":182,"column":65},"end":{"line":182,"column":84}},"75":{"start":{"line":185,"column":16},"end":{"line":191,"column":17}},"76":{"start":{"line":187,"column":38},"end":{"line":188,"column":null}},"77":{"start":{"line":188,"column":24},"end":{"line":188,"column":57}},"78":{"start":{"line":190,"column":20},"end":{"line":190,"column":52}},"79":{"start":{"line":190,"column":35},"end":{"line":190,"column":52}},"80":{"start":{"line":194,"column":16},"end":{"line":194,"column":73}},"81":{"start":{"line":194,"column":57},"end":{"line":194,"column":73}},"82":{"start":{"line":199,"column":8},"end":{"line":199,"column":43}},"83":{"start":{"line":211,"column":8},"end":{"line":736,"column":9}},"84":{"start":{"line":216,"column":44},"end":{"line":216,"column":48}},"85":{"start":{"line":217,"column":34},"end":{"line":217,"column":38}},"86":{"start":{"line":218,"column":12},"end":{"line":230,"column":13}},"87":{"start":{"line":219,"column":16},"end":{"line":229,"column":26}},"88":{"start":{"line":220,"column":45},"end":{"line":220,"column":92}},"89":{"start":{"line":221,"column":31},"end":{"line":221,"column":61}},"90":{"start":{"line":222,"column":20},"end":{"line":222,"column":78}},"91":{"start":{"line":223,"column":20},"end":{"line":228,"column":21}},"92":{"start":{"line":224,"column":42},"end":{"line":224,"column":72}},"93":{"start":{"line":225,"column":24},"end":{"line":227,"column":25}},"94":{"start":{"line":226,"column":28},"end":{"line":226,"column":94}},"95":{"start":{"line":233,"column":12},"end":{"line":240,"column":13}},"96":{"start":{"line":234,"column":30},"end":{"line":234,"column":49}},"97":{"start":{"line":235,"column":16},"end":{"line":237,"column":17}},"98":{"start":{"line":236,"column":20},"end":{"line":236,"column":27}},"99":{"start":{"line":239,"column":16},"end":{"line":239,"column":39}},"100":{"start":{"line":248,"column":33},"end":{"line":248,"column":68}},"101":{"start":{"line":249,"column":33},"end":{"line":249,"column":54}},"102":{"start":{"line":250,"column":12},"end":{"line":374,"column":13}},"103":{"start":{"line":255,"column":35},"end":{"line":255,"column":87}},"104":{"start":{"line":256,"column":16},"end":{"line":372,"column":17}},"105":{"start":{"line":257,"column":37},"end":{"line":257,"column":93}},"106":{"start":{"line":258,"column":37},"end":{"line":258,"column":85}},"107":{"start":{"line":259,"column":20},"end":{"line":263,"column":30}},"108":{"start":{"line":260,"column":24},"end":{"line":262,"column":26}},"109":{"start":{"line":268,"column":20},"end":{"line":359,"column":21}},"110":{"start":{"line":269,"column":41},"end":{"line":271,"column":66}},"111":{"start":{"line":272,"column":47},"end":{"line":272,"column":70}},"112":{"start":{"line":273,"column":42},"end":{"line":275,"column":null}},"113":{"start":{"line":274,"column":28},"end":{"line":275,"column":76}},"114":{"start":{"line":277,"column":42},"end":{"line":277,"column":83}},"115":{"start":{"line":278,"column":40},"end":{"line":280,"column":87}},"116":{"start":{"line":282,"column":24},"end":{"line":356,"column":25}},"117":{"start":{"line":283,"column":47},"end":{"line":285,"column":54}},"118":{"start":{"line":286,"column":48},"end":{"line":286,"column":116}},"119":{"start":{"line":288,"column":28},"end":{"line":355,"column":29}},"120":{"start":{"line":289,"column":43},"end":{"line":289,"column":72}},"121":{"start":{"line":290,"column":32},"end":{"line":348,"column":33}},"122":{"start":{"line":291,"column":36},"end":{"line":291,"column":91}},"123":{"start":{"line":292,"column":36},"end":{"line":292,"column":132}},"124":{"start":{"line":295,"column":64},"end":{"line":296,"column":77}},"125":{"start":{"line":297,"column":53},"end":{"line":297,"column":112}},"126":{"start":{"line":300,"column":52},"end":{"line":300,"column":90}},"127":{"start":{"line":301,"column":36},"end":{"line":346,"column":37}},"128":{"start":{"line":303,"column":58},"end":{"line":303,"column":60}},"129":{"start":{"line":304,"column":59},"end":{"line":304,"column":61}},"130":{"start":{"line":305,"column":51},"end":{"line":305,"column":73}},"131":{"start":{"line":306,"column":40},"end":{"line":309,"column":50}},"132":{"start":{"line":307,"column":55},"end":{"line":307,"column":94}},"133":{"start":{"line":308,"column":44},"end":{"line":308,"column":82}},"134":{"start":{"line":310,"column":40},"end":{"line":315,"column":41}},"135":{"start":{"line":311,"column":44},"end":{"line":314,"column":54}},"136":{"start":{"line":312,"column":58},"end":{"line":312,"column":93}},"137":{"start":{"line":313,"column":48},"end":{"line":313,"column":127}},"138":{"start":{"line":316,"column":40},"end":{"line":321,"column":41}},"139":{"start":{"line":317,"column":44},"end":{"line":320,"column":114}},"140":{"start":{"line":318,"column":58},"end":{"line":318,"column":93}},"141":{"start":{"line":319,"column":48},"end":{"line":319,"column":128}},"142":{"start":{"line":320,"column":54},"end":{"line":320,"column":112}},"143":{"start":{"line":322,"column":40},"end":{"line":331,"column":43}},"144":{"start":{"line":334,"column":66},"end":{"line":334,"column":128}},"145":{"start":{"line":335,"column":60},"end":{"line":335,"column":179}},"146":{"start":{"line":336,"column":40},"end":{"line":345,"column":43}},"147":{"start":{"line":347,"column":36},"end":{"line":347,"column":147}},"148":{"start":{"line":351,"column":32},"end":{"line":354,"column":35}},"149":{"start":{"line":358,"column":24},"end":{"line":358,"column":98}},"150":{"start":{"line":363,"column":20},"end":{"line":371,"column":23}},"151":{"start":{"line":373,"column":16},"end":{"line":373,"column":23}},"152":{"start":{"line":378,"column":12},"end":{"line":419,"column":13}},"153":{"start":{"line":379,"column":16},"end":{"line":418,"column":17}},"154":{"start":{"line":380,"column":39},"end":{"line":380,"column":60}},"155":{"start":{"line":381,"column":39},"end":{"line":381,"column":115}},"156":{"start":{"line":382,"column":43},"end":{"line":382,"column":67}},"157":{"start":{"line":383,"column":20},"end":{"line":415,"column":21}},"158":{"start":{"line":384,"column":39},"end":{"line":386,"column":55}},"159":{"start":{"line":387,"column":39},"end":{"line":387,"column":66}},"160":{"start":{"line":388,"column":49},"end":{"line":388,"column":70}},"161":{"start":{"line":389,"column":50},"end":{"line":389,"column":100}},"162":{"start":{"line":390,"column":42},"end":{"line":390,"column":82}},"163":{"start":{"line":391,"column":49},"end":{"line":391,"column":71}},"164":{"start":{"line":392,"column":48},"end":{"line":392,"column":71}},"165":{"start":{"line":393,"column":43},"end":{"line":395,"column":54}},"166":{"start":{"line":397,"column":24},"end":{"line":414,"column":25}},"167":{"start":{"line":398,"column":44},"end":{"line":399,"column":null}},"168":{"start":{"line":401,"column":28},"end":{"line":413,"column":29}},"169":{"start":{"line":403,"column":32},"end":{"line":410,"column":35}},"170":{"start":{"line":411,"column":32},"end":{"line":411,"column":117}},"171":{"start":{"line":412,"column":32},"end":{"line":412,"column":39}},"172":{"start":{"line":417,"column":20},"end":{"line":417,"column":101}},"173":{"start":{"line":423,"column":12},"end":{"line":452,"column":13}},"174":{"start":{"line":424,"column":16},"end":{"line":448,"column":19}},"175":{"start":{"line":425,"column":20},"end":{"line":425,"column":79}},"176":{"start":{"line":427,"column":20},"end":{"line":429,"column":21}},"177":{"start":{"line":428,"column":24},"end":{"line":428,"column":108}},"178":{"start":{"line":428,"column":30},"end":{"line":428,"column":97}},"179":{"start":{"line":430,"column":20},"end":{"line":438,"column":21}},"180":{"start":{"line":431,"column":47},"end":{"line":431,"column":80}},"181":{"start":{"line":432,"column":44},"end":{"line":432,"column":76
[...]
:[{"start":{"line":33,"column":4},"end":{"line":35,"column":5}}]},"4":{"loc":{"start":{"line":45,"column":25},"end":{"line":45,"column":66}},"type":"binary-expr","locations":[{"start":{"line":45,"column":25},"end":{"line":45,"column":39}},{"start":{"line":45,"column":43},"end":{"line":45,"column":60}},{"start":{"line":45,"column":64},"end":{"line":45,"column":66}}]},"5":{"loc":{"start":{"line":47,"column":4},"end":{"line":49,"column":5}},"type":"if","locations":[{"start":{"line":47,"column":4},"end":{"line":49,"column":5}}]},"6":{"loc":{"start":{"line":47,"column":8},"end":{"line":47,"column":64}},"type":"binary-expr","locations":[{"start":{"line":47,"column":8},"end":{"line":47,"column":45}},{"start":{"line":47,"column":49},"end":{"line":47,"column":64}}]},"7":{"loc":{"start":{"line":51,"column":4},"end":{"line":53,"column":5}},"type":"if","locations":[{"start":{"line":51,"column":4},"end":{"line":53,"column":5}}]},"8":{"loc":{"start":{"line":51,"column":8},"end":{"line":51,"column":87}},"type":"binary-expr","locations":[{"start":{"line":51,"column":8},"end":{"line":51,"column":68}},{"start":{"line":51,"column":72},"end":{"line":51,"column":87}}]},"9":{"loc":{"start":{"line":55,"column":4},"end":{"line":57,"column":5}},"type":"if","locations":[{"start":{"line":55,"column":4},"end":{"line":57,"column":5}}]},"10":{"loc":{"start":{"line":55,"column":8},"end":{"line":55,"column":86}},"type":"binary-expr","locations":[{"start":{"line":55,"column":8},"end":{"line":55,"column":67}},{"start":{"line":55,"column":71},"end":{"line":55,"column":86}}]},"11":{"loc":{"start":{"line":72,"column":4},"end":{"line":72,"column":30}},"type":"default-arg","locations":[{"start":{"line":72,"column":28},"end":{"line":72,"column":30}}]},"12":{"loc":{"start":{"line":75,"column":8},"end":{"line":75,"column":22}},"type":"default-arg","locations":[{"start":{"line":75,"column":21},"end":{"line":75,"column":22}}]},"13":{"loc":{"start":{"line":76,"column":8},"end":{"line":76,"column":24}},"type":"default-arg","locations":[{"start":{"line":76,"column":23},"end":{"line":76,"column":24}}]},"14":{"loc":{"start":{"line":78,"column":8},"end":{"line":78,"column":34}},"type":"default-arg","locations":[{"start":{"line":78,"column":24},"end":{"line":78,"column":34}}]},"15":{"loc":{"start":{"line":92,"column":29},"end":{"line":92,"column":83}},"type":"binary-expr","locations":[{"start":{"line":92,"column":29},"end":{"line":92,"column":43}},{"start":{"line":92,"column":47},"end":{"line":92,"column":64}},{"start":{"line":92,"column":68},"end":{"line":92,"column":83}}]},"16":{"loc":{"start":{"line":97,"column":8},"end":{"line":108,"column":9}},"type":"if","locations":[{"start":{"line":97,"column":8},"end":{"line":108,"column":9}}]},"17":{"loc":{"start":{"line":97,"column":12},"end":{"line":97,"column":64}},"type":"binary-expr","locations":[{"start":{"line":97,"column":12},"end":{"line":97,"column":35}},{"start":{"line":97,"column":39},"end":{"line":97,"column":64}}]}},"s":{"0":1,"1":1,"2":15,"3":15,"4":8,"5":7,"6":3,"7":4,"8":6,"9":6,"10":0,"11":6,"12":1,"13":5,"14":0,"15":5,"16":18,"17":18,"18":18,"19":3,"20":15,"21":15,"22":15,"23":9,"24":9,"25":9,"26":9,"27":6,"28":6},"f":{"0":15,"1":6,"2":18,"3":9},"b":{"0":[15,0,0],"1":[8],"2":[15,7],"3":[3],"4":[6,0,0],"5":[0],"6":[6,1],"7":[1],"8":[6,2],"9":[0],"10":[5,1],"11":[3],"12":[7],"13":[9],"14":[7],"15":[15,0,0],"16":[9],"17":[15,13]}}
,"/Users/kimtrungduong/Downloads/deplao-builder-main/src/utils/AppModeManager.ts": {"path":"/Users/kimtrungduong/Downloads/deplao-builder-main/src/utils/AppModeManager.ts","statementMap":{"0":{"start":{"line":1,"column":0},"end":{"line":1,"column":37}},"1":{"start":{"line":2,"column":0},"end":{"line":2,"column":50}},"2":{"start":{"line":19,"column":12},"end":{"line":19,"column":41}},"3":{"start":{"line":20,"column":12},"end":{"line":20,"column":45}},"4":{"start":{"line":21,"column":12},"end":{"line":21,"column":35}},"5":{"start":{"line":24,"column":8},"end":{"line":26,"column":9}},"6":{"start":{"line":25,"column":12},"end":{"line":25,"column":59}},"7":{"start":{"line":27,"column":8},"end":{"line":27,"column":39}},"8":{"start":{"line":32,"column":8},"end":{"line":32,"column":50}},"9":{"start":{"line":32,"column":33},"end":{"line":32,"column":50}},"10":{"start":{"line":35,"column":8},"end":{"line":40,"column":9}},"11":{"start":{"line":36,"column":23},"end":{"line":36,"column":53}},"12":{"start":{"line":37,"column":12},"end":{"line":37,"column":42}},"13":{"start":{"line":39,"column":12},"end":{"line":39,"column":29}},"14":{"start":{"line":44,"column":8},"end":{"line":44,"column":25}},"15":{"start":{"line":45,"column":8},"end":{"line":45,"column":35}},"16":{"start":{"line":46,"column":8},"end":{"line":46,"column":78}},"17":{"start":{"line":51,"column":8},"end":{"line":51,"column":36}},"18":{"start":{"line":52,"column":8},"end":{"line":52,"column":93}},"19":{"start":{"line":56,"column":8},"end":{"line":56,"column":45}},"20":{"start":{"line":60,"column":8},"end":{"line":60,"column":41}},"21":{"start":{"line":64,"column":8},"end":{"line":64,"column":47}},"22":{"start":{"line":68,"column":8},"end":{"line":68,"column":31}},"23":{"start":{"line":72,"column":8},"end":{"line":72,"column":29}},"24":{"start":{"line":76,"column":0},"end":{"line":76,"column":30}}},"fnMap":{"0":{"name":"(anonymous_1)","decl":{"start":{"line":17,"column":0},"end":{"line":17,"column":6}},"loc":{"start":{"line":17,"column":0},"end":{"line":74,"column":1}}},"1":{"name":"(anonymous_2)","decl":{"start":{"line":23,"column":11},"end":{"line":23,"column":17}},"loc":{"start":{"line":23,"column":29},"end":{"line":28,"column":5}}},"2":{"name":"(anonymous_3)","decl":{"start":{"line":30,"column":11},"end":{"line":30,"column":18}},"loc":{"start":{"line":30,"column":18},"end":{"line":41,"column":5}}},"3":{"name":"(anonymous_4)","decl":{"start":{"line":43,"column":11},"end":{"line":43,"column":18}},"loc":{"start":{"line":43,"column":32},"end":{"line":47,"column":5}}},"4":{"name":"(anonymous_5)","decl":{"start":{"line":50,"column":11},"end":{"line":50,"column":24}},"loc":{"start":{"line":50,"column":24},"end":{"line":53,"column":5}}},"5":{"name":"(anonymous_6)","decl":{"start":{"line":55,"column":11},"end":{"line":55,"column":25}},"loc":{"start":{"line":55,"column":25},"end":{"line":57,"column":5}}},"6":{"name":"(anonymous_7)","decl":{"start":{"line":59,"column":11},"end":{"line":59,"column":21}},"loc":{"start":{"line":59,"column":21},"end":{"line":61,"column":5}}},"7":{"name":"(anonymous_8)","decl":{"start":{"line":63,"column":11},"end":{"line":63,"column":23}},"loc":{"start":{"line":63,"column":23},"end":{"line":65,"column":5}}},"8":{"name":"(anonymous_9)","decl":{"start":{"line":67,"column":11},"end":{"line":67,"column":24}},"loc":{"start":{"line":67,"column":24},"end":{"line":69,"column":5}}},"9":{"name":"(anonymous_10)","decl":{"start":{"line":71,"column":11},"end":{"line":71,"column":24}},"loc":{"start":{"line":71,"column":42},"end":{"line":73,"column":5}}}},"branchMap":{"0":{"loc":{"start":{"line":24,"column":8},"end":{"line":26,"column":9}},"type":"if","locations":[{"start":{"line":24,"column":8},"end":{"line":26,"column":9}}]},"1":{"loc":{"start":{"line":32,"column":8},"end":{"line":32,"column":50}},"type":"if","locations":[{"start":{"line":32,"column":8},"end":{"line":32,"column":50}}]}},"s":{"0":1,"1":1,"2":1,"3":1,"4":1,"5":17,"6":1,"7":17,"8":12,"9":11,"10":1,"11":1,"12":1,"13":0,"14":11,"15":11,"16":11,"17":16,"18":16,"19":3,"20":2,"21":2,"22":3,"23":18,"24":1},"f":{"0":1,"1":17,"2":12,"3":11,"4":16,"5":3,"6":2,"7":2,"8":3,"9":18},"b":{"0":[1],"1":[11]}}
,"/Users/kimtrungduong/Downloads/deplao-builder-main/src/utils/Logger.ts": {"path":"/Users/kimtrungduong/Downloads/deplao-builder-main/src/utils/Logger.ts","statementMap":{"0":{"start":{"line":9,"column":12},"end":{"line":9,"column":39}},"1":{"start":{"line":14,"column":8},"end":{"line":14,"column":63}},"2":{"start":{"line":18,"column":8},"end":{"line":20,"column":9}},"3":{"start":{"line":19,"column":12},"end":{"line":19,"column":43}},"4":{"start":{"line":21,"column":8},"end":{"line":21,"column":31}},"5":{"start":{"line":29,"column":8},"end":{"line":29,"column":30}},"6":{"start":{"line":30,"column":8},"end":{"line":30,"column":80}},"7":{"start":{"line":38,"column":8},"end":{"line":38,"column":82}},"8":{"start":{"line":39,"column":8},"end":{"line":39,"column":31}},"9":{"start":{"line":47,"column":8},"end":{"line":47,"column":30}},"10":{"start":{"line":58,"column":8},"end":{"line":61,"column":10}},"11":{"start":{"line":69,"column":8},"end":{"line":71,"column":9}},"12":{"start":{"line":70,"column":12},"end":{"line":70,"column":33}},"13":{"start":{"line":79,"column":8},"end":{"line":79,"column":31}},"14":{"start":{"line":87,"column":8},"end":{"line":89,"column":9}},"15":{"start":{"line":88,"column":12},"end":{"line":88,"column":34}},"16":{"start":{"line":97,"column":8},"end":{"line":99,"column":9}},"17":{"start":{"line":98,"column":12},"end":{"line":98,"column":34}},"18":{"start":{"line":107,"column":8},"end":{"line":109,"column":9}},"19":{"start":{"line":108,"column":12},"end":{"line":108,"column":35}},"20":{"start":{"line":113,"column":0},"end":{"line":113,"column":36}}},"fnMap":{"0":{"name":"(anonymous_0)","decl":{"start":{"line":11,"column":4},"end":{"line":11,"column":null}},"loc":{"start":{"line":11,"column":4},"end":{"line":15,"column":5}}},"1":{"name":"(anonymous_1)","decl":{"start":{"line":17,"column":11},"end":{"line":17,"column":17}},"loc":{"start":{"line":17,"column":29},"end":{"line":22,"column":5}}},"2":{"name":"(anonymous_2)","decl":{"start":{"line":28,"column":11},"end":{"line":28,"column":17}},"loc":{"start":{"line":28,"column":17},"end":{"line":31,"column":5}}},"3":{"name":"(anonymous_3)","decl":{"start":{"line":37,"column":11},"end":{"line":37,"column":18}},"loc":{"start":{"line":37,"column":18},"end":{"line":40,"column":5}}},"4":{"name":"(anonymous_4)","decl":{"start":{"line":46,"column":11},"end":{"line":46,"column":27}},"loc":{"start":{"line":46,"column":27},"end":{"line":48,"column":5}}},"5":{"name":"(anonymous_5)","decl":{"start":{"line":54,"column":11},"end":{"line":54,"column":20}},"loc":{"start":{"line":54,"column":20},"end":{"line":62,"column":5}}},"6":{"name":"(anonymous_6)","decl":{"start":{"line":68,"column":11},"end":{"line":68,"column":14}},"loc":{"start":{"line":68,"column":29},"end":{"line":72,"column":5}}},"7":{"name":"(anonymous_7)","decl":{"start":{"line":78,"column":11},"end":{"line":78,"column":16}},"loc":{"start":{"line":78,"column":31},"end":{"line":80,"column":5}}},"8":{"name":"(anonymous_8)","decl":{"start":{"line":86,"column":11},"end":{"line":86,"column":15}},"loc":{"start":{"line":86,"column":30},"end":{"line":90,"column":5}}},"9":{"name":"(anonymous_9)","decl":{"start":{"line":96,"column":11},"end":{"line":96,"column":15}},"loc":{"start":{"line":96,"column":30},"end":{"line":100,"column":5}}},"10":{"name":"(anonymous_10)","decl":{"start":{"line":106,"column":11},"end":{"line":106,"column":16}},"loc":{"start":{"line":106,"column":31},"end":{"line":110,"column":5}}}},"branchMap":{"0":{"loc":{"start":{"line":18,"column":8},"end":{"line":20,"column":9}},"type":"if","locations":[{"start":{"line":18,"column":8},"end":{"line":20,"column":9}}]},"1":{"loc":{"start":{"line":60,"column":25},"end":{"line":60,"column":62}},"type":"binary-expr","locations":[{"start":{"line":60,"column":25},"end":{"line":60,"column":45}},{"start":{"line":60,"column":49},"end":{"line":60,"column":62}}]},"2":{"loc":{"start":{"line":69,"column":8},"end":{"line":71,"column":9}},"type":"if","locations":[{"start":{"line":69,"column":8},"end":{"line":71,"column":9}}]},"3":{"loc":{"start":{"line":87,"column":8},"end":{"line":89,"column":9}},"type":"if","locations":[{"start":{"line":87,"column":8},"end":{"line":89,"column":9}}]},"4":{"loc":{"start":{"line":97,"column":8},"end":{"line":99,"column":9}},"type":"if","locations":[{"start":{"line":97,"column":8},"end":{"line":99,"column":9}}]},"5":{"loc":{"start":{"line":107,"column":8},"end":{"line":109,"column":9}},"type":"if","locations":[{"start":{"line":107,"column":8},"end":{"line":109,"column":9}}]}},"s":{"0":17,"1":17,"2":17,"3":17,"4":17,"5":6,"6":6,"7":4,"8":4,"9":3,"10":0,"11":2,"12":1,"13":3,"14":2,"15":1,"16":0,"17":0,"18":1,"19":1,"20":17},"f":{"0":17,"1":17,"2":6,"3":4,"4":3,"5":0,"6":2,"7":3,"8":2,"9":0,"10":1},"b":{"0":[17],"1":[0,0],"2":[1],"3":[1],"4":[0],"5":[1]}}
,"/Users/kimtrungduong/Downloads/deplao-builder-main/src/utils/Utils.ts": {"path":"/Users/kimtrungduong/Downloads/deplao-builder-main/src/utils/Utils.ts","statementMap":{"0":{"start":{"line":1,"column":0},"end":{"line":1,"column":36}},"1":{"start":{"line":2,"column":0},"end":{"line":2,"column":24}},"2":{"start":{"line":4,"column":13},"end":{"line":4,"column":82}},"3":{"start":{"line":6,"column":33},"end":{"line":8,"column":1}},"4":{"start":{"line":7,"column":4},"end":{"line":7,"column":66}},"5":{"start":{"line":6,"column":13},"end":{"line":6,"column":33}},"6":{"start":{"line":10,"column":27},"end":{"line":13,"column":1}},"7":{"start":{"line":11,"column":16},"end":{"line":11,"column":52}},"8":{"start":{"line":12,"column":4},"end":{"line":12,"column":41}},"9":{"start":{"line":10,"column":13},"end":{"line":10,"column":27}}},"fnMap":{"0":{"name":"(anonymous_1)","decl":{"start":{"line":6,"column":33},"end":{"line":6,"column":34}},"loc":{"start":{"line":6,"column":76},"end":{"line":8,"column":1}}},"1":{"name":"(anonymous_2)","decl":{"start":{"line":10,"column":27},"end":{"line":10,"column":28}},"loc":{"start":{"line":10,"column":57},"end":{"line":13,"column":1}}}},"branchMap":{"0":{"loc":{"start":{"line":7,"column":11},"end":{"line":7,"column":65}},"type":"cond-expr","locations":[{"start":{"line":7,"column":31},"end":{"line":7,"column":47}},{"start":{"line":7,"column":50},"end":{"line":7,"column":65}}]},"1":{"loc":{"start":{"line":7,"column":11},"end":{"line":7,"column":28}},"type":"binary-expr","locations":[{"start":{"line":7,"column":11},"end":{"line":7,"column":15}},{"start":{"line":7,"column":19},"end":{"line":7,"column":28}}]}},"s":{"0":2,"1":2,"2":2,"3":2,"4":8,"5":2,"6":2,"7":19,"8":19,"9":2},"f":{"0":8,"1":19},"b":{"0":[1,7],"1":[8,3]}}
,"/Users/kimtrungduong/Downloads/deplao-builder-main/src/utils/profileUtils.ts": {"path":"/Users/kimtrungduong/Downloads/deplao-builder-main/src/utils/profileUtils.ts","statementMap":{"0":{"start":{"line":35,"column":0},"end":{"line":35,"column":16}},"1":{"start":{"line":66,"column":0},"end":{"line":66,"column":16}},"2":{"start":{"line":36,"column":2},"end":{"line":38,"column":3}},"3":{"start":{"line":37,"column":4},"end":{"line":37,"column":95}},"4":{"start":{"line":40,"column":30},"end":{"line":40,"column":91}},"5":{"start":{"line":41,"column":25},"end":{"line":41,"column":66}},"6":{"start":{"line":42,"column":24},"end":{"line":42,"column":84}},"7":{"start":{"line":43,"column":24},"end":{"line":43,"column":86}},"8":{"start":{"line":47,"column":4},"end":{"line":47,"column":74}},"9":{"start":{"line":50,"column":32},"end":{"line":50,"column":36}},"10":{"start":{"line":51,"column":2},"end":{"line":57,"column":3}},"11":{"start":{"line":53,"column":4},"end":{"line":53,"column":28}},"12":{"start":{"line":54,"column":9},"end":{"line":57,"column":3}},"13":{"start":{"line":55,"column":14},"end":{"line":55,"column":42}},"14":{"start":{"line":56,"column":4},"end":{"line":56,"column":121}},"15":{"start":{"line":59,"column":2},"end":{"line":59,"column":65}},"16":{"start":{"line":67,"column":2},"end":{"line":67,"column":29}},"17":{"start":{"line":67,"column":17},"end":{"line":67,"column":29}},"18":{"start":{"line":68,"column":2},"end":{"line":70,"column":12}}},"fnMap":{"0":{"name":"extractUserProfile","decl":{"start":{"line":35,"column":16},"end":{"line":35,"column":34}},"loc":{"start":{"line":35,"column":47},"end":{"line":60,"column":1}}},"1":{"name":"resolveProfileFromResponse","decl":{"start":{"line":66,"column":16},"end":{"line":66,"column":42}},"loc":{"start":{"line":66,"column":72},"end":{"line":71,"column":1}}}},"branchMap":{"0":{"loc":{"start":{"line":36,"column":2},"end":{"line":38,"column":3}},"type":"if","locations":[{"start":{"line":36,"column":2},"end":{"line":38,"column":3}}]},"1":{"loc":{"start":{"line":40,"column":30},"end":{"line":40,"column":91}},"type":"binary-expr","locations":[{"start":{"line":40,"column":30},"end":{"line":40,"column":49}},{"start":{"line":40,"column":53},"end":{"line":40,"column":69}},{"start":{"line":40,"column":73},"end":{"line":40,"column":85}},{"start":{"line":40,"column":89},"end":{"line":40,"column":91}}]},"2":{"loc":{"start":{"line":41,"column":25},"end":{"line":41,"column":66}},"type":"binary-expr","locations":[{"start":{"line":41,"column":25},"end":{"line":41,"column":39}},{"start":{"line":41,"column":43},"end":{"line":41,"column":60}},{"start":{"line":41,"column":64},"end":{"line":41,"column":66}}]},"3":{"loc":{"start":{"line":42,"column":24},"end":{"line":42,"column":84}},"type":"binary-expr","locations":[{"start":{"line":42,"column":24},"end":{"line":42,"column":43}},{"start":{"line":42,"column":47},"end":{"line":42,"column":61}},{"start":{"line":42,"column":65},"end":{"line":42,"column":78}},{"start":{"line":42,"column":82},"end":{"line":42,"column":84}}]},"4":{"loc":{"start":{"line":43,"column":24},"end":{"line":43,"column":86}},"type":"binary-expr","locations":[{"start":{"line":43,"column":24},"end":{"line":43,"column":43}},{"start":{"line":43,"column":47},"end":{"line":43,"column":60}},{"start":{"line":43,"column":64},"end":{"line":43,"column":80}},{"start":{"line":43,"column":84},"end":{"line":43,"column":86}}]},"5":{"loc":{"start":{"line":47,"column":4},"end":{"line":47,"column":74}},"type":"cond-expr","locations":[{"start":{"line":47,"column":53},"end":{"line":47,"column":67}},{"start":{"line":47,"column":70},"end":{"line":47,"column":74}}]},"6":{"loc":{"start":{"line":47,"column":5},"end":{"line":47,"column":49}},"type":"binary-expr","locations":[{"start":{"line":47,"column":5},"end":{"line":47,"column":25}},{"start":{"line":47,"column":29},"end":{"line":47,"column":49}}]},"7":{"loc":{"start":{"line":51,"column":2},"end":{"line":57,"column":3}},"type":"if","locations":[{"start":{"line":51,"column":2},"end":{"line":57,"column":3}},{"start":{"line":54,"column":9},"end":{"line":57,"column":3}}]},"8":{"loc":{"start":{"line":51,"column":6},"end":{"line":52,"column":71}},"type":"binary-expr","locations":[{"start":{"line":51,"column":6},"end":{"line":51,"column":18}},{"start":{"line":51,"column":22},"end":{"line":51,"column":54}},{"start":{"line":51,"column":58},"end":{"line":51,"column":84}},{"start":{"line":52,"column":9},"end":{"line":52,"column":38}},{"start":{"line":52,"column":42},"end":{"line":52,"column":71}}]},"9":{"loc":{"start":{"line":54,"column":9},"end":{"line":57,"column":3}},"type":"if","locations":[{"start":{"line":54,"column":9},"end":{"line":57,"column":3}}]},"10":{"loc":{"start":{"line":54,"column":13},"end":{"line":54,"column":78}},"type":"binary-expr","locations":[{"start":{"line":54,"column":13},"end":{"line":54,"column":24}},{"start":{"line":54,"column":28},"end":{"line":54,"column":59}},{"start":{"line":54,"column":63},"end":{"line":54,"column":78}}]},"11":{"loc":{"start":{"line":67,"column":2},"end":{"line":67,"column":29}},"type":"if","locations":[{"start":{"line":67,"column":2},"end":{"line":67,"column":29}}]},"12":{"loc":{"start":{"line":68,"column":9},"end":{"line":70,"column":11}},"type":"binary-expr","locations":[{"start":{"line":68,"column":9},"end":{"line":68,"column":44}},{"start":{"line":69,"column":7},"end":{"line":69,"column":30}},{"start":{"line":70,"column":7},"end":{"line":70,"column":11}}]}},"s":{"0":3,"1":3,"2":19,"3":2,"4":17,"5":17,"6":17,"7":17,"8":17,"9":17,"10":17,"11":2,"12":15,"13":1,"14":1,"15":17,"16":5,"17":2,"18":3},"f":{"0":19,"1":5},"b":{"0":[2],"1":[17,16,15,14],"2":[17,16,15],"3":[17,16,15,14],"4":[17,16,15,14],"5":[2,15],"6":[17,16],"7":[2,15],"8":[17,5,5,5,4],"9":[1],"10":[15,3,2],"11":[2],"12":[3,2,1]}}
}
