TN:
SF:src/services/crm/CRMQueueService.ts
FN:12,(anonymous_1)
FN:26,(anonymous_2)
FN:32,(anonymous_3)
FN:42,(anonymous_4)
FN:47,(anonymous_5)
FN:68,(anonymous_6)
FN:73,(anonymous_7)
FN:83,(anonymous_8)
FN:95,(anonymous_9)
FN:107,(anonymous_10)
FN:149,(anonymous_11)
FN:168,(anonymous_12)
FN:188,(anonymous_13)
FN:195,(anonymous_14)
FN:199,(anonymous_15)
FN:223,(anonymous_16)
FN:240,(anonymous_17)
FN:325,(anonymous_18)
FN:362,(anonymous_19)
FN:366,(anonymous_20)
FN:379,(anonymous_21)
FN:388,(anonymous_22)
FN:404,isMixedFallbackError
FNF:23
FNH:0
FNDA:0,(anonymous_1)
FNDA:0,(anonymous_2)
FNDA:0,(anonymous_3)
FNDA:0,(anonymous_4)
FNDA:0,(anonymous_5)
FNDA:0,(anonymous_6)
FNDA:0,(anonymous_7)
FNDA:0,(anonymous_8)
FNDA:0,(anonymous_9)
FNDA:0,(anonymous_10)
FNDA:0,(anonymous_11)
FNDA:0,(anonymous_12)
FNDA:0,(anonymous_13)
FNDA:0,(anonymous_14)
FNDA:0,(anonymous_15)
FNDA:0,(anonymous_16)
FNDA:0,(anonymous_17)
FNDA:0,(anonymous_18)
FNDA:0,(anonymous_19)
FNDA:0,(anonymous_20)
FNDA:0,(anonymous_21)
FNDA:0,(anonymous_22)
FNDA:0,isMixedFallbackError
DA:1,0
DA:2,0
DA:3,0
DA:4,0
DA:5,0
DA:14,0
DA:15,0
DA:16,0
DA:18,0
DA:19,0
DA:21,0
DA:22,0
DA:23,0
DA:24,0
DA:27,0
DA:28,0
DA:33,0
DA:34,0
DA:35,0
DA:36,0
DA:37,0
DA:40,0
DA:42,0
DA:43,0
DA:48,0
DA:49,0
DA:51,0
DA:52,0
DA:53,0
DA:54,0
DA:55,0
DA:57,0
DA:69,0
DA:70,0
DA:74,0
DA:84,0
DA:85,0
DA:86,0
DA:87,0
DA:88,0
DA:91,0
DA:96,0
DA:97,0
DA:98,0
DA:99,0
DA:100,0
DA:101,0
DA:102,0
DA:103,0
DA:108,0
DA:112,0
DA:114,0
DA:115,0
DA:116,0
DA:117,0
DA:118,0
DA:121,0
DA:122,0
DA:123,0
DA:124,0
DA:125,0
DA:129,0
DA:130,0
DA:131,0
DA:132,0
DA:135,0
DA:136,0
DA:137,0
DA:138,0
DA:141,0
DA:145,0
DA:146,0
DA:149,0
DA:150,0
DA:154,0
DA:155,0
DA:156,0
DA:159,0
DA:160,0
DA:161,0
DA:162,0
DA:168,0
DA:169,0
DA:170,0
DA:171,0
DA:173,0
DA:176,0
DA:180,0
DA:181,0
DA:182,0
DA:184,0
DA:188,0
DA:189,0
DA:190,0
DA:191,0
DA:193,0
DA:194,0
DA:195,0
DA:196,0
DA:197,0
DA:199,0
DA:200,0
DA:205,0
DA:208,0
DA:218,0
DA:219,0
DA:221,0
DA:222,0
DA:223,0
DA:224,0
DA:226,0
DA:227,0
DA:228,0
DA:232,0
DA:234,0
DA:235,0
DA:236,0
DA:237,0
DA:238,0
DA:239,0
DA:240,0
DA:241,0
DA:243,0
DA:246,0
DA:249,0
DA:251,0
DA:252,0
DA:253,0
DA:254,0
DA:256,0
DA:258,0
DA:259,0
DA:260,0
DA:261,0
DA:265,0
DA:268,0
DA:269,0
DA:270,0
DA:274,0
DA:275,0
DA:278,0
DA:280,0
DA:282,0
DA:283,0
DA:284,0
DA:286,0
DA:287,0
DA:288,0
DA:289,0
DA:290,0
DA:292,0
DA:293,0
DA:300,0
DA:302,0
DA:303,0
DA:304,0
DA:305,0
DA:308,0
DA:310,0
DA:311,0
DA:312,0
DA:313,0
DA:314,0
DA:315,0
DA:319,0
DA:323,0
DA:324,0
DA:325,0
DA:326,0
DA:328,0
DA:331,0
DA:332,0
DA:338,0
DA:339,0
DA:340,0
DA:342,0
DA:343,0
DA:344,0
DA:347,0
DA:348,0
DA:349,0
DA:355,0
DA:356,0
DA:358,0
DA:363,0
DA:364,0
DA:365,0
DA:366,0
DA:367,0
DA:368,0
DA:369,0
DA:370,0
DA:371,0
DA:372,0
DA:375,0
DA:380,0
DA:389,0
DA:398,0
DA:405,0
DA:407,0
DA:408,0
DA:409,0
LF:202
LH:0
BRDA:27,0,0,0
BRDA:33,1,0,0
BRDA:35,2,0,0
BRDA:35,2,1,0
BRDA:49,3,0,0
BRDA:61,4,0,0
BRDA:61,4,1,0
BRDA:63,5,0,0
BRDA:63,5,1,0
BRDA:70,6,0,0
BRDA:76,7,0,0
BRDA:76,7,1,0
BRDA:78,8,0,0
BRDA:78,8,1,0
BRDA:97,9,0,0
BRDA:97,9,1,0
BRDA:100,10,0,0
BRDA:101,11,0,0
BRDA:101,11,1,0
BRDA:108,12,0,0
BRDA:114,13,0,0
BRDA:114,13,1,0
BRDA:115,14,0,0
BRDA:123,15,0,0
BRDA:129,16,0,0
BRDA:129,16,1,0
BRDA:131,17,0,0
BRDA:131,17,1,0
BRDA:132,18,0,0
BRDA:136,19,0,0
BRDA:142,20,0,0
BRDA:142,20,1,0
BRDA:150,21,0,0
BRDA:150,21,1,0
BRDA:151,22,0,0
BRDA:151,22,1,0
BRDA:154,23,0,0
BRDA:154,23,1,0
BRDA:156,24,0,0
BRDA:156,24,1,0
BRDA:156,24,2,0
BRDA:156,25,0,0
BRDA:156,25,1,0
BRDA:156,26,0,0
BRDA:156,26,1,0
BRDA:160,27,0,0
BRDA:160,27,1,0
BRDA:161,28,0,0
BRDA:161,28,1,0
BRDA:162,29,0,0
BRDA:162,29,1,0
BRDA:171,30,0,0
BRDA:171,31,0,0
BRDA:171,31,1,0
BRDA:171,32,0,0
BRDA:171,32,1,0
BRDA:176,33,0,0
BRDA:176,33,1,0
BRDA:180,34,0,0
BRDA:180,34,1,0
BRDA:181,35,0,0
BRDA:181,35,1,0
BRDA:182,36,0,0
BRDA:182,36,1,0
BRDA:189,37,0,0
BRDA:189,37,1,0
BRDA:190,38,0,0
BRDA:193,39,0,0
BRDA:193,39,1,0
BRDA:194,40,0,0
BRDA:194,40,1,0
BRDA:197,41,0,0
BRDA:205,42,0,0
BRDA:205,42,1,0
BRDA:205,43,0,0
BRDA:205,43,1,0
BRDA:211,44,0,0
BRDA:211,44,1,0
BRDA:212,45,0,0
BRDA:212,45,1,0
BRDA:213,46,0,0
BRDA:213,46,1,0
BRDA:219,47,0,0
BRDA:219,47,1,0
BRDA:223,48,0,0
BRDA:226,49,0,0
BRDA:226,49,1,0
BRDA:232,50,0,0
BRDA:232,50,1,0
BRDA:232,51,0,0
BRDA:232,51,1,0
BRDA:237,52,0,0
BRDA:237,52,1,0
BRDA:240,53,0,0
BRDA:243,54,0,0
BRDA:243,54,1,0
BRDA:251,55,0,0
BRDA:251,55,1,0
BRDA:258,56,0,0
BRDA:258,57,0,0
BRDA:258,57,1,0
BRDA:268,58,0,0
BRDA:268,58,1,0
BRDA:268,58,2,0
BRDA:278,59,0,0
BRDA:278,59,1,0
BRDA:278,60,0,0
BRDA:278,60,1,0
BRDA:280,61,0,0
BRDA:280,61,1,0
BRDA:284,62,0,0
BRDA:284,62,1,0
BRDA:286,63,0,0
BRDA:286,63,1,0
BRDA:294,64,0,0
BRDA:294,64,1,0
BRDA:296,65,0,0
BRDA:296,65,1,0
BRDA:300,66,0,0
BRDA:300,66,1,0
BRDA:308,67,0,0
BRDA:308,67,1,0
BRDA:311,68,0,0
BRDA:325,69,0,0
BRDA:328,70,0,0
BRDA:328,70,1,0
BRDA:338,71,0,0
BRDA:338,71,1,0
BRDA:350,72,0,0
BRDA:350,72,1,0
BRDA:352,73,0,0
BRDA:352,73,1,0
BRDA:352,74,0,0
BRDA:352,74,1,0
BRDA:366,75,0,0
BRDA:366,75,1,0
BRDA:367,76,0,0
BRDA:382,77,0,0
BRDA:382,77,1,0
BRDA:384,78,0,0
BRDA:384,78,1,0
BRDA:391,79,0,0
BRDA:391,79,1,0
BRDA:393,80,0,0
BRDA:393,80,1,0
BRDA:405,81,0,0
BRDA:405,81,1,0
BRDA:405,81,2,0
BRDA:405,81,3,0
BRDA:407,82,0,0
BRDA:408,83,0,0
BRDA:408,83,1,0
BRDA:410,84,0,0
BRDA:410,84,1,0
BRDA:410,84,2,0
BRDA:410,84,3,0
BRDA:410,84,4,0
BRDA:410,84,5,0
BRDA:410,84,6,0
BRDA:410,84,7,0
BRF:160
BRH:0
end_of_record
TN:
SF:src/services/database/DatabaseMigrations.ts
FN:9,execSafe
FN:28,(anonymous_2)
FN:535,(anonymous_3)
FN:872,(anonymous_4)
FN:902,(anonymous_5)
FN:969,(anonymous_6)
FN:1005,(anonymous_7)
FN:1033,(anonymous_8)
FN:1063,(anonymous_9)
FN:1099,(anonymous_10)
FN:1137,(anonymous_11)
FN:1209,(anonymous_12)
FN:1238,(anonymous_13)
FN:1249,(anonymous_14)
FN:1280,runMigrations
FN:1303,(anonymous_16)
FNF:16
FNH:0
FNDA:0,execSafe
FNDA:0,(anonymous_2)
FNDA:0,(anonymous_3)
FNDA:0,(anonymous_4)
FNDA:0,(anonymous_5)
FNDA:0,(anonymous_6)
FNDA:0,(anonymous_7)
FNDA:0,(anonymous_8)
FNDA:0,(anonymous_9)
FNDA:0,(anonymous_10)
FNDA:0,(anonymous_11)
FNDA:0,(anonymous_12)
FNDA:0,(anonymous_13)
FNDA:0,(anonymous_14)
FNDA:0,runMigrations
FNDA:0,(anonymous_16)
DA:2,3
DA:10,0
DA:11,0
DA:13,0
DA:20,0
DA:25,3
DA:29,0
DA:30,0
DA:47,0
DA:69,0
DA:86,0
DA:94,0
DA:108,0
DA:124,0
DA:139,0
DA:154,0
DA:165,0
DA:172,0
DA:180,0
DA:199,0
DA:216,0
DA:230,0
DA:241,0
DA:254,0
DA:264,0
DA:277,0
DA:291,0
DA:308,0
DA:327,0
DA:348,0
DA:362,0
DA:376,0
DA:392,0
DA:408,0
DA:423,0
DA:444,0
DA:458,0
DA:473,0
DA:492,0
DA:513,0
DA:536,0
DA:537,0
DA:552,0
DA:581,0
DA:591,0
DA:603,0
DA:617,0
DA:631,0
DA:643,0
DA:665,0
DA:676,0
DA:687,0
DA:704,0
DA:712,0
DA:721,0
DA:732,0
DA:742,0
DA:753,0
DA:763,0
DA:773,0
DA:786,0
DA:797,0
DA:817,0
DA:832,0
DA:853,0
DA:873,0
DA:875,0
DA:876,0
DA:877,0
DA:878,0
DA:879,0
DA:882,0
DA:885,0
DA:886,0
DA:887,0
DA:891,0
DA:892,0
DA:893,0
DA:896,0
DA:897,0
DA:903,0
DA:905,0
DA:906,0
DA:907,0
DA:908,0
DA:909,0
DA:910,0
DA:911,0
DA:912,0
DA:917,0
DA:925,0
DA:939,0
DA:940,0
DA:941,0
DA:945,0
DA:946,0
DA:947,0
DA:948,0
DA:953,0
DA:954,0
DA:955,0
DA:956,0
DA:957,0
DA:959,0
DA:970,0
DA:972,0
DA:973,0
DA:974,0
DA:975,0
DA:978,0
DA:979,0
DA:980,0
DA:983,0
DA:991,0
DA:992,0
DA:993,0
DA:996,0
DA:999,0
DA:1000,0
DA:1006,0
DA:1008,0
DA:1009,0
DA:1010,0
DA:1011,0
DA:1012,0
DA:1013,0
DA:1014,0
DA:1015,0
DA:1016,0
DA:1019,0
DA:1020,0
DA:1021,0
DA:1022,0
DA:1023,0
DA:1024,0
DA:1025,0
DA:1026,0
DA:1034,0
DA:1036,0
DA:1037,0
DA:1038,0
DA:1039,0
DA:1040,0
DA:1041,0
DA:1044,0
DA:1047,0
DA:1048,0
DA:1051,0
DA:1052,0
DA:1053,0
DA:1056,0
DA:1057,0
DA:1058,0
DA:1064,0
DA:1066,0
DA:1076,0
DA:1078,0
DA:1093,0
DA:1094,0
DA:1100,0
DA:1102,0
DA:1112,0
DA:1115,0
DA:1128,0
DA:1131,0
DA:1132,0
DA:1138,0
DA:1140,0
DA:1156,0
DA:1167,0
DA:1177,0
DA:1190,0
DA:1191,0
DA:1192,0
DA:1194,0
DA:1210,0
DA:1212,0
DA:1222,0
DA:1225,0
DA:1228,0
DA:1229,0
DA:1230,0
DA:1233,0
DA:1239,0
DA:1241,0
DA:1242,0
DA:1243,0
DA:1250,0
DA:1253,0
DA:1254,0
DA:1255,0
DA:1256,0
DA:1259,0
DA:1260,0
DA:1263,0
DA:1266,0
DA:1267,0
DA:1270,0
DA:1273,0
DA:1275,0
DA:1280,3
DA:1281,0
DA:1282,0
DA:1289,0
DA:1290,0
DA:1291,0
DA:1292,0
DA:1293,0
DA:1296,0
DA:1299,0
DA:1300,0
DA:1301,0
DA:1302,0
DA:1303,0
DA:1304,0
DA:1305,0
DA:1307,0
DA:1309,0
DA:1310,0
DA:1314,0
LF:220
LH:3
BRDA:13,0,0,0
BRDA:13,0,1,0
BRDA:14,1,0,0
BRDA:14,1,1,0
BRDA:14,1,2,0
BRDA:907,2,0,0
BRDA:909,3,0,0
BRDA:909,4,0,0
BRDA:909,4,1,0
BRDA:911,5,0,0
BRDA:911,6,0,0
BRDA:911,6,1,0
BRDA:947,7,0,0
BRDA:954,8,0,0
BRDA:956,9,0,0
BRDA:956,9,1,0
BRDA:974,10,0,0
BRDA:979,11,0,0
BRDA:1021,12,0,0
BRDA:1021,13,0,0
BRDA:1021,13,1,0
BRDA:1300,14,0,0
BRF:22
BRH:0
end_of_record
TN:
SF:src/services/event/EventBroadcaster.ts
FN:9,registerGroupCacheInvalidator
FN:28,(anonymous_11)
FN:41,(anonymous_12)
FN:46,(anonymous_13)
FN:51,(anonymous_14)
FN:68,(anonymous_15)
FN:72,(anonymous_16)
FN:78,(anonymous_17)
FN:92,(anonymous_18)
FN:102,(anonymous_19)
FN:114,(anonymous_20)
FN:118,(anonymous_21)
FN:136,(anonymous_22)
FN:148,(anonymous_23)
FN:165,(anonymous_24)
FN:178,(anonymous_25)
FN:182,(anonymous_26)
FN:187,(anonymous_27)
FN:210,(anonymous_28)
FN:273,(anonymous_29)
FN:424,(anonymous_30)
FN:470,(anonymous_31)
FN:577,(anonymous_32)
FN:584,(anonymous_33)
FN:597,(anonymous_34)
FN:605,(anonymous_35)
FN:612,(anonymous_36)
FN:621,(anonymous_37)
FN:625,(anonymous_38)
FN:631,(anonymous_39)
FN:656,(anonymous_40)
FN:660,(anonymous_41)
FN:674,(anonymous_42)
FN:693,(anonymous_43)
FN:704,(anonymous_44)
FN:708,(anonymous_45)
FN:715,(anonymous_46)
FN:742,(anonymous_47)
FN:750,(anonymous_48)
FN:760,(anonymous_49)
FN:784,(anonymous_50)
FN:804,(anonymous_51)
FN:815,(anonymous_52)
FN:831,(anonymous_53)
FN:842,(anonymous_54)
FN:866,(anonymous_55)
FN:878,(anonymous_56)
FN:903,(anonymous_57)
FN:910,(anonymous_58)
FN:916,(anonymous_59)
FN:928,(anonymous_60)
FN:931,(anonymous_61)
FN:941,(anonymous_62)
FN:948,(anonymous_63)
FN:992,(anonymous_64)
FN:1014,(anonymous_65)
FN:1040,(anonymous_66)
FN:1053,(anonymous_67)
FN:1068,(anonymous_68)
FN:1077,(anonymous_69)
FN:1139,(anonymous_70)
FN:1143,(anonymous_71)
FN:1247,(anonymous_72)
FN:1249,(anonymous_73)
FN:1262,(anonymous_74)
FN:1264,(anonymous_75)
FN:1278,(anonymous_76)
FN:1286,(anonymous_77)
FN:1309,(anonymous_78)
FN:1338,(anonymous_79)
FN:1346,(anonymous_80)
FNF:71
FNH:10
FNDA:1,registerGroupCacheInvalidator
FNDA:1,(anonymous_11)
FNDA:6,(anonymous_12)
FNDA:28,(anonymous_13)
FNDA:0,(anonymous_14)
FNDA:0,(anonymous_15)
FNDA:0,(anonymous_16)
FNDA:0,(anonymous_17)
FNDA:7,(anonymous_18)
FNDA:1,(anonymous_19)
FNDA:11,(anonymous_20)
FNDA:28,(anonymous_21)
FNDA:1,(anonymous_22)
FNDA:1,(anonymous_23)
FNDA:0,(anonymous_24)
FNDA:0,(anonymous_25)
FNDA:0,(anonymous_26)
FNDA:0,(anonymous_27)
FNDA:0,(anonymous_28)
FNDA:0,(anonymous_29)
FNDA:0,(anonymous_30)
FNDA:0,(anonymous_31)
FNDA:0,(anonymous_32)
FNDA:0,(anonymous_33)
FNDA:0,(anonymous_34)
FNDA:0,(anonymous_35)
FNDA:0,(anonymous_36)
FNDA:0,(anonymous_37)
FNDA:0,(anonymous_38)
FNDA:0,(anonymous_39)
FNDA:0,(anonymous_40)
FNDA:0,(anonymous_41)
FNDA:0,(anonymous_42)
FNDA:0,(anonymous_43)
FNDA:0,(anonymous_44)
FNDA:0,(anonymous_45)
FNDA:0,(anonymous_46)
FNDA:0,(anonymous_47)
FNDA:0,(anonymous_48)
FNDA:0,(anonymous_49)
FNDA:0,(anonymous_50)
FNDA:0,(anonymous_51)
FNDA:0,(anonymous_52)
FNDA:0,(anonymous_53)
FNDA:0,(anonymous_54)
FNDA:0,(anonymous_55)
FNDA:0,(anonymous_56)
FNDA:0,(anonymous_57)
FNDA:0,(anonymous_58)
FNDA:0,(anonymous_59)
FNDA:0,(anonymous_60)
FNDA:0,(anonymous_61)
FNDA:0,(anonymous_62)
FNDA:0,(anonymous_63)
FNDA:0,(anonymous_64)
FNDA:0,(anonymous_65)
FNDA:0,(anonymous_66)
FNDA:0,(anonymous_67)
FNDA:0,(anonymous_68)
FNDA:0,(anonymous_69)
FNDA:0,(anonymous_70)
FNDA:0,(anonymous_71)
FNDA:0,(anonymous_72)
FNDA:0,(anonymous_73)
FNDA:0,(anonymous_74)
FNDA:0,(anonymous_75)
FNDA:0,(anonymous_76)
FNDA:0,(anonymous_77)
FNDA:0,(anonymous_78)
FNDA:0,(anonymous_79)
FNDA:0,(anonymous_80)
DA:2,2
DA:3,2
DA:4,2
DA:5,2
DA:8,2
DA:9,2
DA:10,1
DA:18,2
DA:20,2
DA:22,2
DA:29,1
DA:31,1
DA:33,1
DA:34,0
DA:35,0
DA:37,1
DA:42,6
DA:47,28
DA:52,0
DA:53,0
DA:54,0
DA:55,0
DA:56,0
DA:57,0
DA:58,0
DA:59,0
DA:62,0
DA:64,0
DA:69,0
DA:70,0
DA:71,0
DA:72,0
DA:74,0
DA:79,0
DA:80,0
DA:81,0
DA:83,0
DA:93,7
DA:94,6
DA:96,7
DA:98,7
DA:99,7
DA:102,7
DA:103,1
DA:104,1
DA:105,1
DA:106,1
DA:115,11
DA:120,28
DA:121,28
DA:122,3
DA:123,4
DA:126,28
DA:127,6
DA:137,1
DA:138,1
DA:149,1
DA:150,1
DA:151,1
DA:152,1
DA:166,0
DA:167,0
DA:168,0
DA:172,0
DA:173,0
DA:174,0
DA:177,0
DA:178,0
DA:181,0
DA:182,0
DA:185,0
DA:187,0
DA:188,0
DA:190,0
DA:194,0
DA:199,0
DA:211,0
DA:216,0
DA:217,0
DA:218,0
DA:219,0
DA:220,0
DA:221,0
DA:222,0
DA:223,0
DA:224,0
DA:225,0
DA:226,0
DA:233,0
DA:234,0
DA:235,0
DA:236,0
DA:239,0
DA:248,0
DA:249,0
DA:250,0
DA:255,0
DA:256,0
DA:257,0
DA:258,0
DA:259,0
DA:260,0
DA:268,0
DA:269,0
DA:272,0
DA:273,0
DA:274,0
DA:277,0
DA:278,0
DA:282,0
DA:283,0
DA:286,0
DA:288,0
DA:289,0
DA:290,0
DA:291,0
DA:292,0
DA:295,0
DA:297,0
DA:300,0
DA:301,0
DA:303,0
DA:304,0
DA:305,0
DA:306,0
DA:307,0
DA:308,0
DA:310,0
DA:311,0
DA:312,0
DA:313,0
DA:316,0
DA:317,0
DA:318,0
DA:319,0
DA:320,0
DA:322,0
DA:334,0
DA:335,0
DA:336,0
DA:347,0
DA:351,0
DA:358,0
DA:363,0
DA:373,0
DA:378,0
DA:379,0
DA:380,0
DA:381,0
DA:382,0
DA:383,0
DA:384,0
DA:387,0
DA:388,0
DA:389,0
DA:390,0
DA:391,0
DA:392,0
DA:393,0
DA:397,0
DA:398,0
DA:401,0
DA:403,0
DA:411,0
DA:412,0
DA:417,0
DA:423,0
DA:424,0
DA:425,0
DA:427,0
DA:428,0
DA:430,0
DA:431,0
DA:432,0
DA:433,0
DA:434,0
DA:435,0
DA:436,0
DA:439,0
DA:440,0
DA:441,0
DA:442,0
DA:443,0
DA:444,0
DA:445,0
DA:449,0
DA:451,0
DA:456,0
DA:457,0
DA:458,0
DA:459,0
DA:461,0
DA:462,0
DA:463,0
DA:464,0
DA:465,0
DA:466,0
DA:467,0
DA:468,0
DA:469,0
DA:470,0
DA:472,0
DA:474,0
DA:477,0
DA:478,0
DA:487,0
DA:495,0
DA:498,0
DA:503,0
DA:504,0
DA:505,0
DA:506,0
DA:507,0
DA:512,0
DA:514,0
DA:515,0
DA:516,0
DA:521,0
DA:522,0
DA:523,0
DA:524,0
DA:525,0
DA:526,0
DA:527,0
DA:530,0
DA:535,0
DA:536,0
DA:537,0
DA:538,0
DA:539,0
DA:540,0
DA:541,0
DA:542,0
DA:548,0
DA:549,0
DA:550,0
DA:554,0
DA:555,0
DA:558,0
DA:559,0
DA:566,0
DA:572,0
DA:574,0
DA:575,0
DA:576,0
DA:577,0
DA:578,0
DA:579,0
DA:583,0
DA:584,0
DA:588,0
DA:589,0
DA:590,0
DA:592,0
DA:595,0
DA:596,0
DA:598,0
DA:599,0
DA:600,0
DA:605,0
DA:610,0
DA:611,0
DA:613,0
DA:614,0
DA:615,0
DA:619,0
DA:621,0
DA:625,0
DA:628,0
DA:631,0
DA:632,0
DA:633,0
DA:634,0
DA:636,0
DA:638,0
DA:645,0
DA:653,0
DA:654,0
DA:655,0
DA:656,0
DA:657,0
DA:658,0
DA:659,0
DA:660,0
DA:666,0
DA:667,0
DA:669,0
DA:670,0
DA:671,0
DA:672,0
DA:673,0
DA:674,0
DA:676,0
DA:677,0
DA:678,0
DA:679,0
DA:680,0
DA:681,0
DA:682,0
DA:688,0
DA:689,0
DA:690,0
DA:691,0
DA:693,0
DA:694,0
DA:695,0
DA:696,0
DA:697,0
DA:699,0
DA:700,0
DA:701,0
DA:702,0
DA:704,0
DA:705,0
DA:706,0
DA:707,0
DA:708,0
DA:713,0
DA:714,0
DA:715,0
DA:719,0
DA:722,0
DA:724,0
DA:725,0
DA:729,0
DA:732,0
DA:735,0
DA:743,0
DA:744,0
DA:751,0
DA:752,0
DA:761,0
DA:764,0
DA:765,0
DA:766,0
DA:767,0
DA:768,0
DA:769,0
DA:772,0
DA:773,0
DA:782,0
DA:783,0
DA:784,0
DA:785,0
DA:789,0
DA:793,0
DA:808,0
DA:809,0
DA:810,0
DA:811,0
DA:814,0
DA:815,0
DA:820,0
DA:822,0
DA:824,0
DA:835,0
DA:836,0
DA:837,0
DA:838,0
DA:841,0
DA:842,0
DA:854,0
DA:856,0
DA:859,0
DA:870,0
DA:871,0
DA:872,0
DA:873,0
DA:874,0
DA:877,0
DA:878,0
DA:879,0
DA:880,0
DA:881,0
DA:883,0
DA:886,0
DA:888,0
DA:891,0
DA:907,0
DA:908,0
DA:909,0
DA:910,0
DA:911,0
DA:913,0
DA:915,0
DA:916,0
DA:917,0
DA:918,0
DA:921,0
DA:929,0
DA:930,0
DA:931,0
DA:932,0
DA:934,0
DA:942,0
DA:950,0
DA:951,0
DA:952,0
DA:953,0
DA:954,0
DA:955,0
DA:956,0
DA:969,0
DA:970,0
DA:972,0
DA:976,0
DA:977,0
DA:978,0
DA:980,0
DA:981,0
DA:982,0
DA:983,0
DA:984,0
DA:985,0
DA:986,0
DA:987,0
DA:988,0
DA:989,0
DA:990,0
DA:991,0
DA:992,0
DA:997,0
DA:999,0
DA:1004,0
DA:1006,0
DA:1007,0
DA:1008,0
DA:1009,0
DA:1010,0
DA:1011,0
DA:1012,0
DA:1013,0
DA:1014,0
DA:1015,0
DA:1019,0
DA:1022,0
DA:1025,0
DA:1026,0
DA:1027,0
DA:1028,0
DA:1029,0
DA:1030,0
DA:1031,0
DA:1032,0
DA:1033,0
DA:1034,0
DA:1035,0
DA:1036,0
DA:1037,0
DA:1038,0
DA:1039,0
DA:1040,0
DA:1047,0
DA:1052,0
DA:1053,0
DA:1054,0
DA:1061,0
DA:1064,0
DA:1065,0
DA:1066,0
DA:1067,0
DA:1068,0
DA:1072,0
DA:1073,0
DA:1074,0
DA:1075,0
DA:1076,0
DA:1077,0
DA:1078,0
DA:1079,0
DA:1080,0
DA:1081,0
DA:1083,0
DA:1084,0
DA:1086,0
DA:1087,0
DA:1089,0
DA:1090,0
DA:1092,0
DA:1093,0
DA:1097,0
DA:1100,0
DA:1102,0
DA:1106,0
DA:1107,0
DA:1115,2
DA:1130,2
DA:1135,2
DA:1141,0
DA:1142,0
DA:1143,0
DA:1144,0
DA:1146,0
DA:1148,0
DA:1150,0
DA:1152,0
DA:1154,0
DA:1156,0
DA:1157,0
DA:1158,0
DA:1160,0
DA:1161,0
DA:1164,0
DA:1165,0
DA:1169,0
DA:1170,0
DA:1174,0
DA:1175,0
DA:1176,0
DA:1177,0
DA:1178,0
DA:1179,0
DA:1180,0
DA:1188,0
DA:1189,0
DA:1190,0
DA:1191,0
DA:1192,0
DA:1193,0
DA:1194,0
DA:1197,0
DA:1198,0
DA:1202,0
DA:1205,0
DA:1207,0
DA:1208,0
DA:1212,0
DA:1213,0
DA:1214,0
DA:1215,0
DA:1216,0
DA:1217,0
DA:1220,0
DA:1222,0
DA:1224,0
DA:1225,0
DA:1226,0
DA:1229,0
DA:1230,0
DA:1231,0
DA:1232,0
DA:1233,0
DA:1235,0
DA:1237,0
DA:1240,0
DA:1248,0
DA:1249,0
DA:1250,0
DA:1251,0
DA:1253,0
DA:1255,0
DA:1263,0
DA:1264,0
DA:1265,0
DA:1266,0
DA:1267,0
DA:1270,0
DA:1272,0
DA:1279,0
DA:1280,0
DA:1290,0
DA:1291,0
DA:1292,0
DA:1297,0
DA:1298,0
DA:1299,0
DA:1310,0
DA:1311,0
DA:1312,0
DA:1314,0
DA:1315,0
DA:1316,0
DA:1317,0
DA:1318,0
DA:1322,0
DA:1323,0
DA:1325,0
DA:1326,0
DA:1327,0
DA:1331,0
DA:1339,0
DA:1347,0
DA:1348,0
DA:1352,2
LF:584
LH:43
BRDA:31,0,0,1
BRDA:31,1,0,1
BRDA:31,1,1,1
BRDA:33,2,0,0
BRDA:35,3,0,0
BRDA:56,4,0,0
BRDA:58,5,0,0
BRDA:59,6,0,0
BRDA:59,6,1,0
BRDA:71,7,0,0
BRDA:71,7,1,0
BRDA:80,8,0,0
BRDA:80,8,1,0
BRDA:93,9,0,6
BRDA:98,10,0,7
BRDA:104,11,0,1
BRDA:106,12,0,1
BRDA:121,13,0,3
BRDA:121,14,0,28
BRDA:121,14,1,4
BRDA:126,15,0,6
BRDA:126,16,0,28
BRDA:126,16,1,7
BRDA:137,17,0,1
BRDA:137,18,0,1
BRDA:137,18,1,1
BRDA:150,19,0,1
BRDA:150,20,0,1
BRDA:150,20,1,1
BRDA:166,21,0,0
BRDA:166,22,0,0
BRDA:166,22,1,0
BRDA:168,23,0,0
BRDA:168,23,1,0
BRDA:170,24,0,0
BRDA:170,24,1,0
BRDA:172,25,0,0
BRDA:172,25,1,0
BRDA:173,26,0,0
BRDA:177,27,0,0
BRDA:177,27,1,0
BRDA:177,28,0,0
BRDA:177,28,1,0
BRDA:178,29,0,0
BRDA:178,29,1,0
BRDA:181,30,0,0
BRDA:181,31,0,0
BRDA:181,31,1,0
BRDA:182,32,0,0
BRDA:182,32,1,0
BRDA:185,33,0,0
BRDA:188,34,0,0
BRDA:188,34,1,0
BRDA:190,35,0,0
BRDA:194,36,0,0
BRDA:194,37,0,0
BRDA:194,37,1,0
BRDA:199,38,0,0
BRDA:199,38,1,0
BRDA:218,39,0,0
BRDA:223,40,0,0
BRDA:225,41,0,0
BRDA:226,42,0,0
BRDA:226,42,1,0
BRDA:233,43,0,0
BRDA:235,44,0,0
BRDA:235,45,0,0
BRDA:235,45,1,0
BRDA:248,46,0,0
BRDA:248,46,1,0
BRDA:250,47,0,0
BRDA:251,48,0,0
BRDA:251,48,1,0
BRDA:251,48,2,0
BRDA:251,48,3,0
BRDA:256,49,0,0
BRDA:256,50,0,0
BRDA:256,50,1,0
BRDA:257,51,0,0
BRDA:257,51,1,0
BRDA:258,52,0,0
BRDA:258,52,1,0
BRDA:269,53,0,0
BRDA:269,53,1,0
BRDA:271,54,0,0
BRDA:271,54,1,0
BRDA:272,55,0,0
BRDA:272,55,1,0
BRDA:274,56,0,0
BRDA:274,56,1,0
BRDA:275,57,0,0
BRDA:275,57,1,0
BRDA:277,58,0,0
BRDA:277,58,1,0
BRDA:278,59,0,0
BRDA:278,59,1,0
BRDA:278,59,2,0
BRDA:282,60,0,0
BRDA:283,61,0,0
BRDA:283,61,1,0
BRDA:286,62,0,0
BRDA:286,62,1,0
BRDA:286,62,2,0
BRDA:288,63,0,0
BRDA:288,64,0,0
BRDA:288,64,1,0
BRDA:290,65,0,0
BRDA:290,65,1,0
BRDA:295,66,0,0
BRDA:295,66,1,0
BRDA:295,66,2,0
BRDA:297,67,0,0
BRDA:297,67,1,0
BRDA:297,67,2,0
BRDA:301,68,0,0
BRDA:301,68,1,0
BRDA:305,69,0,0
BRDA:305,69,1,0
BRDA:307,70,0,0
BRDA:307,70,1,0
BRDA:308,71,0,0
BRDA:308,71,1,0
BRDA:308,71,2,0
BRDA:310,72,0,0
BRDA:310,73,0,0
BRDA:310,73,1,0
BRDA:310,73,2,0
BRDA:312,74,0,0
BRDA:312,74,1,0
BRDA:313,75,0,0
BRDA:313,75,1,0
BRDA:313,75,2,0
BRDA:313,75,3,0
BRDA:313,75,4,0
BRDA:316,76,0,0
BRDA:318,77,0,0
BRDA:318,77,1,0
BRDA:319,78,0,0
BRDA:319,78,1,0
BRDA:319,78,2,0
BRDA:319,79,0,0
BRDA:319,79,1,0
BRDA:320,80,0,0
BRDA:320,80,1,0
BRDA:334,81,0,0
BRDA:334,81,1,0
BRDA:335,82,0,0
BRDA:335,82,1,0
BRDA:335,82,2,0
BRDA:338,83,0,0
BRDA:338,83,1,0
BRDA:340,84,0,0
BRDA:340,84,1,0
BRDA:378,85,0,0
BRDA:378,86,0,0
BRDA:378,86,1,0
BRDA:381,87,0,0
BRDA:381,87,1,0
BRDA:381,88,0,0
BRDA:381,88,1,0
BRDA:382,89,0,0
BRDA:382,89,1,0
BRDA:383,90,0,0
BRDA:384,91,0,0
BRDA:384,91,1,0
BRDA:386,92,0,0
BRDA:386,92,1,0
BRDA:387,93,0,0
BRDA:387,93,1,0
BRDA:388,94,0,0
BRDA:388,94,1,0
BRDA:389,95,0,0
BRDA:389,95,1,0
BRDA:389,95,2,0
BRDA:390,96,0,0
BRDA:390,96,1,0
BRDA:391,97,0,0
BRDA:391,97,1,0
BRDA:393,98,0,0
BRDA:393,98,1,0
BRDA:395,99,0,0
BRDA:395,99,1,0
BRDA:397,100,0,0
BRDA:397,101,0,0
BRDA:397,101,1,0
BRDA:401,102,0,0
BRDA:423,103,0,0
BRDA:423,103,1,0
BRDA:427,104,0,0
BRDA:427,105,0,0
BRDA:427,105,1,0
BRDA:430,106,0,0
BRDA:430,107,0,0
BRDA:430,107,1,0
BRDA:431,108,0,0
BRDA:431,108,1,0
BRDA:433,109,0,0
BRDA:433,109,1,0
BRDA:433,109,2,0
BRDA:433,109,3,0
BRDA:433,109,4,0
BRDA:434,110,0,0
BRDA:434,110,1,0
BRDA:434,110,2,0
BRDA:435,111,0,0
BRDA:439,112,0,0
BRDA:440,113,0,0
BRDA:440,113,1,0
BRDA:441,114,0,0
BRDA:441,114,1,0
BRDA:442,115,0,0
BRDA:442,115,1,0
BRDA:442,115,2,0
BRDA:442,115,3,0
BRDA:443,116,0,0
BRDA:443,116,1,0
BRDA:443,116,2,0
BRDA:444,117,0,0
BRDA:444,118,0,0
BRDA:444,118,1,0
BRDA:456,119,0,0
BRDA:458,120,0,0
BRDA:463,121,0,0
BRDA:463,121,1,0
BRDA:464,122,0,0
BRDA:464,122,1,0
BRDA:465,123,0,0
BRDA:465,123,1,0
BRDA:466,124,0,0
BRDA:469,125,0,0
BRDA:469,125,1,0
BRDA:477,126,0,0
BRDA:489,127,0,0
BRDA:489,127,1,0
BRDA:503,128,0,0
BRDA:503,128,1,0
BRDA:504,129,0,0
BRDA:506,130,0,0
BRDA:506,130,1,0
BRDA:506,131,0,0
BRDA:506,131,1,0
BRDA:512,132,0,0
BRDA:514,133,0,0
BRDA:514,134,0,0
BRDA:514,134,1,0
BRDA:521,135,0,0
BRDA:521,136,0,0
BRDA:521,136,1,0
BRDA:522,137,0,0
BRDA:522,137,1,0
BRDA:524,138,0,0
BRDA:524,138,1,0
BRDA:524,138,2,0
BRDA:524,138,3,0
BRDA:524,138,4,0
BRDA:525,139,0,0
BRDA:525,139,1,0
BRDA:525,139,2,0
BRDA:526,140,0,0
BRDA:535,141,0,0
BRDA:536,142,0,0
BRDA:536,142,1,0
BRDA:537,143,0,0
BRDA:537,143,1,0
BRDA:538,144,0,0
BRDA:538,144,1,0
BRDA:538,144,2,0
BRDA:538,144,3,0
BRDA:539,145,0,0
BRDA:539,145,1,0
BRDA:539,145,2,0
BRDA:540,146,0,0
BRDA:540,147,0,0
BRDA:540,147,1,0
BRDA:549,148,0,0
BRDA:549,148,1,0
BRDA:550,149,0,0
BRDA:550,149,1,0
BRDA:555,150,0,0
BRDA:555,150,1,0
BRDA:559,151,0,0
BRDA:559,151,1,0
BRDA:559,151,2,0
BRDA:559,151,3,0
BRDA:561,152,0,0
BRDA:561,152,1,0
BRDA:566,153,0,0
BRDA:566,153,1,0
BRDA:566,153,2,0
BRDA:566,153,3,0
BRDA:566,153,4,0
BRDA:566,153,5,0
BRDA:566,153,6,0
BRDA:574,154,0,0
BRDA:574,155,0,0
BRDA:574,155,1,0
BRDA:574,155,2,0
BRDA:574,155,3,0
BRDA:574,155,4,0
BRDA:575,156,0,0
BRDA:575,156,1,0
BRDA:576,157,0,0
BRDA:588,158,0,0
BRDA:588,159,0,0
BRDA:588,159,1,0
BRDA:588,159,2,0
BRDA:588,159,3,0
BRDA:588,159,4,0
BRDA:589,160,0,0
BRDA:589,160,1,0
BRDA:590,161,0,0
BRDA:590,161,1,0
BRDA:595,162,0,0
BRDA:598,163,0,0
BRDA:610,164,0,0
BRDA:613,165,0,0
BRDA:632,166,0,0
BRDA:633,167,0,0
BRDA:636,168,0,0
BRDA:636,168,1,0
BRDA:636,169,0,0
BRDA:636,169,1,0
BRDA:638,170,0,0
BRDA:638,170,1,0
BRDA:638,170,2,0
BRDA:638,170,3,0
BRDA:638,170,4,0
BRDA:638,170,5,0
BRDA:638,170,6,0
BRDA:638,170,7,0
BRDA:638,170,8,0
BRDA:638,170,9,0
BRDA:645,171,0,0
BRDA:645,171,1,0
BRDA:645,171,2,0
BRDA:645,171,3,0
BRDA:645,171,4,0
BRDA:645,171,5,0
BRDA:645,171,6,0
BRDA:645,171,7,0
BRDA:645,171,8,0
BRDA:645,171,9,0
BRDA:645,171,10,0
BRDA:645,171,11,0
BRDA:645,171,12,0
BRDA:653,172,0,0
BRDA:653,173,0,0
BRDA:653,173,1,0
BRDA:653,173,2,0
BRDA:653,173,3,0
BRDA:653,173,4,0
BRDA:655,174,0,0
BRDA:666,175,0,0
BRDA:669,176,0,0
BRDA:669,176,1,0
BRDA:670,177,0,0
BRDA:671,178,0,0
BRDA:671,178,1,0
BRDA:672,179,0,0
BRDA:672,179,1,0
BRDA:673,180,0,0
BRDA:673,180,1,0
BRDA:673,180,2,0
BRDA:674,181,0,0
BRDA:674,181,1,0
BRDA:674,182,0,0
BRDA:674,182,1,0
BRDA:676,183,0,0
BRDA:676,183,1,0
BRDA:676,183,2,0
BRDA:677,184,0,0
BRDA:677,184,1,0
BRDA:678,185,0,0
BRDA:678,185,1,0
BRDA:679,186,0,0
BRDA:680,187,0,0
BRDA:680,187,1,0
BRDA:688,188,0,0
BRDA:688,189,0,0
BRDA:688,189,1,0
BRDA:688,189,2,0
BRDA:688,189,3,0
BRDA:688,189,4,0
BRDA:689,190,0,0
BRDA:689,190,1,0
BRDA:690,191,0,0
BRDA:690,191,1,0
BRDA:691,192,0,0
BRDA:691,193,0,0
BRDA:691,193,1,0
BRDA:696,194,0,0
BRDA:696,194,1,0
BRDA:696,195,0,0
BRDA:696,195,1,0
BRDA:699,196,0,0
BRDA:699,196,1,0
BRDA:701,197,0,0
BRDA:701,197,1,0
BRDA:701,197,2,0
BRDA:702,198,0,0
BRDA:702,198,1,0
BRDA:702,199,0,0
BRDA:702,199,1,0
BRDA:713,200,0,0
BRDA:713,201,0,0
BRDA:713,201,1,0
BRDA:722,202,0,0
BRDA:722,202,1,0
BRDA:725,203,0,0
BRDA:725,203,1,0
BRDA:752,204,0,0
BRDA:752,204,1,0
BRDA:764,205,0,0
BRDA:766,206,0,0
BRDA:766,206,1,0
BRDA:767,207,0,0
BRDA:767,207,1,0
BRDA:767,207,2,0
BRDA:768,208,0,0
BRDA:768,208,1,0
BRDA:768,208,2,0
BRDA:769,209,0,0
BRDA:769,209,1,0
BRDA:770,210,0,0
BRDA:770,210,1,0
BRDA:770,210,2,0
BRDA:771,211,0,0
BRDA:771,211,1,0
BRDA:771,211,2,0
BRDA:772,212,0,0
BRDA:772,212,1,0
BRDA:772,212,2,0
BRDA:772,212,3,0
BRDA:772,212,4,0
BRDA:782,213,0,0
BRDA:782,213,1,0
BRDA:783,214,0,0
BRDA:783,215,0,0
BRDA:783,215,1,0
BRDA:809,216,0,0
BRDA:817,217,0,0
BRDA:817,217,1,0
BRDA:817,218,0,0
BRDA:817,218,1,0
BRDA:817,219,0,0
BRDA:817,219,1,0
BRDA:817,220,0,0
BRDA:817,220,1,0
BRDA:836,221,0,0
BRDA:846,222,0,0
BRDA:846,222,1,0
BRDA:847,223,0,0
BRDA:847,223,1,0
BRDA:848,224,0,0
BRDA:848,224,1,0
BRDA:849,225,0,0
BRDA:849,225,1,0
BRDA:870,226,0,0
BRDA:870,226,1,0
BRDA:871,227,0,0
BRDA:871,227,1,0
BRDA:872,228,0,0
BRDA:879,229,0,0
BRDA:879,229,1,0
BRDA:886,230,0,0
BRDA:886,230,1,0
BRDA:895,231,0,0
BRDA:895,231,1,0
BRDA:908,232,0,0
BRDA:910,233,0,0
BRDA:910,233,1,0
BRDA:910,234,0,0
BRDA:910,234,1,0
BRDA:910,235,0,0
BRDA:910,235,1,0
BRDA:929,236,0,0
BRDA:950,237,0,0
BRDA:952,238,0,0
BRDA:952,238,1,0
BRDA:952,238,2,0
BRDA:953,239,0,0
BRDA:953,239,1,0
BRDA:954,240,0,0
BRDA:954,240,1,0
BRDA:955,241,0,0
BRDA:955,241,1,0
BRDA:955,242,0,0
BRDA:955,242,1,0
BRDA:957,243,0,0
BRDA:957,243,1,0
BRDA:964,244,0,0
BRDA:964,244,1,0
BRDA:980,245,0,0
BRDA:980,245,1,0
BRDA:980,246,0,0
BRDA:980,246,1,0
BRDA:982,247,0,0
BRDA:982,247,1,0
BRDA:982,247,2,0
BRDA:984,248,0,0
BRDA:984,249,0,0
BRDA:984,249,1,0
BRDA:986,250,0,0
BRDA:986,250,1,0
BRDA:986,251,0,0
BRDA:986,251,1,0
BRDA:987,252,0,0
BRDA:987,252,1,0
BRDA:988,253,0,0
BRDA:988,253,1,0
BRDA:988,253,2,0
BRDA:989,254,0,0
BRDA:989,254,1,0
BRDA:990,255,0,0
BRDA:990,256,0,0
BRDA:990,256,1,0
BRDA:1001,257,0,0
BRDA:1001,257,1,0
BRDA:1001,258,0,0
BRDA:1001,258,1,0
BRDA:1007,259,0,0
BRDA:1009,260,0,0
BRDA:1009,260,1,0
BRDA:1009,260,2,0
BRDA:1011,261,0,0
BRDA:1011,262,0,0
BRDA:1011,262,1,0
BRDA:1012,263,0,0
BRDA:1012,263,1,0
BRDA:1012,263,2,0
BRDA:1013,264,0,0
BRDA:1025,265,0,0
BRDA:1025,266,0,0
BRDA:1025,266,1,0
BRDA:1027,267,0,0
BRDA:1027,267,1,0
BRDA:1027,267,2,0
BRDA:1028,268,0,0
BRDA:1028,268,1,0
BRDA:1029,269,0,0
BRDA:1029,270,0,0
BRDA:1029,270,1,0
BRDA:1031,271,0,0
BRDA:1031,271,1,0
BRDA:1031,272,0,0
BRDA:1031,272,1,0
BRDA:1032,273,0,0
BRDA:1032,273,1,0
BRDA:1034,274,0,0
BRDA:1035,275,0,0
BRDA:1035,275,1,0
BRDA:1036,276,0,0
BRDA:1036,276,1,0
BRDA:1036,276,2,0
BRDA:1037,277,0,0
BRDA:1037,277,1,0
BRDA:1038,278,0,0
BRDA:1049,279,0,0
BRDA:1049,279,1,0
BRDA:1049,280,0,0
BRDA:1049,280,1,0
BRDA:1052,281,0,0
BRDA:1064,282,0,0
BRDA:1064,283,0,0
BRDA:1064,283,1,0
BRDA:1066,284,0,0
BRDA:1066,284,1,0
BRDA:1066,284,2,0
BRDA:1067,285,0,0
BRDA:1067,285,1,0
BRDA:1068,286,0,0
BRDA:1068,286,1,0
BRDA:1072,287,0,0
BRDA:1072,287,1,0
BRDA:1072,287,2,0
BRDA:1073,288,0,0
BRDA:1073,288,1,0
BRDA:1074,289,0,0
BRDA:1074,290,0,0
BRDA:1074,290,1,0
BRDA:1075,291,0,0
BRDA:1075,291,1,0
BRDA:1079,292,0,0
BRDA:1079,292,1,0
BRDA:1080,293,0,0
BRDA:1081,294,0,0
BRDA:1081,294,1,0
BRDA:1081,294,2,0
BRDA:1081,294,3,0
BRDA:1081,294,4,0
BRDA:1081,294,5,0
BRDA:1083,295,0,0
BRDA:1083,295,1,0
BRDA:1083,295,2,0
BRDA:1083,296,0,0
BRDA:1083,296,1,0
BRDA:1083,296,2,0
BRDA:1089,297,0,0
BRDA:1089,297,1,0
BRDA:1089,297,2,0
BRDA:1089,298,0,0
BRDA:1089,298,1,0
BRDA:1089,298,2,0
BRDA:1092,299,0,0
BRDA:1092,299,1,0
BRDA:1092,299,2,0
BRDA:1092,300,0,0
BRDA:1092,300,1,0
BRDA:1092,300,2,0
BRDA:1092,301,0,0
BRDA:1092,301,1,0
BRDA:1106,302,0,0
BRDA:1106,303,0,0
BRDA:1106,303,1,0
BRDA:1106,303,2,0
BRDA:1141,304,0,0
BRDA:1141,304,1,0
BRDA:1141,304,2,0
BRDA:1142,305,0,0
BRDA:1142,305,1,0
BRDA:1143,306,0,0
BRDA:1143,306,1,0
BRDA:1143,306,2,0
BRDA:1143,306,3,0
BRDA:1144,307,0,0
BRDA:1144,307,1,0
BRDA:1146,308,0,0
BRDA:1146,308,1,0
BRDA:1146,308,2,0
BRDA:1146,308,3,0
BRDA:1146,308,4,0
BRDA:1146,308,5,0
BRDA:1146,308,6,0
BRDA:1146,308,7,0
BRDA:1146,308,8,0
BRDA:1146,308,9,0
BRDA:1146,308,10,0
BRDA:1146,308,11,0
BRDA:1146,308,12,0
BRDA:1156,309,0,0
BRDA:1156,309,1,0
BRDA:1157,310,0,0
BRDA:1157,310,1,0
BRDA:1158,311,0,0
BRDA:1158,311,1,0
BRDA:1160,312,0,0
BRDA:1160,312,1,0
BRDA:1160,313,0,0
BRDA:1160,313,1,0
BRDA:1160,313,2,0
BRDA:1164,314,0,0
BRDA:1169,315,0,0
BRDA:1169,316,0,0
BRDA:1169,316,1,0
BRDA:1174,317,0,0
BRDA:1176,318,0,0
BRDA:1179,319,0,0
BRDA:1179,320,0,0
BRDA:1179,320,1,0
BRDA:1180,321,0,0
BRDA:1180,321,1,0
BRDA:1188,322,0,0
BRDA:1188,323,0,0
BRDA:1188,323,1,0
BRDA:1193,324,0,0
BRDA:1193,325,0,0
BRDA:1193,325,1,0
BRDA:1193,325,2,0
BRDA:1194,326,0,0
BRDA:1194,326,1,0
BRDA:1198,327,0,0
BRDA:1205,328,0,0
BRDA:1205,328,1,0
BRDA:1205,328,2,0
BRDA:1205,328,3,0
BRDA:1205,328,4,0
BRDA:1205,328,5,0
BRDA:1207,329,0,0
BRDA:1212,330,0,0
BRDA:1212,330,1,0
BRDA:1213,331,0,0
BRDA:1213,331,1,0
BRDA:1214,332,0,0
BRDA:1214,333,0,0
BRDA:1214,333,1,0
BRDA:1215,334,0,0
BRDA:1215,335,0,0
BRDA:1215,335,1,0
BRDA:1215,335,2,0
BRDA:1216,336,0,0
BRDA:1224,337,0,0
BRDA:1224,337,1,0
BRDA:1225,338,0,0
BRDA:1225,338,1,0
BRDA:1225,338,2,0
BRDA:1229,339,0,0
BRDA:1229,339,1,0
BRDA:1230,340,0,0
BRDA:1230,340,1,0
BRDA:1233,341,0,0
BRDA:1233,341,1,0
BRDA:1237,342,0,0
BRDA:1237,342,1,0
BRDA:1248,343,0,0
BRDA:1251,344,0,0
BRDA:1263,345,0,0
BRDA:1291,346,0,0
BRDA:1291,346,1,0
BRDA:1292,347,0,0
BRDA:1292,347,1,0
BRDA:1292,347,2,0
BRDA:1292,347,3,0
BRDA:1292,347,4,0
BRDA:1297,348,0,0
BRDA:1297,348,1,0
BRDA:1297,348,2,0
BRDA:1297,348,3,0
BRDA:1299,349,0,0
BRDA:1299,350,0,0
BRDA:1299,350,1,0
BRDA:1311,351,0,0
BRDA:1311,351,1,0
BRDA:1312,352,0,0
BRDA:1312,352,1,0
BRDA:1314,353,0,0
BRDA:1314,353,1,0
BRDA:1314,353,2,0
BRDA:1315,354,0,0
BRDA:1315,354,1,0
BRDA:1315,354,2,0
BRDA:1316,355,0,0
BRDA:1316,355,1,0
BRDA:1317,356,0,0
BRDA:1322,357,0,0
BRDA:1322,357,1,0
BRDA:1322,357,2,0
BRDA:1322,357,3,0
BRDA:1323,358,0,0
BRDA:1323,358,1,0
BRDA:1323,358,2,0
BRDA:1323,358,3,0
BRDA:1325,359,0,0
BRDA:1325,359,1,0
BRDA:1325,359,2,0
BRDA:1326,360,0,0
BRF:745
BRH:19
end_of_record
TN:
SF:src/services/license/LicenseManager.ts
FN:11,(anonymous_10)
FN:16,(anonymous_11)
FN:63,(anonymous_12)
FN:66,(anonymous_13)
FN:71,(anonymous_14)
FN:122,(anonymous_15)
FN:161,(anonymous_16)
FN:184,(anonymous_17)
FN:201,(anonymous_18)
FN:214,(anonymous_19)
FN:232,(anonymous_20)
FN:245,(anonymous_21)
FN:251,(anonymous_22)
FN:260,(anonymous_23)
FN:271,(anonymous_24)
FNF:15
FNH:12
FNDA:6,(anonymous_10)
FNDA:6,(anonymous_11)
FNDA:0,(anonymous_12)
FNDA:13,(anonymous_13)
FNDA:4,(anonymous_14)
FNDA:2,(anonymous_15)
FNDA:4,(anonymous_16)
FNDA:9,(anonymous_17)
FNDA:7,(anonymous_18)
FNDA:6,(anonymous_19)
FNDA:4,(anonymous_20)
FNDA:0,(anonymous_21)
FNDA:0,(anonymous_22)
FNDA:5,(anonymous_23)
FNDA:4,(anonymous_24)
DA:1,1
DA:2,1
DA:3,1
DA:4,1
DA:5,1
DA:10,1
DA:12,6
DA:18,6
DA:24,1
DA:26,1
DA:58,1
DA:60,1
DA:64,0
DA:67,13
DA:72,4
DA:73,4
DA:85,3
DA:88,3
DA:89,2
DA:90,2
DA:91,2
DA:92,2
DA:94,2
DA:95,2
DA:108,3
DA:109,1
DA:112,3
DA:114,1
DA:123,2
DA:124,2
DA:134,1
DA:136,1
DA:137,1
DA:138,0
DA:143,1
DA:144,1
DA:147,0
DA:149,1
DA:150,1
DA:151,1
DA:153,0
DA:162,4
DA:163,4
DA:164,4
DA:165,4
DA:168,4
DA:169,4
DA:170,4
DA:173,4
DA:174,3
DA:175,3
DA:177,1
DA:180,0
DA:185,9
DA:186,9
DA:187,9
DA:188,7
DA:190,7
DA:191,7
DA:193,0
DA:195,7
DA:197,0
DA:202,7
DA:203,6
DA:204,6
DA:205,6
DA:206,6
DA:207,4
DA:208,3
DA:209,3
DA:211,3
DA:215,6
DA:216,6
DA:217,5
DA:218,1
DA:219,1
DA:220,4
DA:221,4
DA:222,4
DA:223,4
DA:224,4
DA:225,4
DA:226,4
DA:227,4
DA:229,5
DA:234,4
DA:235,1
DA:238,3
DA:239,3
DA:240,2
DA:241,1
DA:242,1
DA:246,0
DA:247,0
DA:252,0
DA:253,0
DA:254,0
DA:255,0
DA:261,5
DA:262,5
DA:263,4
DA:264,4
DA:265,4
DA:266,3
DA:267,2
DA:268,1
DA:272,4
DA:284,4
DA:288,1
LF:109
LH:96
BRDA:12,0,0,6
BRDA:12,0,1,6
BRDA:12,0,2,6
BRDA:18,1,0,6
BRDA:18,1,1,6
BRDA:18,1,2,6
BRDA:77,2,0,4
BRDA:77,2,1,1
BRDA:78,3,0,4
BRDA:78,3,1,1
BRDA:88,4,0,2
BRDA:88,5,0,3
BRDA:88,5,1,3
BRDA:90,6,0,2
BRDA:92,7,0,2
BRDA:92,7,1,2
BRDA:92,7,2,0
BRDA:93,8,0,0
BRDA:93,8,1,0
BRDA:108,9,0,1
BRDA:108,10,0,3
BRDA:108,10,1,3
BRDA:108,10,2,1
BRDA:122,11,0,0
BRDA:136,12,0,1
BRDA:137,13,0,0
BRDA:150,14,0,1
BRDA:150,15,0,1
BRDA:150,15,1,1
BRDA:169,16,0,4
BRDA:173,17,0,3
BRDA:173,17,1,1
BRDA:187,18,0,2
BRDA:190,19,0,7
BRDA:190,19,1,0
BRDA:202,20,0,1
BRDA:206,21,0,2
BRDA:206,22,0,6
BRDA:206,22,1,4
BRDA:207,23,0,3
BRDA:207,24,0,4
BRDA:207,24,1,3
BRDA:209,25,0,1
BRDA:216,26,0,1
BRDA:217,27,0,1
BRDA:217,27,1,4
BRDA:220,28,0,4
BRDA:227,29,0,2
BRDA:227,29,1,2
BRDA:234,30,0,1
BRDA:239,31,0,1
BRDA:240,32,0,1
BRDA:241,33,0,1
BRDA:254,34,0,0
BRDA:261,35,0,0
BRDA:262,36,0,1
BRDA:263,37,0,4
BRDA:263,37,1,0
BRDA:265,38,0,1
BRDA:266,39,0,1
BRDA:267,40,0,1
BRDA:284,41,0,4
BRDA:284,41,1,0
BRF:63
BRH:53
end_of_record
TN:
SF:src/services/workflow/WorkflowEngineService.ts
FN:123,(anonymous_10)
FN:134,(anonymous_11)
FN:144,(anonymous_12)
FN:152,(anonymous_13)
FN:157,(anonymous_14)
FN:165,(anonymous_15)
FN:168,(anonymous_16)
FN:210,(anonymous_17)
FN:232,(anonymous_18)
FN:233,(anonymous_19)
FN:246,(anonymous_20)
FN:259,(anonymous_21)
FN:262,(anonymous_22)
FN:275,(anonymous_23)
FN:279,(anonymous_24)
FN:284,(anonymous_25)
FN:292,(anonymous_26)
FN:296,(anonymous_27)
FN:302,(anonymous_28)
FN:325,(anonymous_29)
FN:348,(anonymous_30)
FN:356,(anonymous_31)
FN:369,(anonymous_32)
FN:380,(anonymous_33)
FN:392,(anonymous_34)
FN:400,(anonymous_35)
FN:418,(anonymous_36)
FN:434,(anonymous_37)
FN:440,(anonymous_38)
FN:442,(anonymous_39)
FN:448,(anonymous_40)
FN:449,(anonymous_41)
FN:457,(anonymous_42)
FN:464,(anonymous_43)
FN:468,(anonymous_44)
FN:491,(anonymous_45)
FN:522,(anonymous_46)
FN:543,(anonymous_47)
FN:549,(anonymous_48)
FN:573,(anonymous_49)
FN:575,(anonymous_50)
FN:576,(anonymous_51)
FN:578,(anonymous_52)
FN:608,(anonymous_53)
FN:648,(anonymous_54)
FN:650,(anonymous_55)
FN:651,(anonymous_56)
FN:653,(anonymous_57)
FN:662,(anonymous_58)
FN:699,(anonymous_59)
FN:733,(anonymous_60)
FN:748,(anonymous_61)
FN:807,(anonymous_62)
FN:808,(anonymous_63)
FN:816,(anonymous_64)
FN:881,(anonymous_65)
FN:945,(anonymous_66)
FN:981,(anonymous_67)
FN:988,(anonymous_68)
FN:995,(anonymous_69)
FN:1038,(anonymous_70)
FN:1138,(anonymous_71)
FN:1164,(anonymous_72)
FN:1165,(anonymous_73)
FN:1174,(anonymous_74)
FN:1181,(anonymous_75)
FN:1201,(anonymous_76)
FN:1202,(anonymous_77)
FN:1211,(anonymous_78)
FN:1218,(anonymous_79)
FN:1220,(anonymous_80)
FN:1264,(anonymous_81)
FN:1326,(anonymous_82)
FN:1424,(anonymous_83)
FN:1516,(anonymous_84)
FN:1516,(anonymous_85)
FN:1518,(anonymous_86)
FN:1519,(anonymous_87)
FN:1573,(anonymous_88)
FN:1579,(anonymous_89)
FN:1614,(anonymous_90)
FN:1615,(anonymous_91)
FN:2057,(anonymous_92)
FN:2070,(anonymous_93)
FN:2078,(anonymous_94)
FN:2078,(anonymous_95)
FN:2092,(anonymous_96)
FN:2100,(anonymous_97)
FN:2101,(anonymous_98)
FN:2116,(anonymous_99)
FN:2133,(anonymous_100)
FN:2134,(anonymous_101)
FN:2147,(anonymous_102)
FN:2158,(anonymous_103)
FN:2184,(anonymous_104)
FN:2194,(anonymous_105)
FN:2216,(anonymous_106)
FN:2218,(anonymous_107)
FN:2228,(anonymous_108)
FN:2253,(anonymous_109)
FNF:100
FNH:29
FNDA:2,(anonymous_10)
FNDA:0,(anonymous_11)
FNDA:0,(anonymous_12)
FNDA:4,(anonymous_13)
FNDA:0,(anonymous_14)
FNDA:1,(anonymous_15)
FNDA:8,(anonymous_16)
FNDA:5,(anonymous_17)
FNDA:2,(anonymous_18)
FNDA:2,(anonymous_19)
FNDA:2,(anonymous_20)
FNDA:2,(anonymous_21)
FNDA:0,(anonymous_22)
FNDA:0,(anonymous_23)
FNDA:1,(anonymous_24)
FNDA:1,(anonymous_25)
FNDA:3,(anonymous_26)
FNDA:3,(anonymous_27)
FNDA:0,(anonymous_28)
FNDA:0,(anonymous_29)
FNDA:0,(anonymous_30)
FNDA:0,(anonymous_31)
FNDA:0,(anonymous_32)
FNDA:0,(anonymous_33)
FNDA:0,(anonymous_34)
FNDA:0,(anonymous_35)
FNDA:0,(anonymous_36)
FNDA:0,(anonymous_37)
FNDA:0,(anonymous_38)
FNDA:0,(anonymous_39)
FNDA:0,(anonymous_40)
FNDA:0,(anonymous_41)
FNDA:0,(anonymous_42)
FNDA:0,(anonymous_43)
FNDA:0,(anonymous_44)
FNDA:0,(anonymous_45)
FNDA:0,(anonymous_46)
FNDA:0,(anonymous_47)
FNDA:0,(anonymous_48)
FNDA:0,(anonymous_49)
FNDA:0,(anonymous_50)
FNDA:0,(anonymous_51)
FNDA:0,(anonymous_52)
FNDA:0,(anonymous_53)
FNDA:0,(anonymous_54)
FNDA:0,(anonymous_55)
FNDA:0,(anonymous_56)
FNDA:0,(anonymous_57)
FNDA:3,(anonymous_58)
FNDA:12,(anonymous_59)
FNDA:0,(anonymous_60)
FNDA:0,(anonymous_61)
FNDA:0,(anonymous_62)
FNDA:0,(anonymous_63)
FNDA:3,(anonymous_64)
FNDA:2,(anonymous_65)
FNDA:7,(anonymous_66)
FNDA:0,(anonymous_67)
FNDA:0,(anonymous_68)
FNDA:0,(anonymous_69)
FNDA:0,(anonymous_70)
FNDA:0,(anonymous_71)
FNDA:0,(anonymous_72)
FNDA:0,(anonymous_73)
FNDA:0,(anonymous_74)
FNDA:0,(anonymous_75)
FNDA:0,(anonymous_76)
FNDA:0,(anonymous_77)
FNDA:0,(anonymous_78)
FNDA:0,(anonymous_79)
FNDA:0,(anonymous_80)
FNDA:0,(anonymous_81)
FNDA:1,(anonymous_82)
FNDA:0,(anonymous_83)
FNDA:0,(anonymous_84)
FNDA:0,(anonymous_85)
FNDA:0,(anonymous_86)
FNDA:0,(anonymous_87)
FNDA:0,(anonymous_88)
FNDA:0,(anonymous_89)
FNDA:0,(anonymous_90)
FNDA:0,(anonymous_91)
FNDA:0,(anonymous_92)
FNDA:3,(anonymous_93)
FNDA:7,(anonymous_94)
FNDA:3,(anonymous_95)
FNDA:7,(anonymous_96)
FNDA:14,(anonymous_97)
FNDA:9,(anonymous_98)
FNDA:3,(anonymous_99)
FNDA:1,(anonymous_100)
FNDA:1,(anonymous_101)
FNDA:0,(anonymous_102)
FNDA:0,(anonymous_103)
FNDA:0,(anonymous_104)
FNDA:3,(anonymous_105)
FNDA:0,(anonymous_106)
FNDA:0,(anonymous_107)
FNDA:0,(anonymous_108)
FNDA:0,(anonymous_109)
DA:1,2
DA:2,2
DA:3,2
DA:4,2
DA:5,2
DA:6,2
DA:7,2
DA:8,2
DA:9,2
DA:10,2
DA:11,2
DA:12,2
DA:13,2
DA:14,2
DA:15,2
DA:125,2
DA:126,2
DA:129,2
DA:131,2
DA:132,2
DA:135,0
DA:136,0
DA:137,0
DA:138,0
DA:139,0
DA:141,0
DA:142,0
DA:143,0
DA:144,0
DA:146,0
DA:149,2
DA:150,2
DA:153,4
DA:154,4
DA:158,0
DA:159,0
DA:160,0
DA:161,0
DA:162,0
DA:166,1
DA:168,1
DA:169,8
DA:171,8
DA:172,8
DA:174,0
DA:175,0
DA:176,0
DA:179,8
DA:181,8
DA:182,1
DA:183,1
DA:184,1
DA:188,7
DA:189,7
DA:190,0
DA:191,0
DA:192,0
DA:195,7
DA:196,7
DA:198,7
DA:199,1
DA:200,1
DA:201,1
DA:204,6
DA:205,1
DA:206,1
DA:207,1
DA:210,5
DA:211,5
DA:212,1
DA:213,1
DA:214,1
DA:218,4
DA:219,4
DA:220,4
DA:221,4
DA:222,4
DA:224,4
DA:225,2
DA:226,2
DA:227,2
DA:231,2
DA:232,2
DA:233,2
DA:234,2
DA:235,2
DA:236,2
DA:237,2
DA:238,2
DA:240,0
DA:245,2
DA:246,2
DA:247,2
DA:250,2
DA:258,2
DA:260,2
DA:263,0
DA:266,2
DA:267,2
DA:269,0
DA:270,0
DA:275,1
DA:276,0
DA:279,1
DA:280,1
DA:285,1
DA:286,1
DA:287,1
DA:288,1
DA:293,3
DA:297,3
DA:303,0
DA:304,0
DA:305,0
DA:306,0
DA:307,0
DA:308,0
DA:318,0
DA:320,0
DA:326,0
DA:327,0
DA:328,0
DA:329,0
DA:330,0
DA:340,0
DA:341,0
DA:342,0
DA:344,0
DA:349,0
DA:350,0
DA:352,0
DA:357,0
DA:358,0
DA:359,0
DA:360,0
DA:361,0
DA:362,0
DA:370,0
DA:379,0
DA:380,0
DA:381,0
DA:384,0
DA:385,0
DA:386,0
DA:387,0
DA:388,0
DA:389,0
DA:390,0
DA:391,0
DA:393,0
DA:401,0
DA:405,0
DA:429,0
DA:435,0
DA:436,0
DA:441,0
DA:442,0
DA:443,0
DA:444,0
DA:445,0
DA:447,0
DA:448,0
DA:449,0
DA:450,0
DA:453,0
DA:454,0
DA:458,0
DA:459,0
DA:465,0
DA:466,0
DA:467,0
DA:468,0
DA:469,0
DA:471,0
DA:472,0
DA:475,0
DA:476,0
DA:477,0
DA:478,0
DA:479,0
DA:482,0
DA:483,0
DA:485,0
DA:488,0
DA:489,0
DA:491,0
DA:492,0
DA:493,0
DA:494,0
DA:496,0
DA:499,0
DA:500,0
DA:502,0
DA:503,0
DA:504,0
DA:505,0
DA:506,0
DA:507,0
DA:508,0
DA:511,0
DA:512,0
DA:513,0
DA:514,0
DA:515,0
DA:517,0
DA:519,0
DA:522,0
DA:523,0
DA:527,0
DA:530,0
DA:531,0
DA:532,0
DA:533,0
DA:534,0
DA:535,0
DA:539,0
DA:540,0
DA:543,0
DA:544,0
DA:550,0
DA:552,0
DA:556,0
DA:557,0
DA:559,0
DA:560,0
DA:561,0
DA:562,0
DA:564,0
DA:565,0
DA:566,0
DA:567,0
DA:569,0
DA:570,0
DA:571,0
DA:572,0
DA:573,0
DA:574,0
DA:575,0
DA:576,0
DA:577,0
DA:578,0
DA:579,0
DA:580,0
DA:585,0
DA:586,0
DA:587,0
DA:590,0
DA:591,0
DA:592,0
DA:593,0
DA:597,0
DA:599,0
DA:601,0
DA:602,0
DA:603,0
DA:606,0
DA:607,0
DA:608,0
DA:609,0
DA:610,0
DA:611,0
DA:613,0
DA:615,0
DA:618,0
DA:619,0
DA:620,0
DA:621,0
DA:626,0
DA:627,0
DA:629,0
DA:631,0
DA:633,0
DA:634,0
DA:635,0
DA:640,0
DA:642,0
DA:644,0
DA:646,0
DA:647,0
DA:648,0
DA:649,0
DA:650,0
DA:651,0
DA:652,0
DA:653,0
DA:657,0
DA:667,3
DA:668,0
DA:671,3
DA:672,3
DA:673,3
DA:676,3
DA:678,3
DA:689,3
DA:694,3
DA:695,3
DA:698,3
DA:699,12
DA:700,7
DA:701,7
DA:703,7
DA:704,0
DA:706,0
DA:713,0
DA:714,0
DA:717,7
DA:718,7
DA:720,7
DA:726,7
DA:727,7
DA:728,7
DA:731,7
DA:732,0
DA:733,0
DA:734,0
DA:735,0
DA:736,0
DA:738,0
DA:739,0
DA:740,0
DA:746,7
DA:747,0
DA:748,0
DA:749,0
DA:750,0
DA:751,0
DA:756,7
DA:758,7
DA:766,0
DA:767,0
DA:769,0
DA:775,0
DA:777,0
DA:779,0
DA:786,0
DA:787,0
DA:789,0
DA:790,0
DA:791,0
DA:796,3
DA:802,3
DA:803,3
DA:804,3
DA:808,0
DA:809,0
DA:810,0
DA:811,0
DA:817,3
DA:818,3
DA:822,0
DA:823,0
DA:825,0
DA:826,0
DA:829,0
DA:830,0
DA:831,0
DA:833,0
DA:834,0
DA:835,0
DA:837,0
DA:841,0
DA:842,0
DA:843,0
DA:844,0
DA:845,0
DA:846,0
DA:847,0
DA:848,0
DA:850,0
DA:866,3
DA:867,0
DA:868,0
DA:876,3
DA:877,2
DA:878,2
DA:879,2
DA:880,2
DA:881,2
DA:882,2
DA:894,1
DA:895,1
DA:896,1
DA:897,1
DA:898,1
DA:901,1
DA:902,1
DA:913,0
DA:914,0
DA:926,0
DA:927,0
DA:928,0
DA:940,0
DA:951,7
DA:963,3
DA:967,3
DA:968,3
DA:969,3
DA:973,3
DA:974,3
DA:975,0
DA:976,0
DA:977,0
DA:978,0
DA:979,0
DA:981,0
DA:982,0
DA:983,0
DA:984,0
DA:987,0
DA:988,0
DA:989,0
DA:990,0
DA:991,0
DA:992,0
DA:993,0
DA:994,0
DA:995,0
DA:996,0
DA:997,0
DA:998,0
DA:999,0
DA:1000,0
DA:1002,0
DA:1005,0
DA:1007,0
DA:1012,0
DA:1016,3
DA:1021,3
DA:1028,0
DA:1029,0
DA:1030,0
DA:1031,0
DA:1032,0
DA:1033,0
DA:1035,0
DA:1037,0
DA:1038,0
DA:1039,0
DA:1043,0
DA:1044,0
DA:1045,0
DA:1046,0
DA:1047,0
DA:1051,0
DA:1052,0
DA:1053,0
DA:1054,0
DA:1055,0
DA:1059,0
DA:1060,0
DA:1061,0
DA:1068,0
DA:1069,0
DA:1070,0
DA:1074,0
DA:1075,0
DA:1076,0
DA:1080,0
DA:1081,0
DA:1082,0
DA:1086,0
DA:1087,0
DA:1088,0
DA:1092,0
DA:1093,0
DA:1094,0
DA:1098,0
DA:1099,0
DA:1100,0
DA:1104,0
DA:1105,0
DA:1106,0
DA:1107,0
DA:1108,0
DA:1112,0
DA:1113,0
DA:1114,0
DA:1115,0
DA:1116,0
DA:1120,0
DA:1121,0
DA:1122,0
DA:1127,0
DA:1131,0
DA:1132,0
DA:1133,0
DA:1137,0
DA:1138,0
DA:1139,0
DA:1146,0
DA:1150,0
DA:1151,0
DA:1152,0
DA:1156,0
DA:1158,0
DA:1162,0
DA:1163,0
DA:1164,0
DA:1165,0
DA:1167,0
DA:1168,0
DA:1170,0
DA:1173,0
DA:1174,0
DA:1175,0
DA:1178,0
DA:1179,0
DA:1180,0
DA:1181,0
DA:1182,0
DA:1183,0
DA:1184,0
DA:1185,0
DA:1187,0
DA:1189,0
DA:1194,0
DA:1195,0
DA:1199,0
DA:1200,0
DA:1201,0
DA:1202,0
DA:1204,0
DA:1205,0
DA:1207,0
DA:1210,0
DA:1211,0
DA:1212,0
DA:1215,0
DA:1216,0
DA:1217,0
DA:1218,0
DA:1219,0
DA:1220,0
DA:1221,0
DA:1223,0
DA:1229,0
DA:1230,0
DA:1231,0
DA:1232,0
DA:1233,0
DA:1234,0
DA:1235,0
DA:1236,0
DA:1237,0
DA:1238,0
DA:1239,0
DA:1240,0
DA:1241,0
DA:1242,0
DA:1243,0
DA:1245,0
DA:1247,0
DA:1248,0
DA:1252,0
DA:1253,0
DA:1254,0
DA:1255,0
DA:1256,0
DA:1258,0
DA:1259,0
DA:1263,0
DA:1264,0
DA:1265,0
DA:1269,0
DA:1270,0
DA:1274,0
DA:1275,0
DA:1276,0
DA:1277,0
DA:1278,0
DA:1279,0
DA:1280,0
DA:1281,0
DA:1282,0
DA:1283,0
DA:1284,0
DA:1285,0
DA:1286,0
DA:1287,0
DA:1288,0
DA:1290,0
DA:1292,0
DA:1293,0
DA:1297,0
DA:1298,0
DA:1299,0
DA:1304,0
DA:1307,0
DA:1308,0
DA:1309,0
DA:1311,0
DA:1316,0
DA:1317,0
DA:1318,0
DA:1319,0
DA:1320,0
DA:1321,0
DA:1322,0
DA:1326,1
DA:1327,1
DA:1328,1
DA:1333,0
DA:1334,0
DA:1335,0
DA:1336,0
DA:1337,0
DA:1338,0
DA:1339,0
DA:1347,0
DA:1351,0
DA:1352,0
DA:1353,0
DA:1354,0
DA:1355,0
DA:1356,0
DA:1361,0
DA:1362,0
DA:1366,0
DA:1368,0
DA:1369,0
DA:1370,0
DA:1372,0
DA:1374,0
DA:1381,0
DA:1389,0
DA:1390,0
DA:1394,0
DA:1395,0
DA:1399,0
DA:1400,0
DA:1404,0
DA:1405,0
DA:1409,0
DA:1410,0
DA:1416,0
DA:1422,0
DA:1423,0
DA:1424,0
DA:1425,0
DA:1428,0
DA:1429,0
DA:1430,0
DA:1432,0
DA:1433,0
DA:1434,0
DA:1435,0
DA:1436,0
DA:1437,0
DA:1438,0
DA:1439,0
DA:1445,0
DA:1446,0
DA:1447,0
DA:1449,0
DA:1453,0
DA:1454,0
DA:1457,0
DA:1458,0
DA:1459,0
DA:1460,0
DA:1461,0
DA:1462,0
DA:1463,0
DA:1465,0
DA:1467,0
DA:1468,0
DA:1469,0
DA:1470,0
DA:1472,0
DA:1475,0
DA:1478,0
DA:1480,0
DA:1490,0
DA:1492,0
DA:1493,0
DA:1494,0
DA:1495,0
DA:1497,0
DA:1499,0
DA:1500,0
DA:1511,0
DA:1512,0
DA:1513,0
DA:1514,0
DA:1516,0
DA:1517,0
DA:1518,0
DA:1519,0
DA:1520,0
DA:1537,0
DA:1538,0
DA:1539,0
DA:1542,0
DA:1543,0
DA:1546,0
DA:1562,0
DA:1563,0
DA:1572,0
DA:1573,0
DA:1574,0
DA:1577,0
DA:1578,0
DA:1579,0
DA:1580,0
DA:1584,0
DA:1585,0
DA:1586,0
DA:1588,0
DA:1592,0
DA:1593,0
DA:1594,0
DA:1599,0
DA:1600,0
DA:1601,0
DA:1609,0
DA:1610,0
DA:1611,0
DA:1613,0
DA:1614,0
DA:1615,0
DA:1616,0
DA:1633,0
DA:1634,0
DA:1637,0
DA:1638,0
DA:1641,0
DA:1652,0
DA:1653,0
DA:1659,0
DA:1663,0
DA:1664,0
DA:1669,0
DA:1677,0
DA:1681,0
DA:1682,0
DA:1683,0
DA:1688,0
DA:1689,0
DA:1696,0
DA:1702,0
DA:1707,0
DA:1708,0
DA:1709,0
DA:1713,0
DA:1715,0
DA:1727,0
DA:1736,0
DA:1740,0
DA:1743,0
DA:1744,0
DA:1748,0
DA:1752,0
DA:1753,0
DA:1757,0
DA:1758,0
DA:1759,0
DA:1761,0
DA:1762,0
DA:1763,0
DA:1764,0
DA:1768,0
DA:1776,0
DA:1777,0
DA:1780,0
DA:1783,0
DA:1788,0
DA:1789,0
DA:1792,0
DA:1793,0
DA:1794,0
DA:1797,0
DA:1798,0
DA:1799,0
DA:1800,0
DA:1803,0
DA:1806,0
DA:1811,0
DA:1812,0
DA:1815,0
DA:1816,0
DA:1817,0
DA:1820,0
DA:1821,0
DA:1822,0
DA:1823,0
DA:1826,0
DA:1829,0
DA:1834,0
DA:1835,0
DA:1838,0
DA:1839,0
DA:1840,0
DA:1843,0
DA:1844,0
DA:1845,0
DA:1846,0
DA:1849,0
DA:1852,0
DA:1857,0
DA:1858,0
DA:1861,0
DA:1862,0
DA:1863,0
DA:1866,0
DA:1867,0
DA:1868,0
DA:1869,0
DA:1872,0
DA:1875,0
DA:1880,0
DA:1881,0
DA:1884,0
DA:1885,0
DA:1886,0
DA:1889,0
DA:1890,0
DA:1891,0
DA:1892,0
DA:1895,0
DA:1898,0
DA:1903,0
DA:1904,0
DA:1909,0
DA:1914,0
DA:1915,0
DA:1916,0
DA:1918,0
DA:1929,0
DA:1932,0
DA:1936,0
DA:1939,0
DA:1940,0
DA:1949,0
DA:1950,0
DA:1954,0
DA:1957,0
DA:1961,0
DA:1964,0
DA:1968,0
DA:1972,0
DA:1977,0
DA:1978,0
DA:1979,0
DA:1981,0
DA:1982,0
DA:1986,0
DA:1989,0
DA:1990,0
DA:1999,0
DA:2002,0
DA:2003,0
DA:2004,0
DA:2005,0
DA:2006,0
DA:2007,0
DA:2008,0
DA:2012,0
DA:2013,0
DA:2014,0
DA:2015,0
DA:2016,0
DA:2017,0
DA:2018,0
DA:2022,0
DA:2023,0
DA:2024,0
DA:2025,0
DA:2026,0
DA:2027,0
DA:2028,0
DA:2029,0
DA:2030,0
DA:2036,0
DA:2037,0
DA:2038,0
DA:2039,0
DA:2044,0
DA:2045,0
DA:2047,0
DA:2049,0
DA:2050,0
DA:2059,0
DA:2060,0
DA:2062,0
DA:2063,0
DA:2066,0
DA:2067,0
DA:2071,3
DA:2072,3
DA:2073,7
DA:2074,3
DA:2075,4
DA:2076,4
DA:2078,7
DA:2079,3
DA:2080,3
DA:2081,7
DA:2082,7
DA:2083,7
DA:2084,4
DA:2085,4
DA:2086,4
DA:2089,3
DA:2093,7
DA:2094,7
DA:2095,14
DA:2097,7
DA:2101,14
DA:2102,9
DA:2103,9
DA:2104,1
DA:2105,1
DA:2106,1
DA:2107,1
DA:2108,1
DA:2109,1
DA:2110,1
DA:2111,1
DA:2112,1
DA:2113,1
DA:2115,1
DA:2116,3
DA:2117,2
DA:2118,2
DA:2119,1
DA:2121,1
DA:2122,1
DA:2124,1
DA:2129,0
DA:2134,1
DA:2135,1
DA:2136,1
DA:2137,0
DA:2138,0
DA:2139,0
DA:2140,0
DA:2142,1
DA:2148,0
DA:2149,0
DA:2150,0
DA:2151,0
DA:2153,0
DA:2161,0
DA:2162,0
DA:2164,0
DA:2165,0
DA:2166,0
DA:2167,0
DA:2169,0
DA:2170,0
DA:2174,0
DA:2175,0
DA:2181,0
DA:2185,0
DA:2195,3
DA:2196,3
DA:2197,3
DA:2199,0
DA:2201,0
DA:2202,0
DA:2205,0
DA:2206,0
DA:2207,0
DA:2208,0
DA:2209,0
DA:2213,0
DA:2217,0
DA:2218,0
DA:2219,0
DA:2229,0
DA:2230,0
DA:2233,0
DA:2234,0
DA:2235,0
DA:2236,0
DA:2237,0
DA:2238,0
DA:2241,0
DA:2243,0
DA:2250,0
DA:2251,0
DA:2253,0
DA:2254,0
DA:2255,0
DA:2258,0
DA:2262,2
LF:986
LH:191
BRDA:135,0,0,0
BRDA:135,0,1,0
BRDA:137,1,0,0
BRDA:137,1,1,0
BRDA:141,2,0,0
BRDA:153,3,0,2
BRDA:166,4,0,0
BRDA:169,5,0,8
BRDA:169,5,1,0
BRDA:172,6,0,8
BRDA:172,6,1,0
BRDA:181,7,0,1
BRDA:189,8,0,0
BRDA:189,9,0,7
BRDA:189,9,1,7
BRDA:198,10,0,1
BRDA:204,11,0,1
BRDA:211,12,0,1
BRDA:219,13,0,4
BRDA:220,14,0,4
BRDA:220,14,1,2
BRDA:221,15,0,4
BRDA:221,15,1,3
BRDA:222,16,0,4
BRDA:222,16,1,2
BRDA:224,17,0,2
BRDA:236,18,0,2
BRDA:254,19,0,2
BRDA:254,19,1,1
BRDA:254,19,2,1
BRDA:285,20,0,1
BRDA:293,21,0,0
BRDA:293,21,1,3
BRDA:307,22,0,0
BRDA:307,22,1,0
BRDA:307,22,2,0
BRDA:309,23,0,0
BRDA:309,23,1,0
BRDA:310,24,0,0
BRDA:310,24,1,0
BRDA:312,25,0,0
BRDA:312,25,1,0
BRDA:314,26,0,0
BRDA:314,26,1,0
BRDA:315,27,0,0
BRDA:315,27,1,0
BRDA:327,28,0,0
BRDA:329,29,0,0
BRDA:329,29,1,0
BRDA:329,29,2,0
BRDA:331,30,0,0
BRDA:331,30,1,0
BRDA:332,31,0,0
BRDA:332,31,1,0
BRDA:334,32,0,0
BRDA:334,32,1,0
BRDA:336,33,0,0
BRDA:336,33,1,0
BRDA:337,34,0,0
BRDA:337,34,1,0
BRDA:342,35,0,0
BRDA:342,36,0,0
BRDA:342,36,1,0
BRDA:359,37,0,0
BRDA:384,38,0,0
BRDA:386,39,0,0
BRDA:386,40,0,0
BRDA:386,40,1,0
BRDA:386,40,2,0
BRDA:390,41,0,0
BRDA:436,42,0,0
BRDA:436,43,0,0
BRDA:436,43,1,0
BRDA:441,44,0,0
BRDA:443,45,0,0
BRDA:444,46,0,0
BRDA:444,46,1,0
BRDA:445,47,0,0
BRDA:445,48,0,0
BRDA:445,48,1,0
BRDA:447,49,0,0
BRDA:447,49,1,0
BRDA:459,50,0,0
BRDA:466,51,0,0
BRDA:467,52,0,0
BRDA:469,53,0,0
BRDA:471,54,0,0
BRDA:471,55,0,0
BRDA:471,55,1,0
BRDA:471,55,2,0
BRDA:472,56,0,0
BRDA:475,57,0,0
BRDA:475,57,1,0
BRDA:476,58,0,0
BRDA:476,59,0,0
BRDA:476,59,1,0
BRDA:477,60,0,0
BRDA:477,60,1,0
BRDA:477,60,2,0
BRDA:478,61,0,0
BRDA:478,61,1,0
BRDA:478,61,2,0
BRDA:482,62,0,0
BRDA:489,63,0,0
BRDA:493,64,0,0
BRDA:493,64,1,0
BRDA:496,65,0,0
BRDA:500,66,0,0
BRDA:504,67,0,0
BRDA:504,67,1,0
BRDA:504,67,2,0
BRDA:505,68,0,0
BRDA:505,68,1,0
BRDA:506,69,0,0
BRDA:506,69,1,0
BRDA:506,69,2,0
BRDA:507,70,0,0
BRDA:507,70,1,0
BRDA:507,70,2,0
BRDA:507,71,0,0
BRDA:507,71,1,0
BRDA:508,72,0,0
BRDA:511,73,0,0
BRDA:511,73,1,0
BRDA:511,73,2,0
BRDA:512,74,0,0
BRDA:512,74,1,0
BRDA:514,75,0,0
BRDA:514,75,1,0
BRDA:514,76,0,0
BRDA:514,76,1,0
BRDA:530,77,0,0
BRDA:532,78,0,0
BRDA:552,79,0,0
BRDA:556,80,0,0
BRDA:556,80,1,0
BRDA:556,80,2,0
BRDA:557,81,0,0
BRDA:557,81,1,0
BRDA:559,82,0,0
BRDA:559,82,1,0
BRDA:560,83,0,0
BRDA:560,84,0,0
BRDA:560,84,1,0
BRDA:561,85,0,0
BRDA:561,86,0,0
BRDA:561,86,1,0
BRDA:562,87,0,0
BRDA:562,88,0,0
BRDA:562,88,1,0
BRDA:564,89,0,0
BRDA:564,90,0,0
BRDA:564,90,1,0
BRDA:564,91,0,0
BRDA:564,91,1,0
BRDA:564,91,2,0
BRDA:565,92,0,0
BRDA:565,93,0,0
BRDA:565,93,1,0
BRDA:565,94,0,0
BRDA:565,94,1,0
BRDA:566,95,0,0
BRDA:567,96,0,0
BRDA:567,97,0,0
BRDA:567,97,1,0
BRDA:569,98,0,0
BRDA:569,99,0,0
BRDA:569,99,1,0
BRDA:569,100,0,0
BRDA:569,100,1,0
BRDA:570,101,0,0
BRDA:571,102,0,0
BRDA:571,102,1,0
BRDA:571,102,2,0
BRDA:572,103,0,0
BRDA:572,103,1,0
BRDA:572,103,2,0
BRDA:572,104,0,0
BRDA:572,104,1,0
BRDA:574,105,0,0
BRDA:574,105,1,0
BRDA:575,106,0,0
BRDA:575,107,0,0
BRDA:575,107,1,0
BRDA:576,108,0,0
BRDA:576,109,0,0
BRDA:576,109,1,0
BRDA:577,110,0,0
BRDA:577,111,0,0
BRDA:577,111,1,0
BRDA:578,112,0,0
BRDA:578,113,0,0
BRDA:578,113,1,0
BRDA:579,114,0,0
BRDA:580,115,0,0
BRDA:585,116,0,0
BRDA:586,117,0,0
BRDA:586,118,0,0
BRDA:586,118,1,0
BRDA:587,119,0,0
BRDA:587,120,0,0
BRDA:587,120,1,0
BRDA:587,120,2,0
BRDA:590,121,0,0
BRDA:591,122,0,0
BRDA:591,123,0,0
BRDA:591,123,1,0
BRDA:592,124,0,0
BRDA:592,125,0,0
BRDA:592,125,1,0
BRDA:593,126,0,0
BRDA:593,127,0,0
BRDA:593,127,1,0
BRDA:593,127,2,0
BRDA:597,128,0,0
BRDA:599,129,0,0
BRDA:599,130,0,0
BRDA:599,130,1,0
BRDA:599,130,2,0
BRDA:601,131,0,0
BRDA:601,132,0,0
BRDA:601,132,1,0
BRDA:602,133,0,0
BRDA:602,133,1,0
BRDA:603,134,0,0
BRDA:606,135,0,0
BRDA:606,135,1,0
BRDA:606,136,0,0
BRDA:606,136,1,0
BRDA:607,137,0,0
BRDA:607,137,1,0
BRDA:609,138,0,0
BRDA:609,139,0,0
BRDA:609,139,1,0
BRDA:611,140,0,0
BRDA:611,140,1,0
BRDA:615,141,0,0
BRDA:618,142,0,0
BRDA:618,143,0,0
BRDA:618,143,1,0
BRDA:619,144,0,0
BRDA:621,145,0,0
BRDA:621,146,0,0
BRDA:621,146,1,0
BRDA:626,147,0,0
BRDA:627,148,0,0
BRDA:627,148,1,0
BRDA:629,149,0,0
BRDA:629,150,0,0
BRDA:629,150,1,0
BRDA:631,151,0,0
BRDA:631,152,0,0
BRDA:631,152,1,0
BRDA:631,153,0,0
BRDA:631,153,1,0
BRDA:631,153,2,0
BRDA:633,154,0,0
BRDA:634,155,0,0
BRDA:634,155,1,0
BRDA:634,155,2,0
BRDA:634,155,3,0
BRDA:635,156,0,0
BRDA:640,157,0,0
BRDA:642,158,0,0
BRDA:642,159,0,0
BRDA:642,159,1,0
BRDA:644,160,0,0
BRDA:644,161,0,0
BRDA:644,161,1,0
BRDA:646,162,0,0
BRDA:647,163,0,0
BRDA:647,163,1,0
BRDA:647,163,2,0
BRDA:649,164,0,0
BRDA:649,164,1,0
BRDA:650,165,0,0
BRDA:650,166,0,0
BRDA:650,166,1,0
BRDA:651,167,0,0
BRDA:651,168,0,0
BRDA:651,168,1,0
BRDA:652,169,0,0
BRDA:652,170,0,0
BRDA:652,170,1,0
BRDA:653,171,0,0
BRDA:653,172,0,0
BRDA:653,172,1,0
BRDA:665,173,0,0
BRDA:667,174,0,0
BRDA:682,175,0,3
BRDA:682,175,1,0
BRDA:682,175,2,0
BRDA:682,175,3,0
BRDA:700,176,0,0
BRDA:703,177,0,0
BRDA:731,178,0,0
BRDA:734,179,0,0
BRDA:734,180,0,0
BRDA:734,180,1,0
BRDA:738,181,0,0
BRDA:738,182,0,0
BRDA:738,182,1,0
BRDA:746,183,0,0
BRDA:749,184,0,0
BRDA:766,185,0,0
BRDA:786,186,0,0
BRDA:786,186,1,0
BRDA:790,187,0,0
BRDA:790,187,1,0
BRDA:809,188,0,0
BRDA:817,189,0,0
BRDA:818,190,0,0
BRDA:818,191,0,3
BRDA:818,191,1,3
BRDA:822,192,0,0
BRDA:822,192,1,0
BRDA:822,192,2,0
BRDA:823,193,0,0
BRDA:823,193,1,0
BRDA:825,194,0,0
BRDA:825,194,1,0
BRDA:825,194,2,0
BRDA:826,195,0,0
BRDA:826,195,1,0
BRDA:828,196,0,0
BRDA:828,196,1,0
BRDA:829,197,0,0
BRDA:829,197,1,0
BRDA:829,197,2,0
BRDA:830,198,0,0
BRDA:830,198,1,0
BRDA:830,198,2,0
BRDA:831,199,0,0
BRDA:831,199,1,0
BRDA:831,199,2,0
BRDA:831,200,0,0
BRDA:831,200,1,0
BRDA:833,201,0,0
BRDA:833,202,0,0
BRDA:833,202,1,0
BRDA:833,202,2,0
BRDA:834,203,0,0
BRDA:834,203,1,0
BRDA:834,204,0,0
BRDA:834,204,1,0
BRDA:835,205,0,0
BRDA:835,205,1,0
BRDA:835,205,2,0
BRDA:837,206,0,0
BRDA:837,206,1,0
BRDA:842,207,0,0
BRDA:842,208,0,0
BRDA:842,208,1,0
BRDA:844,209,0,0
BRDA:845,210,0,0
BRDA:845,210,1,0
BRDA:845,210,2,0
BRDA:846,211,0,0
BRDA:847,212,0,0
BRDA:847,212,1,0
BRDA:847,212,2,0
BRDA:847,212,3,0
BRDA:848,213,0,0
BRDA:848,214,0,0
BRDA:848,214,1,0
BRDA:851,215,0,0
BRDA:851,215,1,0
BRDA:851,215,2,0
BRDA:851,215,3,0
BRDA:852,216,0,0
BRDA:852,216,1,0
BRDA:852,216,2,0
BRDA:852,216,3,0
BRDA:853,217,0,0
BRDA:853,217,1,0
BRDA:853,217,2,0
BRDA:856,218,0,0
BRDA:856,218,1,0
BRDA:856,218,2,0
BRDA:856,218,3,0
BRDA:859,219,0,0
BRDA:859,219,1,0
BRDA:859,219,2,0
BRDA:860,220,0,0
BRDA:860,220,1,0
BRDA:860,220,2,0
BRDA:860,220,3,0
BRDA:861,221,0,0
BRDA:861,221,1,0
BRDA:861,221,2,0
BRDA:861,221,3,0
BRDA:862,222,0,0
BRDA:862,222,1,0
BRDA:863,223,0,0
BRDA:863,223,1,0
BRDA:866,224,0,0
BRDA:866,225,0,3
BRDA:866,225,1,3
BRDA:867,226,0,0
BRDA:867,226,1,0
BRDA:867,226,2,0
BRDA:869,227,0,0
BRDA:869,227,1,0
BRDA:869,227,2,0
BRDA:869,227,3,0
BRDA:870,228,0,0
BRDA:870,228,1,0
BRDA:870,228,2,0
BRDA:870,228,3,0
BRDA:871,229,0,0
BRDA:871,229,1,0
BRDA:871,229,2,0
BRDA:871,229,3,0
BRDA:872,230,0,0
BRDA:872,230,1,0
BRDA:872,230,2,0
BRDA:872,230,3,0
BRDA:873,231,0,0
BRDA:873,231,1,0
BRDA:876,232,0,2
BRDA:876,233,0,3
BRDA:876,233,1,1
BRDA:877,234,0,2
BRDA:877,234,1,0
BRDA:878,235,0,2
BRDA:878,235,1,1
BRDA:878,235,2,0
BRDA:878,235,3,0
BRDA:879,236,0,2
BRDA:879,236,1,0
BRDA:879,236,2,0
BRDA:880,237,0,2
BRDA:880,237,1,0
BRDA:880,237,2,0
BRDA:881,238,0,2
BRDA:881,238,1,0
BRDA:881,238,2,0
BRDA:881,238,3,0
BRDA:886,239,0,2
BRDA:886,239,1,0
BRDA:889,240,0,2
BRDA:889,240,1,0
BRDA:889,240,2,0
BRDA:890,241,0,2
BRDA:890,241,1,0
BRDA:891,242,0,2
BRDA:891,242,1,0
BRDA:894,243,0,1
BRDA:894,244,0,1
BRDA:894,244,1,0
BRDA:895,245,0,1
BRDA:895,245,1,0
BRDA:895,245,2,0
BRDA:895,245,3,0
BRDA:896,246,0,1
BRDA:896,246,1,0
BRDA:897,247,0,1
BRDA:897,247,1,0
BRDA:897,247,2,0
BRDA:898,248,0,0
BRDA:898,248,1,1
BRDA:900,249,0,1
BRDA:900,249,1,0
BRDA:901,250,0,1
BRDA:901,250,1,0
BRDA:901,250,2,0
BRDA:901,250,3,0
BRDA:901,250,4,0
BRDA:903,251,0,1
BRDA:903,251,1,0
BRDA:903,251,2,0
BRDA:903,251,3,0
BRDA:904,252,0,1
BRDA:904,252,1,1
BRDA:904,252,2,1
BRDA:904,252,3,1
BRDA:905,253,0,1
BRDA:905,253,1,0
BRDA:905,253,2,0
BRDA:905,253,3,0
BRDA:909,254,0,1
BRDA:909,254,1,1
BRDA:909,254,2,1
BRDA:909,254,3,0
BRDA:910,255,0,1
BRDA:910,255,1,0
BRDA:913,256,0,0
BRDA:915,257,0,0
BRDA:915,257,1,0
BRDA:916,258,0,0
BRDA:916,258,1,0
BRDA:917,259,0,0
BRDA:917,259,1,0
BRDA:918,260,0,0
BRDA:918,260,1,0
BRDA:919,261,0,0
BRDA:919,261,1,0
BRDA:920,262,0,0
BRDA:920,262,1,0
BRDA:921,263,0,0
BRDA:921,263,1,0
BRDA:922,264,0,0
BRDA:922,264,1,0
BRDA:923,265,0,0
BRDA:923,265,1,0
BRDA:926,266,0,0
BRDA:926,267,0,0
BRDA:926,267,1,0
BRDA:927,268,0,0
BRDA:927,268,1,0
BRDA:929,269,0,0
BRDA:929,269,1,0
BRDA:930,270,0,0
BRDA:930,270,1,0
BRDA:931,271,0,0
BRDA:931,271,1,0
BRDA:931,271,2,0
BRDA:932,272,0,0
BRDA:932,272,1,0
BRDA:932,272,2,0
BRDA:932,272,3,0
BRDA:933,273,0,0
BRDA:933,273,1,0
BRDA:933,273,2,0
BRDA:934,274,0,0
BRDA:934,274,1,0
BRDA:934,274,2,0
BRDA:935,275,0,0
BRDA:935,275,1,0
BRDA:935,275,2,0
BRDA:935,275,3,0
BRDA:936,276,0,0
BRDA:936,276,1,0
BRDA:936,276,2,0
BRDA:936,276,3,0
BRDA:951,277,0,0
BRDA:951,277,1,0
BRDA:951,277,2,2
BRDA:951,277,3,3
BRDA:951,277,4,3
BRDA:951,277,5,3
BRDA:951,277,6,3
BRDA:951,277,7,3
BRDA:951,277,8,3
BRDA:951,277,9,3
BRDA:951,277,10,0
BRDA:951,277,11,0
BRDA:951,277,12,0
BRDA:951,277,13,0
BRDA:951,277,14,0
BRDA:951,277,15,0
BRDA:951,277,16,0
BRDA:951,277,17,0
BRDA:951,277,18,0
BRDA:951,277,19,0
BRDA:951,277,20,0
BRDA:951,277,21,0
BRDA:951,277,22,0
BRDA:951,277,23,0
BRDA:951,277,24,0
BRDA:951,277,25,0
BRDA:951,277,26,0
BRDA:951,277,27,0
BRDA:951,277,28,0
BRDA:951,277,29,0
BRDA:951,277,30,0
BRDA:951,277,31,0
BRDA:951,277,32,0
BRDA:951,277,33,0
BRDA:951,277,34,0
BRDA:951,277,35,0
BRDA:951,277,36,0
BRDA:951,277,37,1
BRDA:951,277,38,0
BRDA:951,277,39,0
BRDA:951,277,40,0
BRDA:951,277,41,0
BRDA:951,277,42,0
BRDA:951,277,43,0
BRDA:951,277,44,0
BRDA:951,277,45,0
BRDA:951,277,46,0
BRDA:951,277,47,0
BRDA:951,277,48,0
BRDA:951,277,49,0
BRDA:951,277,50,0
BRDA:951,277,51,0
BRDA:951,277,52,0
BRDA:951,277,53,0
BRDA:951,277,54,0
BRDA:951,277,55,0
BRDA:951,277,56,0
BRDA:951,277,57,0
BRDA:951,277,58,0
BRDA:951,277,59,0
BRDA:951,277,60,0
BRDA:951,277,61,0
BRDA:951,277,62,0
BRDA:951,277,63,0
BRDA:951,277,64,0
BRDA:951,277,65,0
BRDA:951,277,66,0
BRDA:951,277,67,0
BRDA:951,277,68,0
BRDA:951,277,69,0
BRDA:951,277,70,0
BRDA:951,277,71,0
BRDA:951,277,72,0
BRDA:951,277,73,0
BRDA:951,277,74,0
BRDA:951,277,75,0
BRDA:951,277,76,0
BRDA:951,277,77,0
BRDA:951,277,78,0
BRDA:951,277,79,0
BRDA:951,277,80,0
BRDA:951,277,81,0
BRDA:951,277,82,0
BRDA:951,277,83,0
BRDA:951,277,84,0
BRDA:951,277,85,0
BRDA:951,277,86,0
BRDA:951,277,87,0
BRDA:968,278,0,3
BRDA:968,278,1,0
BRDA:968,278,2,0
BRDA:968,278,3,0
BRDA:969,279,0,3
BRDA:969,279,1,0
BRDA:969,280,0,3
BRDA:969,280,1,0
BRDA:969,281,0,0
BRDA:969,281,1,0
BRDA:969,282,0,0
BRDA:969,282,1,0
BRDA:974,283,0,0
BRDA:979,284,0,0
BRDA:979,284,1,0
BRDA:979,285,0,0
BRDA:979,285,1,0
BRDA:981,286,0,0
BRDA:983,287,0,0
BRDA:983,287,1,0
BRDA:990,288,0,0
BRDA:990,288,1,0
BRDA:991,289,0,0
BRDA:992,290,0,0
BRDA:992,290,1,0
BRDA:994,291,0,0
BRDA:994,292,0,0
BRDA:994,292,1,0
BRDA:995,293,0,0
BRDA:995,294,0,0
BRDA:995,294,1,0
BRDA:1000,295,0,0
BRDA:1000,295,1,0
BRDA:1021,296,0,3
BRDA:1021,296,1,0
BRDA:1029,297,0,0
BRDA:1029,297,1,0
BRDA:1029,297,2,0
BRDA:1029,297,3,0
BRDA:1030,298,0,0
BRDA:1030,298,1,0
BRDA:1030,299,0,0
BRDA:1030,299,1,0
BRDA:1030,300,0,0
BRDA:1030,300,1,0
BRDA:1030,301,0,0
BRDA:1030,301,1,0
BRDA:1031,302,0,0
BRDA:1031,302,1,0
BRDA:1037,303,0,0
BRDA:1037,303,1,0
BRDA:1044,304,0,0
BRDA:1044,304,1,0
BRDA:1044,304,2,0
BRDA:1044,304,3,0
BRDA:1045,305,0,0
BRDA:1045,305,1,0
BRDA:1045,306,0,0
BRDA:1045,306,1,0
BRDA:1045,307,0,0
BRDA:1045,307,1,0
BRDA:1045,308,0,0
BRDA:1045,308,1,0
BRDA:1047,309,0,0
BRDA:1047,309,1,0
BRDA:1052,310,0,0
BRDA:1052,310,1,0
BRDA:1052,310,2,0
BRDA:1052,310,3,0
BRDA:1053,311,0,0
BRDA:1053,311,1,0
BRDA:1053,312,0,0
BRDA:1053,312,1,0
BRDA:1053,313,0,0
BRDA:1053,313,1,0
BRDA:1053,314,0,0
BRDA:1053,314,1,0
BRDA:1062,315,0,0
BRDA:1062,315,1,0
BRDA:1062,316,0,0
BRDA:1062,316,1,0
BRDA:1063,317,0,0
BRDA:1063,317,1,0
BRDA:1070,318,0,0
BRDA:1070,318,1,0
BRDA:1087,319,0,0
BRDA:1087,319,1,0
BRDA:1105,320,0,0
BRDA:1105,320,1,0
BRDA:1105,320,2,0
BRDA:1105,320,3,0
BRDA:1106,321,0,0
BRDA:1106,321,1,0
BRDA:1106,322,0,0
BRDA:1106,322,1,0
BRDA:1106,323,0,0
BRDA:1106,323,1,0
BRDA:1106,324,0,0
BRDA:1106,324,1,0
BRDA:1113,325,0,0
BRDA:1113,325,1,0
BRDA:1113,325,2,0
BRDA:1113,325,3,0
BRDA:1114,326,0,0
BRDA:1114,326,1,0
BRDA:1114,327,0,0
BRDA:1114,327,1,0
BRDA:1114,328,0,0
BRDA:1114,328,1,0
BRDA:1114,329,0,0
BRDA:1114,329,1,0
BRDA:1115,330,0,0
BRDA:1115,330,1,0
BRDA:1115,331,0,0
BRDA:1115,331,1,0
BRDA:1121,332,0,0
BRDA:1121,332,1,0
BRDA:1121,332,2,0
BRDA:1121,332,3,0
BRDA:1124,333,0,0
BRDA:1124,333,1,0
BRDA:1125,334,0,0
BRDA:1125,334,1,0
BRDA:1127,335,0,0
BRDA:1127,335,1,0
BRDA:1132,336,0,0
BRDA:1132,336,1,0
BRDA:1138,337,0,0
BRDA:1138,337,1,0
BRDA:1144,338,0,0
BRDA:1144,338,1,0
BRDA:1151,339,0,0
BRDA:1151,339,1,0
BRDA:1151,340,0,0
BRDA:1151,340,1,0
BRDA:1156,341,0,0
BRDA:1156,341,1,0
BRDA:1156,341,2,0
BRDA:1156,341,3,0
BRDA:1158,342,0,0
BRDA:1158,342,1,0
BRDA:1158,343,0,0
BRDA:1158,343,1,0
BRDA:1160,344,0,0
BRDA:1160,344,1,0
BRDA:1160,345,0,0
BRDA:1160,345,1,0
BRDA:1162,346,0,0
BRDA:1162,346,1,0
BRDA:1164,347,0,0
BRDA:1164,347,1,0
BRDA:1174,348,0,0
BRDA:1174,348,1,0
BRDA:1174,348,2,0
BRDA:1174,349,0,0
BRDA:1174,349,1,0
BRDA:1175,350,0,0
BRDA:1175,350,1,0
BRDA:1175,351,0,0
BRDA:1175,351,1,0
BRDA:1177,352,0,0
BRDA:1177,352,1,0
BRDA:1177,352,2,0
BRDA:1179,353,0,0
BRDA:1179,353,1,0
BRDA:1179,353,2,0
BRDA:1180,354,0,0
BRDA:1180,354,1,0
BRDA:1180,354,2,0
BRDA:1182,355,0,0
BRDA:1183,356,0,0
BRDA:1183,356,1,0
BRDA:1184,357,0,0
BRDA:1194,358,0,0
BRDA:1194,358,1,0
BRDA:1194,358,2,0
BRDA:1194,358,3,0
BRDA:1195,359,0,0
BRDA:1195,359,1,0
BRDA:1195,360,0,0
BRDA:1195,360,1,0
BRDA:1197,361,0,0
BRDA:1197,361,1,0
BRDA:1197,362,0,0
BRDA:1197,362,1,0
BRDA:1199,363,0,0
BRDA:1199,363,1,0
BRDA:1201,364,0,0
BRDA:1201,364,1,0
BRDA:1211,365,0,0
BRDA:1211,365,1,0
BRDA:1211,365,2,0
BRDA:1211,366,0,0
BRDA:1211,366,1,0
BRDA:1212,367,0,0
BRDA:1212,367,1,0
BRDA:1212,368,0,0
BRDA:1212,368,1,0
BRDA:1214,369,0,0
BRDA:1214,369,1,0
BRDA:1214,369,2,0
BRDA:1216,370,0,0
BRDA:1216,370,1,0
BRDA:1216,370,2,0
BRDA:1217,371,0,0
BRDA:1217,371,1,0
BRDA:1217,371,2,0
BRDA:1219,372,0,0
BRDA:1220,373,0,0
BRDA:1220,373,1,0
BRDA:1229,374,0,0
BRDA:1229,374,1,0
BRDA:1230,375,0,0
BRDA:1230,375,1,0
BRDA:1231,376,0,0
BRDA:1231,376,1,0
BRDA:1233,377,0,0
BRDA:1233,377,1,0
BRDA:1233,377,2,0
BRDA:1233,377,3,0
BRDA:1233,377,4,0
BRDA:1233,377,5,0
BRDA:1233,377,6,0
BRDA:1233,377,7,0
BRDA:1233,377,8,0
BRDA:1233,377,9,0
BRDA:1233,377,10,0
BRDA:1242,378,0,0
BRDA:1242,378,1,0
BRDA:1243,379,0,0
BRDA:1243,379,1,0
BRDA:1248,380,0,0
BRDA:1248,380,1,0
BRDA:1252,381,0,0
BRDA:1252,381,1,0
BRDA:1253,382,0,0
BRDA:1253,382,1,0
BRDA:1254,383,0,0
BRDA:1254,383,1,0
BRDA:1256,384,0,0
BRDA:1263,385,0,0
BRDA:1263,385,1,0
BRDA:1263,386,0,0
BRDA:1263,386,1,0
BRDA:1274,387,0,0
BRDA:1274,387,1,0
BRDA:1275,388,0,0
BRDA:1275,388,1,0
BRDA:1276,389,0,0
BRDA:1276,389,1,0
BRDA:1278,390,0,0
BRDA:1278,390,1,0
BRDA:1278,390,2,0
BRDA:1278,390,3,0
BRDA:1278,390,4,0
BRDA:1278,390,5,0
BRDA:1278,390,6,0
BRDA:1278,390,7,0
BRDA:1278,390,8,0
BRDA:1278,390,9,0
BRDA:1278,390,10,0
BRDA:1287,391,0,0
BRDA:1287,391,1,0
BRDA:1288,392,0,0
BRDA:1288,392,1,0
BRDA:1292,393,0,0
BRDA:1298,394,0,0
BRDA:1298,394,1,0
BRDA:1298,395,0,0
BRDA:1298,395,1,0
BRDA:1304,396,0,0
BRDA:1304,396,1,0
BRDA:1308,397,0,0
BRDA:1308,397,1,0
BRDA:1316,398,0,0
BRDA:1316,398,1,0
BRDA:1318,399,0,0
BRDA:1318,399,1,0
BRDA:1319,400,0,0
BRDA:1319,400,1,0
BRDA:1320,401,0,0
BRDA:1320,401,1,0
BRDA:1326,402,0,1
BRDA:1326,402,1,0
BRDA:1327,403,0,1
BRDA:1327,403,1,0
BRDA:1336,404,0,0
BRDA:1336,404,1,0
BRDA:1336,405,0,0
BRDA:1336,405,1,0
BRDA:1337,406,0,0
BRDA:1337,406,1,0
BRDA:1337,407,0,0
BRDA:1337,407,1,0
BRDA:1338,408,0,0
BRDA:1338,408,1,0
BRDA:1338,409,0,0
BRDA:1338,409,1,0
BRDA:1340,410,0,0
BRDA:1340,410,1,0
BRDA:1345,411,0,0
BRDA:1345,411,1,0
BRDA:1351,412,0,0
BRDA:1351,412,1,0
BRDA:1353,413,0,0
BRDA:1353,413,1,0
BRDA:1354,414,0,0
BRDA:1354,414,1,0
BRDA:1369,415,0,0
BRDA:1369,415,1,0
BRDA:1370,416,0,0
BRDA:1370,416,1,0
BRDA:1376,417,0,0
BRDA:1376,417,1,0
BRDA:1383,418,0,0
BRDA:1383,418,1,0
BRDA:1384,419,0,0
BRDA:1384,419,1,0
BRDA:1397,420,0,0
BRDA:1397,420,1,0
BRDA:1397,421,0,0
BRDA:1397,421,1,0
BRDA:1399,422,0,0
BRDA:1399,422,1,0
BRDA:1400,423,0,0
BRDA:1400,423,1,0
BRDA:1422,424,0,0
BRDA:1428,425,0,0
BRDA:1430,426,0,0
BRDA:1430,426,1,0
BRDA:1430,427,0,0
BRDA:1430,427,1,0
BRDA:1431,428,0,0
BRDA:1431,428,1,0
BRDA:1432,429,0,0
BRDA:1432,429,1,0
BRDA:1433,430,0,0
BRDA:1435,431,0,0
BRDA:1435,431,1,0
BRDA:1435,432,0,0
BRDA:1435,432,1,0
BRDA:1437,433,0,0
BRDA:1437,434,0,0
BRDA:1437,434,1,0
BRDA:1438,435,0,0
BRDA:1438,435,1,0
BRDA:1438,436,0,0
BRDA:1438,436,1,0
BRDA:1439,437,0,0
BRDA:1439,438,0,0
BRDA:1439,438,1,0
BRDA:1454,439,0,0
BRDA:1457,440,0,0
BRDA:1460,441,0,0
BRDA:1460,441,1,0
BRDA:1460,442,0,0
BRDA:1460,442,1,0
BRDA:1462,443,0,0
BRDA:1465,444,0,0
BRDA:1465,444,1,0
BRDA:1467,445,0,0
BRDA:1469,446,0,0
BRDA:1469,447,0,0
BRDA:1469,447,1,0
BRDA:1470,448,0,0
BRDA:1470,448,1,0
BRDA:1470,449,0,0
BRDA:1470,449,1,0
BRDA:1475,450,0,0
BRDA:1475,450,1,0
BRDA:1475,450,2,0
BRDA:1476,451,0,0
BRDA:1476,451,1,0
BRDA:1478,452,0,0
BRDA:1480,453,0,0
BRDA:1480,453,1,0
BRDA:1492,454,0,0
BRDA:1492,454,1,0
BRDA:1493,455,0,0
BRDA:1493,455,1,0
BRDA:1494,456,0,0
BRDA:1494,456,1,0
BRDA:1495,457,0,0
BRDA:1495,457,1,0
BRDA:1497,458,0,0
BRDA:1497,458,1,0
BRDA:1511,459,0,0
BRDA:1511,459,1,0
BRDA:1512,460,0,0
BRDA:1512,460,1,0
BRDA:1512,461,0,0
BRDA:1512,461,1,0
BRDA:1514,462,0,0
BRDA:1514,462,1,0
BRDA:1519,463,0,0
BRDA:1519,463,1,0
BRDA:1525,464,0,0
BRDA:1525,464,1,0
BRDA:1537,465,0,0
BRDA:1537,465,1,0
BRDA:1538,466,0,0
BRDA:1538,466,1,0
BRDA:1538,467,0,0
BRDA:1538,467,1,0
BRDA:1543,468,0,0
BRDA:1543,468,1,0
BRDA:1562,469,0,0
BRDA:1562,469,1,0
BRDA:1565,470,0,0
BRDA:1565,470,1,0
BRDA:1566,471,0,0
BRDA:1566,471,1,0
BRDA:1572,472,0,0
BRDA:1572,472,1,0
BRDA:1577,473,0,0
BRDA:1585,474,0,0
BRDA:1585,474,1,0
BRDA:1592,475,0,0
BRDA:1592,475,1,0
BRDA:1593,476,0,0
BRDA:1593,476,1,0
BRDA:1599,477,0,0
BRDA:1599,477,1,0
BRDA:1609,478,0,0
BRDA:1609,478,1,0
BRDA:1611,479,0,0
BRDA:1611,479,1,0
BRDA:1633,480,0,0
BRDA:1633,480,1,0
BRDA:1638,481,0,0
BRDA:1638,481,1,0
BRDA:1652,482,0,0
BRDA:1652,482,1,0
BRDA:1663,483,0,0
BRDA:1671,484,0,0
BRDA:1671,484,1,0
BRDA:1679,485,0,0
BRDA:1679,485,1,0
BRDA:1681,486,0,0
BRDA:1690,487,0,0
BRDA:1690,487,1,0
BRDA:1691,488,0,0
BRDA:1691,488,1,0
BRDA:1697,489,0,0
BRDA:1697,489,1,0
BRDA:1700,490,0,0
BRDA:1700,490,1,0
BRDA:1702,491,0,0
BRDA:1702,491,1,0
BRDA:1709,492,0,0
BRDA:1709,492,1,0
BRDA:1711,493,0,0
BRDA:1711,493,1,0
BRDA:1729,494,0,0
BRDA:1729,494,1,0
BRDA:1730,495,0,0
BRDA:1730,495,1,0
BRDA:1743,496,0,0
BRDA:1743,496,1,0
BRDA:1744,497,0,0
BRDA:1744,497,1,0
BRDA:1752,498,0,0
BRDA:1752,498,1,0
BRDA:1752,499,0,0
BRDA:1752,499,1,0
BRDA:1753,500,0,0
BRDA:1753,500,1,0
BRDA:1753,500,2,0
BRDA:1759,501,0,0
BRDA:1759,501,1,0
BRDA:1759,502,0,0
BRDA:1759,502,1,0
BRDA:1761,503,0,0
BRDA:1761,504,0,0
BRDA:1761,504,1,0
BRDA:1761,505,0,0
BRDA:1761,505,1,0
BRDA:1764,506,0,0
BRDA:1764,506,1,0
BRDA:1766,507,0,0
BRDA:1766,507,1,0
BRDA:1769,508,0,0
BRDA:1769,508,1,0
BRDA:1770,509,0,0
BRDA:1770,509,1,0
BRDA:1772,510,0,0
BRDA:1772,510,1,0
BRDA:1773,511,0,0
BRDA:1773,511,1,0
BRDA:1777,512,0,0
BRDA:1777,512,1,0
BRDA:1781,513,0,0
BRDA:1781,513,1,0
BRDA:1783,514,0,0
BRDA:1783,514,1,0
BRDA:1789,515,0,0
BRDA:1789,515,1,0
BRDA:1789,516,0,0
BRDA:1789,516,1,0
BRDA:1793,517,0,0
BRDA:1793,517,1,0
BRDA:1793,518,0,0
BRDA:1793,518,1,0
BRDA:1794,519,0,0
BRDA:1794,519,1,0
BRDA:1794,519,2,0
BRDA:1798,520,0,0
BRDA:1798,520,1,0
BRDA:1800,521,0,0
BRDA:1800,521,1,0
BRDA:1804,522,0,0
BRDA:1804,522,1,0
BRDA:1806,523,0,0
BRDA:1806,523,1,0
BRDA:1812,524,0,0
BRDA:1812,524,1,0
BRDA:1812,525,0,0
BRDA:1812,525,1,0
BRDA:1816,526,0,0
BRDA:1816,526,1,0
BRDA:1816,527,0,0
BRDA:1816,527,1,0
BRDA:1817,528,0,0
BRDA:1817,528,1,0
BRDA:1817,528,2,0
BRDA:1821,529,0,0
BRDA:1821,529,1,0
BRDA:1823,530,0,0
BRDA:1823,530,1,0
BRDA:1827,531,0,0
BRDA:1827,531,1,0
BRDA:1829,532,0,0
BRDA:1829,532,1,0
BRDA:1835,533,0,0
BRDA:1835,533,1,0
BRDA:1835,534,0,0
BRDA:1835,534,1,0
BRDA:1839,535,0,0
BRDA:1839,535,1,0
BRDA:1839,536,0,0
BRDA:1839,536,1,0
BRDA:1840,537,0,0
BRDA:1840,537,1,0
BRDA:1840,537,2,0
BRDA:1844,538,0,0
BRDA:1844,538,1,0
BRDA:1846,539,0,0
BRDA:1846,539,1,0
BRDA:1850,540,0,0
BRDA:1850,540,1,0
BRDA:1852,541,0,0
BRDA:1852,541,1,0
BRDA:1858,542,0,0
BRDA:1858,542,1,0
BRDA:1858,543,0,0
BRDA:1858,543,1,0
BRDA:1862,544,0,0
BRDA:1862,544,1,0
BRDA:1862,545,0,0
BRDA:1862,545,1,0
BRDA:1863,546,0,0
BRDA:1863,546,1,0
BRDA:1863,546,2,0
BRDA:1867,547,0,0
BRDA:1867,547,1,0
BRDA:1869,548,0,0
BRDA:1869,548,1,0
BRDA:1873,549,0,0
BRDA:1873,549,1,0
BRDA:1875,550,0,0
BRDA:1875,550,1,0
BRDA:1881,551,0,0
BRDA:1881,551,1,0
BRDA:1881,552,0,0
BRDA:1881,552,1,0
BRDA:1885,553,0,0
BRDA:1885,553,1,0
BRDA:1885,554,0,0
BRDA:1885,554,1,0
BRDA:1886,555,0,0
BRDA:1886,555,1,0
BRDA:1886,555,2,0
BRDA:1890,556,0,0
BRDA:1890,556,1,0
BRDA:1892,557,0,0
BRDA:1892,557,1,0
BRDA:1896,558,0,0
BRDA:1896,558,1,0
BRDA:1898,559,0,0
BRDA:1898,559,1,0
BRDA:1903,560,0,0
BRDA:1903,560,1,0
BRDA:1905,561,0,0
BRDA:1905,561,1,0
BRDA:1909,562,0,0
BRDA:1909,562,1,0
BRDA:1909,563,0,0
BRDA:1909,563,1,0
BRDA:1916,564,0,0
BRDA:1916,564,1,0
BRDA:1916,565,0,0
BRDA:1916,565,1,0
BRDA:1920,566,0,0
BRDA:1920,566,1,0
BRDA:1921,567,0,0
BRDA:1921,567,1,0
BRDA:1922,568,0,0
BRDA:1922,568,1,0
BRDA:1923,569,0,0
BRDA:1923,569,1,0
BRDA:1924,570,0,0
BRDA:1924,570,1,0
BRDA:1925,571,0,0
BRDA:1925,571,1,0
BRDA:1926,572,0,0
BRDA:1926,572,1,0
BRDA:1927,573,0,0
BRDA:1927,573,1,0
BRDA:1927,574,0,0
BRDA:1927,574,1,0
BRDA:1932,575,0,0
BRDA:1932,575,1,0
BRDA:1932,576,0,0
BRDA:1932,576,1,0
BRDA:1939,577,0,0
BRDA:1939,577,1,0
BRDA:1942,578,0,0
BRDA:1942,578,1,0
BRDA:1943,579,0,0
BRDA:1943,579,1,0
BRDA:1944,580,0,0
BRDA:1944,580,1,0
BRDA:1950,581,0,0
BRDA:1950,581,1,0
BRDA:1955,582,0,0
BRDA:1955,582,1,0
BRDA:1957,583,0,0
BRDA:1957,583,1,0
BRDA:1962,584,0,0
BRDA:1962,584,1,0
BRDA:1964,585,0,0
BRDA:1964,585,1,0
BRDA:1969,586,0,0
BRDA:1969,586,1,0
BRDA:1970,587,0,0
BRDA:1970,587,1,0
BRDA:1972,588,0,0
BRDA:1972,588,1,0
BRDA:1979,589,0,0
BRDA:1979,589,1,0
BRDA:1982,590,0,0
BRDA:1982,590,1,0
BRDA:1982,591,0,0
BRDA:1982,591,1,0
BRDA:1989,592,0,0
BRDA:1989,592,1,0
BRDA:1992,593,0,0
BRDA:1992,593,1,0
BRDA:1992,593,2,0
BRDA:1993,594,0,0
BRDA:1993,594,1,0
BRDA:2002,595,0,0
BRDA:2002,595,1,0
BRDA:2003,596,0,0
BRDA:2005,597,0,0
BRDA:2005,597,1,0
BRDA:2006,598,0,0
BRDA:2007,599,0,0
BRDA:2007,599,1,0
BRDA:2012,600,0,0
BRDA:2012,600,1,0
BRDA:2013,601,0,0
BRDA:2015,602,0,0
BRDA:2015,602,1,0
BRDA:2016,603,0,0
BRDA:2017,604,0,0
BRDA:2017,604,1,0
BRDA:2022,605,0,0
BRDA:2022,605,1,0
BRDA:2023,606,0,0
BRDA:2025,607,0,0
BRDA:2025,607,1,0
BRDA:2026,608,0,0
BRDA:2028,609,0,0
BRDA:2029,610,0,0
BRDA:2029,610,1,0
BRDA:2037,611,0,0
BRDA:2040,612,0,0
BRDA:2040,612,1,0
BRDA:2041,613,0,0
BRDA:2041,613,1,0
BRDA:2044,614,0,0
BRDA:2047,615,0,0
BRDA:2047,615,1,0
BRDA:2060,616,0,0
BRDA:2063,617,0,0
BRDA:2066,618,0,0
BRDA:2066,619,0,0
BRDA:2066,619,1,0
BRDA:2066,620,0,0
BRDA:2066,620,1,0
BRDA:2076,621,0,4
BRDA:2076,621,1,0
BRDA:2083,622,0,7
BRDA:2083,622,1,0
BRDA:2084,623,0,4
BRDA:2084,623,1,0
BRDA:2086,624,0,4
BRDA:2095,625,0,14
BRDA:2095,625,1,0
BRDA:2103,626,0,8
BRDA:2103,627,0,8
BRDA:2103,627,1,0
BRDA:2104,628,0,0
BRDA:2104,629,0,0
BRDA:2104,629,1,0
BRDA:2105,630,0,0
BRDA:2105,631,0,0
BRDA:2105,631,1,0
BRDA:2106,632,0,0
BRDA:2107,633,0,0
BRDA:2108,634,0,1
BRDA:2111,635,0,0
BRDA:2117,636,0,2
BRDA:2117,636,1,1
BRDA:2118,637,0,1
BRDA:2118,638,0,2
BRDA:2118,638,1,2
BRDA:2121,639,0,1
BRDA:2121,640,0,1
BRDA:2121,640,1,0
BRDA:2121,640,2,1
BRDA:2121,640,3,1
BRDA:2121,640,4,1
BRDA:2122,641,0,1
BRDA:2122,641,1,0
BRDA:2122,641,2,0
BRDA:2122,641,3,0
BRDA:2124,642,0,1
BRDA:2124,642,1,0
BRDA:2135,643,0,0
BRDA:2135,644,0,1
BRDA:2135,644,1,1
BRDA:2136,645,0,0
BRDA:2148,646,0,0
BRDA:2148,646,1,0
BRDA:2148,646,2,0
BRDA:2148,646,3,0
BRDA:2148,646,4,0
BRDA:2165,647,0,0
BRDA:2166,648,0,0
BRDA:2166,648,1,0
BRDA:2169,649,0,0
BRDA:2169,649,1,0
BRDA:2174,650,0,0
BRDA:2195,651,0,0
BRDA:2195,652,0,3
BRDA:2195,652,1,3
BRDA:2197,653,0,3
BRDA:2202,654,0,0
BRDA:2207,655,0,0
BRDA:2209,656,0,0
BRDA:2217,657,0,0
BRDA:2217,658,0,0
BRDA:2217,658,1,0
BRDA:2219,659,0,0
BRDA:2219,659,1,0
BRDA:2219,659,2,0
BRDA:2219,659,3,0
BRDA:2219,659,4,0
BRDA:2230,660,0,0
BRDA:2238,661,0,0
BRF:1395
BRH:99
end_of_record
TN:
SF:src/ui/components/layout/ChatRightPanel.tsx
FN:24,ChatRightPanel
FN:39,(anonymous_2)
FN:43,(anonymous_3)
FN:46,(anonymous_4)
FN:49,(anonymous_5)
FN:51,(anonymous_6)
FN:73,(anonymous_7)
FN:73,(anonymous_8)
FN:73,(anonymous_9)
FN:84,(anonymous_10)
FN:89,(anonymous_11)
FN:90,(anonymous_12)
FN:92,(anonymous_13)
FN:103,(anonymous_14)
FN:124,(anonymous_15)
FN:134,(anonymous_16)
FN:150,(anonymous_17)
FNF:17
FNH:1
FNDA:5,ChatRightPanel
FNDA:0,(anonymous_2)
FNDA:0,(anonymous_3)
FNDA:0,(anonymous_4)
FNDA:0,(anonymous_5)
FNDA:0,(anonymous_6)
FNDA:0,(anonymous_7)
FNDA:0,(anonymous_8)
FNDA:0,(anonymous_9)
FNDA:0,(anonymous_10)
FNDA:0,(anonymous_11)
FNDA:0,(anonymous_12)
FNDA:0,(anonymous_13)
FNDA:0,(anonymous_14)
FNDA:0,(anonymous_15)
FNDA:0,(anonymous_16)
FNDA:0,(anonymous_17)
DA:1,1
DA:3,1
DA:4,1
DA:5,1
DA:6,1
DA:8,1
DA:9,1
DA:10,1
DA:11,1
DA:12,1
DA:24,1
DA:30,5
DA:32,5
DA:33,5
DA:34,5
DA:35,5
DA:38,5
DA:39,1
DA:40,1
DA:41,1
DA:43,1
DA:44,0
DA:45,0
DA:46,0
DA:49,1
DA:50,0
DA:51,0
DA:53,0
DA:54,0
DA:55,0
DA:57,0
DA:58,0
DA:59,0
DA:60,0
DA:62,0
DA:63,0
DA:69,0
DA:70,0
DA:72,0
DA:73,0
DA:74,0
DA:75,0
DA:77,0
DA:81,1
DA:84,0
DA:89,0
DA:90,0
DA:92,0
DA:99,4
DA:100,1
DA:103,0
DA:122,3
DA:123,1
DA:124,1
DA:126,1
DA:127,1
DA:128,1
DA:129,1
DA:131,1
DA:134,0
DA:146,2
DA:147,1
DA:150,0
DA:157,1
LF:64
LH:36
BRDA:38,0,0,1
BRDA:38,1,0,5
BRDA:38,1,1,1
BRDA:38,1,2,1
BRDA:39,2,0,1
BRDA:39,2,1,1
BRDA:40,3,0,1
BRDA:40,3,1,0
BRDA:41,4,0,0
BRDA:54,5,0,0
BRDA:55,6,0,0
BRDA:55,7,0,0
BRDA:55,7,1,0
BRDA:60,8,0,0
BRDA:70,9,0,0
BRDA:75,10,0,0
BRDA:99,11,0,1
BRDA:99,12,0,4
BRDA:99,12,1,1
BRDA:122,13,0,1
BRDA:123,14,0,1
BRDA:123,14,1,0
BRDA:123,15,0,1
BRDA:123,15,1,1
BRDA:126,16,0,1
BRDA:126,16,1,1
BRDA:127,17,0,0
BRDA:127,17,1,1
BRDA:128,18,0,0
BRDA:128,18,1,1
BRDA:128,19,0,1
BRDA:128,19,1,0
BRDA:129,20,0,1
BRDA:129,20,1,1
BRDA:129,20,2,1
BRDA:146,21,0,1
BRF:36
BRH:23
end_of_record
TN:
SF:src/ui/hooks/useAppInit.ts
FN:24,useAppInit
FN:35,(anonymous_11)
FN:36,(anonymous_12)
FN:57,(anonymous_13)
FN:61,(anonymous_14)
FN:63,(anonymous_15)
FN:86,(anonymous_16)
FN:106,(anonymous_17)
FN:108,(anonymous_18)
FN:115,(anonymous_19)
FN:115,(anonymous_20)
FN:116,(anonymous_21)
FN:118,(anonymous_22)
FN:121,(anonymous_23)
FN:123,(anonymous_24)
FNF:15
FNH:7
FNDA:4,useAppInit
FNDA:4,(anonymous_11)
FNDA:4,(anonymous_12)
FNDA:0,(anonymous_13)
FNDA:2,(anonymous_14)
FNDA:0,(anonymous_15)
FNDA:0,(anonymous_16)
FNDA:4,(anonymous_17)
FNDA:1,(anonymous_18)
FNDA:0,(anonymous_19)
FNDA:0,(anonymous_20)
FNDA:0,(anonymous_21)
FNDA:0,(anonymous_22)
FNDA:4,(anonymous_23)
FNDA:0,(anonymous_24)
DA:1,1
DA:2,1
DA:3,1
DA:4,1
DA:5,1
DA:6,1
DA:7,1
DA:8,1
DA:9,1
DA:10,1
DA:15,1
DA:24,1
DA:29,4
DA:30,4
DA:31,4
DA:32,4
DA:35,4
DA:36,4
DA:37,4
DA:38,4
DA:39,4
DA:40,4
DA:42,4
DA:43,2
DA:44,2
DA:47,4
DA:48,4
DA:49,2
DA:52,4
DA:54,4
DA:55,2
DA:56,1
DA:57,1
DA:61,4
DA:62,4
DA:63,0
DA:64,0
DA:65,0
DA:66,0
DA:67,0
DA:68,0
DA:76,4
DA:77,4
DA:78,4
DA:79,4
DA:80,4
DA:81,2
DA:82,2
DA:83,2
DA:84,2
DA:85,2
DA:86,2
DA:87,2
DA:88,2
DA:89,2
DA:90,2
DA:91,2
DA:92,0
DA:97,0
DA:99,4
DA:102,4
DA:106,4
DA:107,4
DA:108,4
DA:109,4
DA:110,4
DA:111,4
DA:113,4
DA:114,4
DA:115,0
DA:116,0
DA:117,0
DA:121,4
DA:122,4
LF:74
LH:63
BRDA:39,0,0,4
BRDA:44,1,0,2
BRDA:55,2,0,1
BRDA:55,3,0,2
BRDA:55,3,1,2
BRDA:55,4,0,2
BRDA:55,4,1,0
BRDA:61,5,0,2
BRDA:61,5,1,0
BRDA:62,6,0,0
BRDA:67,7,0,0
BRDA:67,8,0,0
BRDA:67,8,1,0
BRDA:79,9,0,2
BRDA:80,10,0,2
BRDA:85,11,0,2
BRDA:85,11,1,0
BRDA:88,12,0,2
BRDA:90,13,0,2
BRDA:90,13,1,0
BRDA:91,14,0,0
BRDA:91,15,0,2
BRDA:91,15,1,1
BRDA:107,16,0,0
BRDA:107,17,0,4
BRDA:107,17,1,4
BRDA:109,18,0,4
BRDA:109,18,1,3
BRDA:110,19,0,0
BRDA:114,20,0,0
BRDA:114,20,1,4
BRDA:117,21,0,0
BRDA:122,22,0,4
BRF:33
BRH:20
end_of_record
TN:
SF:src/utils/ApiRetryHandler.ts
FN:23,isRetryableError
FN:44,getUserFriendlyErrorMessage
FN:70,executeWithRetry
FN:101,(anonymous_4)
FNF:4
FNH:4
FNDA:15,isRetryableError
FNDA:6,getUserFriendlyErrorMessage
FNDA:18,executeWithRetry
FNDA:9,(anonymous_4)
DA:1,1
DA:24,15
DA:27,15
DA:29,8
DA:33,7
DA:34,3
DA:38,4
DA:45,6
DA:47,6
DA:48,0
DA:51,6
DA:52,1
DA:55,5
DA:56,0
DA:59,5
DA:70,1
DA:79,18
DA:81,18
DA:83,18
DA:86,3
DA:92,15
DA:94,15
DA:97,15
DA:98,9
DA:101,9
DA:104,9
DA:111,6
DA:113,6
LF:28
LH:26
BRDA:24,0,0,15
BRDA:24,0,1,0
BRDA:24,0,2,0
BRDA:27,1,0,8
BRDA:27,2,0,15
BRDA:27,2,1,7
BRDA:33,3,0,3
BRDA:45,4,0,6
BRDA:45,4,1,0
BRDA:45,4,2,0
BRDA:47,5,0,0
BRDA:47,6,0,6
BRDA:47,6,1,1
BRDA:51,7,0,1
BRDA:51,8,0,6
BRDA:51,8,1,2
BRDA:55,9,0,0
BRDA:55,10,0,5
BRDA:55,10,1,1
BRDA:72,11,0,3
BRDA:75,12,0,7
BRDA:76,13,0,9
BRDA:78,14,0,7
BRDA:92,15,0,15
BRDA:92,15,1,0
BRDA:92,15,2,0
BRDA:97,16,0,9
BRDA:97,17,0,15
BRDA:97,17,1,13
BRF:29
BRH:21
end_of_record
TN:
SF:src/utils/AppModeManager.ts
FN:17,(anonymous_1)
FN:23,(anonymous_2)
FN:30,(anonymous_3)
FN:43,(anonymous_4)
FN:50,(anonymous_5)
FN:55,(anonymous_6)
FN:59,(anonymous_7)
FN:63,(anonymous_8)
FN:67,(anonymous_9)
FN:71,(anonymous_10)
FNF:10
FNH:10
FNDA:1,(anonymous_1)
FNDA:17,(anonymous_2)
FNDA:12,(anonymous_3)
FNDA:11,(anonymous_4)
FNDA:16,(anonymous_5)
FNDA:3,(anonymous_6)
FNDA:2,(anonymous_7)
FNDA:2,(anonymous_8)
FNDA:3,(anonymous_9)
FNDA:18,(anonymous_10)
DA:1,1
DA:2,1
DA:19,1
DA:20,1
DA:21,1
DA:24,17
DA:25,1
DA:27,17
DA:32,12
DA:35,1
DA:36,1
DA:37,1
DA:39,0
DA:44,11
DA:45,11
DA:46,11
DA:51,16
DA:52,16
DA:56,3
DA:60,2
DA:64,2
DA:68,3
DA:72,18
DA:76,1
LF:24
LH:23
BRDA:24,0,0,1
BRDA:32,1,0,11
BRF:2
BRH:2
end_of_record
TN:
SF:src/utils/Logger.ts
FN:11,(anonymous_0)
FN:17,(anonymous_1)
FN:28,(anonymous_2)
FN:37,(anonymous_3)
FN:46,(anonymous_4)
FN:54,(anonymous_5)
FN:68,(anonymous_6)
FN:78,(anonymous_7)
FN:86,(anonymous_8)
FN:96,(anonymous_9)
FN:106,(anonymous_10)
FNF:11
FNH:9
FNDA:17,(anonymous_0)
FNDA:17,(anonymous_1)
FNDA:6,(anonymous_2)
FNDA:4,(anonymous_3)
FNDA:3,(anonymous_4)
FNDA:0,(anonymous_5)
FNDA:2,(anonymous_6)
FNDA:3,(anonymous_7)
FNDA:2,(anonymous_8)
FNDA:0,(anonymous_9)
FNDA:1,(anonymous_10)
DA:9,17
DA:14,17
DA:18,17
DA:19,17
DA:21,17
DA:29,6
DA:30,6
DA:38,4
DA:39,4
DA:47,3
DA:58,0
DA:69,2
DA:70,1
DA:79,3
DA:87,2
DA:88,1
DA:97,0
DA:98,0
DA:107,1
DA:108,1
DA:113,17
LF:21
LH:18
BRDA:18,0,0,17
BRDA:60,1,0,0
BRDA:60,1,1,0
BRDA:69,2,0,1
BRDA:87,3,0,1
BRDA:97,4,0,0
BRDA:107,5,0,1
BRF:7
BRH:4
end_of_record
TN:
SF:src/utils/Utils.ts
FN:6,(anonymous_1)
FN:10,(anonymous_2)
FNF:2
FNH:2
FNDA:8,(anonymous_1)
FNDA:19,(anonymous_2)
DA:1,2
DA:2,2
DA:4,2
DA:6,2
DA:7,8
DA:10,2
DA:11,19
DA:12,19
LF:8
LH:8
BRDA:7,0,0,1
BRDA:7,0,1,7
BRDA:7,1,0,8
BRDA:7,1,1,3
BRF:4
BRH:4
end_of_record
TN:
SF:src/utils/profileUtils.ts
FN:35,extractUserProfile
FN:66,resolveProfileFromResponse
FNF:2
FNH:2
FNDA:19,extractUserProfile
FNDA:5,resolveProfileFromResponse
DA:35,3
DA:36,19
DA:37,2
DA:40,17
DA:41,17
DA:42,17
DA:43,17
DA:47,17
DA:50,17
DA:51,17
DA:53,2
DA:54,15
DA:55,1
DA:56,1
DA:59,17
DA:66,3
DA:67,5
DA:68,3
LF:18
LH:18
BRDA:36,0,0,2
BRDA:40,1,0,17
BRDA:40,1,1,16
BRDA:40,1,2,15
BRDA:40,1,3,14
BRDA:41,2,0,17
BRDA:41,2,1,16
BRDA:41,2,2,15
BRDA:42,3,0,17
BRDA:42,3,1,16
BRDA:42,3,2,15
BRDA:42,3,3,14
BRDA:43,4,0,17
BRDA:43,4,1,16
BRDA:43,4,2,15
BRDA:43,4,3,14
BRDA:47,5,0,2
BRDA:47,5,1,15
BRDA:47,6,0,17
BRDA:47,6,1,16
BRDA:51,7,0,2
BRDA:51,7,1,15
BRDA:51,8,0,17
BRDA:51,8,1,5
BRDA:51,8,2,5
BRDA:51,8,3,5
BRDA:51,8,4,4
BRDA:54,9,0,1
BRDA:54,10,0,15
BRDA:54,10,1,3
BRDA:54,10,2,2
BRDA:67,11,0,2
BRDA:68,12,0,3
BRDA:68,12,1,2
BRDA:68,12,2,1
BRF:35
BRH:35
end_of_record
